06-Nov-2022 00:17:19.798 심각 [main] org.apache.catalina.startup.Catalina.stopServer [localhost:8005] (base 포트 [8005] 그리고 offset [0])와(과) 연결할 수 없었습니다. Tomcat이 실행 중이지 않을 수 있습니다.
06-Nov-2022 00:17:19.804 심각 [main] org.apache.catalina.startup.Catalina.stopServer Catalina를 중지시키는 중 오류 발생
	java.net.ConnectException: Connection refused: connect
		at java.net.DualStackPlainSocketImpl.connect0(Native Method)
		at java.net.DualStackPlainSocketImpl.socketConnect(DualStackPlainSocketImpl.java:79)
		at java.net.AbstractPlainSocketImpl.doConnect(AbstractPlainSocketImpl.java:350)
		at java.net.AbstractPlainSocketImpl.connectToAddress(AbstractPlainSocketImpl.java:206)
		at java.net.AbstractPlainSocketImpl.connect(AbstractPlainSocketImpl.java:188)
		at java.net.PlainSocketImpl.connect(PlainSocketImpl.java:172)
		at java.net.SocksSocketImpl.connect(SocksSocketImpl.java:392)
		at java.net.Socket.connect(Socket.java:589)
		at java.net.Socket.connect(Socket.java:538)
		at java.net.Socket.<init>(Socket.java:434)
		at java.net.Socket.<init>(Socket.java:211)
		at org.apache.catalina.startup.Catalina.stopServer(Catalina.java:667)
		at sun.reflect.NativeMethodAccessorImpl.invoke0(Native Method)
		at sun.reflect.NativeMethodAccessorImpl.invoke(NativeMethodAccessorImpl.java:62)
		at sun.reflect.DelegatingMethodAccessorImpl.invoke(DelegatingMethodAccessorImpl.java:43)
		at java.lang.reflect.Method.invoke(Method.java:498)
		at org.apache.catalina.startup.Bootstrap.stopServer(Bootstrap.java:391)
		at org.apache.catalina.startup.Bootstrap.main(Bootstrap.java:481)
06-Nov-2022 00:17:21.109 경고 [main] org.apache.catalina.core.StandardContext.setPath 컨텍스트 경로는 반드시 빈 문자열이거나, 또는 '/'로 시작하고 '/'로 끝나지 않는 문자열이어야 합니다. 해당 경로 [/]은(는) 이 조건을 충족시키지 않아 [](으)로 변경되었습니다.
06-Nov-2022 00:17:21.140 정보 [main] org.apache.catalina.startup.VersionLoggerListener.log 서버 버전 이름:    Apache Tomcat/9.0.68
06-Nov-2022 00:17:21.141 정보 [main] org.apache.catalina.startup.VersionLoggerListener.log Server 빌드 시각:  Oct 3 2022 19:06:10 UTC
06-Nov-2022 00:17:21.141 정보 [main] org.apache.catalina.startup.VersionLoggerListener.log Server 버전 번호:  9.0.68.0
06-Nov-2022 00:17:21.141 정보 [main] org.apache.catalina.startup.VersionLoggerListener.log 운영체제 이름:     Windows 10
06-Nov-2022 00:17:21.142 정보 [main] org.apache.catalina.startup.VersionLoggerListener.log 운영체제 버전:     10.0
06-Nov-2022 00:17:21.142 정보 [main] org.apache.catalina.startup.VersionLoggerListener.log 아키텍처:          amd64
06-Nov-2022 00:17:21.142 정보 [main] org.apache.catalina.startup.VersionLoggerListener.log 자바 홈:           C:\Program Files\Java\jdk1.8.0_202\jre
06-Nov-2022 00:17:21.142 정보 [main] org.apache.catalina.startup.VersionLoggerListener.log JVM 버전:          1.8.0_202-b08
06-Nov-2022 00:17:21.143 정보 [main] org.apache.catalina.startup.VersionLoggerListener.log JVM 벤더:          Oracle Corporation
06-Nov-2022 00:17:21.143 정보 [main] org.apache.catalina.startup.VersionLoggerListener.log CATALINA_BASE:     E:\kakaoBankNumbering\NumberingServer
06-Nov-2022 00:17:21.143 정보 [main] org.apache.catalina.startup.VersionLoggerListener.log CATALINA_HOME:     E:\kakaoBankNumbering\NumberingServer
06-Nov-2022 00:17:21.144 정보 [main] org.apache.catalina.startup.VersionLoggerListener.log 명령 행 아규먼트:  -Djava.util.logging.config.file=../NumberingServer\conf\logging.properties
06-Nov-2022 00:17:21.145 정보 [main] org.apache.catalina.startup.VersionLoggerListener.log 명령 행 아규먼트:  -Djava.util.logging.manager=org.apache.juli.ClassLoaderLogManager
06-Nov-2022 00:17:21.145 정보 [main] org.apache.catalina.startup.VersionLoggerListener.log 명령 행 아규먼트:  -Djdk.tls.ephemeralDHKeySize=2048
06-Nov-2022 00:17:21.145 정보 [main] org.apache.catalina.startup.VersionLoggerListener.log 명령 행 아규먼트:  -Djava.protocol.handler.pkgs=org.apache.catalina.webresources
06-Nov-2022 00:17:21.146 정보 [main] org.apache.catalina.startup.VersionLoggerListener.log 명령 행 아규먼트:  -Djava.util.logging.manager=org.apache.juli.ClassLoaderLogManager
06-Nov-2022 00:17:21.147 정보 [main] org.apache.catalina.startup.VersionLoggerListener.log 명령 행 아규먼트:  -Dfile.encoding=utf-8
06-Nov-2022 00:17:21.148 정보 [main] org.apache.catalina.startup.VersionLoggerListener.log 명령 행 아규먼트:  -Dignore.endorsed.dirs=
06-Nov-2022 00:17:21.150 정보 [main] org.apache.catalina.startup.VersionLoggerListener.log 명령 행 아규먼트:  -Dcatalina.base=../NumberingServer
06-Nov-2022 00:17:21.151 정보 [main] org.apache.catalina.startup.VersionLoggerListener.log 명령 행 아규먼트:  -Dcatalina.home=../NumberingServer
06-Nov-2022 00:17:21.151 정보 [main] org.apache.catalina.startup.VersionLoggerListener.log 명령 행 아규먼트:  -Djava.io.tmpdir=../NumberingServer\temp
06-Nov-2022 00:17:21.212 정보 [main] org.apache.catalina.core.AprLifecycleListener.lifecycleEvent APR 버전 [1.7.0]을(를) 사용한, APR 기반 Apache Tomcat Native 라이브러리 [1.2.35]을(를) 로드했습니다.
06-Nov-2022 00:17:21.213 정보 [main] org.apache.catalina.core.AprLifecycleListener.lifecycleEvent APR 용량정보들: IPv6 [true], sendfile [true], accept filters [false], random [true], UDS [true].
06-Nov-2022 00:17:21.215 정보 [main] org.apache.catalina.core.AprLifecycleListener.lifecycleEvent APR/OpenSSL 설정: useAprConnector [false], useOpenSSL [true]
06-Nov-2022 00:17:21.290 정보 [main] org.apache.catalina.core.AprLifecycleListener.initializeSSL OpenSSL이 성공적으로 초기화되었습니다: [OpenSSL 1.1.1q  5 Jul 2022]
06-Nov-2022 00:17:21.682 정보 [main] org.apache.coyote.AbstractProtocol.init 프로토콜 핸들러 ["http-nio-8282"]을(를) 초기화합니다.
06-Nov-2022 00:17:21.710 정보 [main] org.apache.catalina.startup.Catalina.load [859] 밀리초 내에 서버가 초기화되었습니다.
06-Nov-2022 00:17:21.777 정보 [main] org.apache.catalina.core.StandardService.startInternal 서비스 [Catalina]을(를) 시작합니다.
06-Nov-2022 00:17:21.783 정보 [main] org.apache.catalina.core.StandardEngine.startInternal 서버 엔진을 시작합니다: [Apache Tomcat/9.0.68]
06-Nov-2022 00:17:22.477 경고 [main] org.apache.catalina.util.SessionIdGeneratorBase.createSecureRandom [SHA1PRNG] 알고리즘을 사용하여, 세션 ID를 생성하기 위한 SecureRandom 객체를 생성하는데, [329] 밀리초가 소요됐습니다.
06-Nov-2022 00:17:22.504 정보 [main] org.apache.catalina.startup.HostConfig.deployWAR 웹 애플리케이션 아카이브 [E:\kakaoBankNumbering\NumberingServer\webapps\numberingEngine.war]을(를) 배치합니다.
06-Nov-2022 00:17:22.564 정보 [main] org.apache.catalina.startup.HostConfig.deployWAR 웹 애플리케이션 아카이브 [E:\kakaoBankNumbering\NumberingServer\webapps\numberingEngine.war]의 배치가 [60] 밀리초에 완료되었습니다.
06-Nov-2022 00:17:22.565 정보 [main] org.apache.catalina.startup.HostConfig.deployDirectory 웹 애플리케이션 디렉토리 [E:\kakaoBankNumbering\NumberingServer\webapps\docs]을(를) 배치합니다.
06-Nov-2022 00:17:22.608 정보 [main] org.apache.catalina.startup.HostConfig.deployDirectory 웹 애플리케이션 디렉토리 [E:\kakaoBankNumbering\NumberingServer\webapps\docs]에 대한 배치가 [43] 밀리초에 완료되었습니다.
06-Nov-2022 00:17:22.609 정보 [main] org.apache.catalina.startup.HostConfig.deployDirectory 웹 애플리케이션 디렉토리 [E:\kakaoBankNumbering\NumberingServer\webapps\examples]을(를) 배치합니다.
06-Nov-2022 00:17:23.691 정보 [main] org.apache.catalina.startup.HostConfig.deployDirectory 웹 애플리케이션 디렉토리 [E:\kakaoBankNumbering\NumberingServer\webapps\examples]에 대한 배치가 [1,081] 밀리초에 완료되었습니다.
06-Nov-2022 00:17:23.691 정보 [main] org.apache.catalina.startup.HostConfig.deployDirectory 웹 애플리케이션 디렉토리 [E:\kakaoBankNumbering\NumberingServer\webapps\host-manager]을(를) 배치합니다.
06-Nov-2022 00:17:23.753 정보 [main] org.apache.catalina.startup.HostConfig.deployDirectory 웹 애플리케이션 디렉토리 [E:\kakaoBankNumbering\NumberingServer\webapps\host-manager]에 대한 배치가 [62] 밀리초에 완료되었습니다.
06-Nov-2022 00:17:23.754 정보 [main] org.apache.catalina.startup.HostConfig.deployDirectory 웹 애플리케이션 디렉토리 [E:\kakaoBankNumbering\NumberingServer\webapps\manager]을(를) 배치합니다.
06-Nov-2022 00:17:23.829 정보 [main] org.apache.catalina.startup.HostConfig.deployDirectory 웹 애플리케이션 디렉토리 [E:\kakaoBankNumbering\NumberingServer\webapps\manager]에 대한 배치가 [75] 밀리초에 완료되었습니다.
06-Nov-2022 00:17:23.881 정보 [main] org.apache.coyote.AbstractProtocol.start 프로토콜 핸들러 ["http-nio-8282"]을(를) 시작합니다.
06-Nov-2022 00:17:23.933 정보 [main] org.apache.catalina.startup.Catalina.start 서버가 [2221] 밀리초 내에 시작되었습니다.
06-Nov-2022 00:17:51.154 심각 [main] org.apache.catalina.startup.Catalina.stopServer [localhost:8005] (base 포트 [8005] 그리고 offset [0])와(과) 연결할 수 없었습니다. Tomcat이 실행 중이지 않을 수 있습니다.
06-Nov-2022 21:12:13.774 경고 [main] org.apache.catalina.core.StandardContext.setPath 컨텍스트 경로는 반드시 빈 문자열이거나, 또는 '/'로 시작하고 '/'로 끝나지 않는 문자열이어야 합니다. 해당 경로 [/]은(는) 이 조건을 충족시키지 않아 [](으)로 변경되었습니다.
06-Nov-2022 21:12:13.809 정보 [main] org.apache.catalina.startup.VersionLoggerListener.log 서버 버전 이름:    Apache Tomcat/9.0.68
06-Nov-2022 21:12:13.809 정보 [main] org.apache.catalina.startup.VersionLoggerListener.log Server 빌드 시각:  Oct 3 2022 19:06:10 UTC
06-Nov-2022 21:12:13.810 정보 [main] org.apache.catalina.startup.VersionLoggerListener.log Server 버전 번호:  9.0.68.0
06-Nov-2022 21:12:13.810 정보 [main] org.apache.catalina.startup.VersionLoggerListener.log 운영체제 이름:     Windows 10
06-Nov-2022 21:12:13.810 정보 [main] org.apache.catalina.startup.VersionLoggerListener.log 운영체제 버전:     10.0
06-Nov-2022 21:12:13.810 정보 [main] org.apache.catalina.startup.VersionLoggerListener.log 아키텍처:          amd64
06-Nov-2022 21:12:13.810 정보 [main] org.apache.catalina.startup.VersionLoggerListener.log 자바 홈:           C:\Program Files\Java\jdk1.8.0_202\jre
06-Nov-2022 21:12:13.811 정보 [main] org.apache.catalina.startup.VersionLoggerListener.log JVM 버전:          1.8.0_202-b08
06-Nov-2022 21:12:13.811 정보 [main] org.apache.catalina.startup.VersionLoggerListener.log JVM 벤더:          Oracle Corporation
06-Nov-2022 21:12:13.811 정보 [main] org.apache.catalina.startup.VersionLoggerListener.log CATALINA_BASE:     E:\kakaoBankNumbering\NumberingServer
06-Nov-2022 21:12:13.811 정보 [main] org.apache.catalina.startup.VersionLoggerListener.log CATALINA_HOME:     E:\kakaoBankNumbering\NumberingServer
06-Nov-2022 21:12:13.812 정보 [main] org.apache.catalina.startup.VersionLoggerListener.log 명령 행 아규먼트:  -Djava.util.logging.config.file=../NumberingServer\conf\logging.properties
06-Nov-2022 21:12:13.813 정보 [main] org.apache.catalina.startup.VersionLoggerListener.log 명령 행 아규먼트:  -Djava.util.logging.manager=org.apache.juli.ClassLoaderLogManager
06-Nov-2022 21:12:13.813 정보 [main] org.apache.catalina.startup.VersionLoggerListener.log 명령 행 아규먼트:  -Djdk.tls.ephemeralDHKeySize=2048
06-Nov-2022 21:12:13.813 정보 [main] org.apache.catalina.startup.VersionLoggerListener.log 명령 행 아규먼트:  -Djava.protocol.handler.pkgs=org.apache.catalina.webresources
06-Nov-2022 21:12:13.814 정보 [main] org.apache.catalina.startup.VersionLoggerListener.log 명령 행 아규먼트:  -Djava.util.logging.manager=org.apache.juli.ClassLoaderLogManager
06-Nov-2022 21:12:13.815 정보 [main] org.apache.catalina.startup.VersionLoggerListener.log 명령 행 아규먼트:  -Dfile.encoding=utf-8
06-Nov-2022 21:12:13.816 정보 [main] org.apache.catalina.startup.VersionLoggerListener.log 명령 행 아규먼트:  -Dignore.endorsed.dirs=
06-Nov-2022 21:12:13.817 정보 [main] org.apache.catalina.startup.VersionLoggerListener.log 명령 행 아규먼트:  -Dcatalina.base=../NumberingServer
06-Nov-2022 21:12:13.818 정보 [main] org.apache.catalina.startup.VersionLoggerListener.log 명령 행 아규먼트:  -Dcatalina.home=../NumberingServer
06-Nov-2022 21:12:13.819 정보 [main] org.apache.catalina.startup.VersionLoggerListener.log 명령 행 아규먼트:  -Djava.io.tmpdir=../NumberingServer\temp
06-Nov-2022 21:12:13.866 정보 [main] org.apache.catalina.core.AprLifecycleListener.lifecycleEvent APR 버전 [1.7.0]을(를) 사용한, APR 기반 Apache Tomcat Native 라이브러리 [1.2.35]을(를) 로드했습니다.
06-Nov-2022 21:12:13.866 정보 [main] org.apache.catalina.core.AprLifecycleListener.lifecycleEvent APR 용량정보들: IPv6 [true], sendfile [true], accept filters [false], random [true], UDS [true].
06-Nov-2022 21:12:13.869 정보 [main] org.apache.catalina.core.AprLifecycleListener.lifecycleEvent APR/OpenSSL 설정: useAprConnector [false], useOpenSSL [true]
06-Nov-2022 21:12:13.961 정보 [main] org.apache.catalina.core.AprLifecycleListener.initializeSSL OpenSSL이 성공적으로 초기화되었습니다: [OpenSSL 1.1.1q  5 Jul 2022]
06-Nov-2022 21:12:14.386 정보 [main] org.apache.coyote.AbstractProtocol.init 프로토콜 핸들러 ["http-nio-8282"]을(를) 초기화합니다.
06-Nov-2022 21:12:14.419 정보 [main] org.apache.catalina.startup.Catalina.load [928] 밀리초 내에 서버가 초기화되었습니다.
06-Nov-2022 21:12:14.493 정보 [main] org.apache.catalina.core.StandardService.startInternal 서비스 [Catalina]을(를) 시작합니다.
06-Nov-2022 21:12:14.494 정보 [main] org.apache.catalina.core.StandardEngine.startInternal 서버 엔진을 시작합니다: [Apache Tomcat/9.0.68]
06-Nov-2022 21:12:15.159 경고 [main] org.apache.catalina.util.SessionIdGeneratorBase.createSecureRandom [SHA1PRNG] 알고리즘을 사용하여, 세션 ID를 생성하기 위한 SecureRandom 객체를 생성하는데, [300] 밀리초가 소요됐습니다.
06-Nov-2022 21:12:15.191 정보 [main] org.apache.catalina.startup.HostConfig.deployWAR 웹 애플리케이션 아카이브 [E:\kakaoBankNumbering\NumberingServer\webapps\numberingEngine.war]을(를) 배치합니다.
06-Nov-2022 21:12:15.196 정보 [main] org.apache.catalina.startup.ExpandWar.expand 압축이 풀려진 디렉토리 [E:\kakaoBankNumbering\NumberingServer\webapps\numberingEngine]의 최종 변경 시간이, 연관된 WAR의 최종 변경 시간과 부합하지 않습니다. 해당 디렉토리는 삭제될 것입니다.
06-Nov-2022 21:12:15.306 정보 [main] org.apache.catalina.startup.HostConfig.deployWAR 웹 애플리케이션 아카이브 [E:\kakaoBankNumbering\NumberingServer\webapps\numberingEngine.war]의 배치가 [115] 밀리초에 완료되었습니다.
06-Nov-2022 21:12:15.310 정보 [main] org.apache.catalina.startup.HostConfig.deployDirectory 웹 애플리케이션 디렉토리 [E:\kakaoBankNumbering\NumberingServer\webapps\docs]을(를) 배치합니다.
06-Nov-2022 21:12:15.365 정보 [main] org.apache.catalina.startup.HostConfig.deployDirectory 웹 애플리케이션 디렉토리 [E:\kakaoBankNumbering\NumberingServer\webapps\docs]에 대한 배치가 [55] 밀리초에 완료되었습니다.
06-Nov-2022 21:12:15.366 정보 [main] org.apache.catalina.startup.HostConfig.deployDirectory 웹 애플리케이션 디렉토리 [E:\kakaoBankNumbering\NumberingServer\webapps\examples]을(를) 배치합니다.
06-Nov-2022 21:12:16.464 정보 [main] org.apache.catalina.startup.HostConfig.deployDirectory 웹 애플리케이션 디렉토리 [E:\kakaoBankNumbering\NumberingServer\webapps\examples]에 대한 배치가 [1,098] 밀리초에 완료되었습니다.
06-Nov-2022 21:12:16.465 정보 [main] org.apache.catalina.startup.HostConfig.deployDirectory 웹 애플리케이션 디렉토리 [E:\kakaoBankNumbering\NumberingServer\webapps\host-manager]을(를) 배치합니다.
06-Nov-2022 21:12:16.566 정보 [main] org.apache.catalina.startup.HostConfig.deployDirectory 웹 애플리케이션 디렉토리 [E:\kakaoBankNumbering\NumberingServer\webapps\host-manager]에 대한 배치가 [101] 밀리초에 완료되었습니다.
06-Nov-2022 21:12:16.566 정보 [main] org.apache.catalina.startup.HostConfig.deployDirectory 웹 애플리케이션 디렉토리 [E:\kakaoBankNumbering\NumberingServer\webapps\manager]을(를) 배치합니다.
06-Nov-2022 21:12:16.631 정보 [main] org.apache.catalina.startup.HostConfig.deployDirectory 웹 애플리케이션 디렉토리 [E:\kakaoBankNumbering\NumberingServer\webapps\manager]에 대한 배치가 [64] 밀리초에 완료되었습니다.
06-Nov-2022 21:12:16.638 정보 [main] org.apache.coyote.AbstractProtocol.start 프로토콜 핸들러 ["http-nio-8282"]을(를) 시작합니다.
06-Nov-2022 21:12:16.677 정보 [main] org.apache.catalina.startup.Catalina.start 서버가 [2256] 밀리초 내에 시작되었습니다.
06-Nov-2022 22:04:23.417 정보 [Catalina-utility-2] org.apache.catalina.startup.HostConfig.undeploy 컨텍스트 [/numberingEngine]의 배치를 제거합니다.
06-Nov-2022 22:04:23.462 정보 [Catalina-utility-2] org.apache.catalina.startup.HostConfig.deployWAR 웹 애플리케이션 아카이브 [E:\kakaoBankNumbering\NumberingServer\webapps\numberingEngine.war]을(를) 배치합니다.
06-Nov-2022 22:04:23.751 정보 [Catalina-utility-2] org.apache.catalina.startup.HostConfig.deployWAR 웹 애플리케이션 아카이브 [E:\kakaoBankNumbering\NumberingServer\webapps\numberingEngine.war]의 배치가 [289] 밀리초에 완료되었습니다.
06-Nov-2022 22:04:24.801 정보 [main] org.apache.catalina.core.StandardServer.await 셧다운 포트를 통해 유효한 셧다운 명령을 받았습니다. 서버 인스턴스를 중지시킵니다.
06-Nov-2022 22:04:24.802 정보 [main] org.apache.coyote.AbstractProtocol.pause 프로토콜 핸들러 ["http-nio-8282"]을(를) 일시 정지 중
06-Nov-2022 22:04:25.093 정보 [main] org.apache.catalina.core.StandardService.stopInternal 서비스 [Catalina]을(를) 중지시킵니다.
06-Nov-2022 22:04:25.123 정보 [main] org.apache.coyote.AbstractProtocol.stop 프로토콜 핸들러 ["http-nio-8282"]을(를) 중지시킵니다.
06-Nov-2022 22:04:25.142 정보 [main] org.apache.coyote.AbstractProtocol.destroy 프로토콜 핸들러 ["http-nio-8282"]을(를) 소멸시킵니다.
06-Nov-2022 22:04:26.145 경고 [main] org.apache.catalina.core.StandardContext.setPath 컨텍스트 경로는 반드시 빈 문자열이거나, 또는 '/'로 시작하고 '/'로 끝나지 않는 문자열이어야 합니다. 해당 경로 [/]은(는) 이 조건을 충족시키지 않아 [](으)로 변경되었습니다.
06-Nov-2022 22:04:26.173 정보 [main] org.apache.catalina.startup.VersionLoggerListener.log 서버 버전 이름:    Apache Tomcat/9.0.68
06-Nov-2022 22:04:26.174 정보 [main] org.apache.catalina.startup.VersionLoggerListener.log Server 빌드 시각:  Oct 3 2022 19:06:10 UTC
06-Nov-2022 22:04:26.174 정보 [main] org.apache.catalina.startup.VersionLoggerListener.log Server 버전 번호:  9.0.68.0
06-Nov-2022 22:04:26.174 정보 [main] org.apache.catalina.startup.VersionLoggerListener.log 운영체제 이름:     Windows 10
06-Nov-2022 22:04:26.175 정보 [main] org.apache.catalina.startup.VersionLoggerListener.log 운영체제 버전:     10.0
06-Nov-2022 22:04:26.175 정보 [main] org.apache.catalina.startup.VersionLoggerListener.log 아키텍처:          amd64
06-Nov-2022 22:04:26.175 정보 [main] org.apache.catalina.startup.VersionLoggerListener.log 자바 홈:           C:\Program Files\Java\jdk1.8.0_202\jre
06-Nov-2022 22:04:26.175 정보 [main] org.apache.catalina.startup.VersionLoggerListener.log JVM 버전:          1.8.0_202-b08
06-Nov-2022 22:04:26.176 정보 [main] org.apache.catalina.startup.VersionLoggerListener.log JVM 벤더:          Oracle Corporation
06-Nov-2022 22:04:26.176 정보 [main] org.apache.catalina.startup.VersionLoggerListener.log CATALINA_BASE:     E:\kakaoBankNumbering\NumberingServer
06-Nov-2022 22:04:26.176 정보 [main] org.apache.catalina.startup.VersionLoggerListener.log CATALINA_HOME:     E:\kakaoBankNumbering\NumberingServer
06-Nov-2022 22:04:26.177 정보 [main] org.apache.catalina.startup.VersionLoggerListener.log 명령 행 아규먼트:  -Djava.util.logging.config.file=../NumberingServer\conf\logging.properties
06-Nov-2022 22:04:26.177 정보 [main] org.apache.catalina.startup.VersionLoggerListener.log 명령 행 아규먼트:  -Djava.util.logging.manager=org.apache.juli.ClassLoaderLogManager
06-Nov-2022 22:04:26.177 정보 [main] org.apache.catalina.startup.VersionLoggerListener.log 명령 행 아규먼트:  -Djdk.tls.ephemeralDHKeySize=2048
06-Nov-2022 22:04:26.178 정보 [main] org.apache.catalina.startup.VersionLoggerListener.log 명령 행 아규먼트:  -Djava.protocol.handler.pkgs=org.apache.catalina.webresources
06-Nov-2022 22:04:26.178 정보 [main] org.apache.catalina.startup.VersionLoggerListener.log 명령 행 아규먼트:  -Djava.util.logging.manager=org.apache.juli.ClassLoaderLogManager
06-Nov-2022 22:04:26.179 정보 [main] org.apache.catalina.startup.VersionLoggerListener.log 명령 행 아규먼트:  -Dfile.encoding=utf-8
06-Nov-2022 22:04:26.180 정보 [main] org.apache.catalina.startup.VersionLoggerListener.log 명령 행 아규먼트:  -Dignore.endorsed.dirs=
06-Nov-2022 22:04:26.181 정보 [main] org.apache.catalina.startup.VersionLoggerListener.log 명령 행 아규먼트:  -Dcatalina.base=../NumberingServer
06-Nov-2022 22:04:26.182 정보 [main] org.apache.catalina.startup.VersionLoggerListener.log 명령 행 아규먼트:  -Dcatalina.home=../NumberingServer
06-Nov-2022 22:04:26.184 정보 [main] org.apache.catalina.startup.VersionLoggerListener.log 명령 행 아규먼트:  -Djava.io.tmpdir=../NumberingServer\temp
06-Nov-2022 22:04:26.190 정보 [main] org.apache.catalina.core.AprLifecycleListener.lifecycleEvent APR 버전 [1.7.0]을(를) 사용한, APR 기반 Apache Tomcat Native 라이브러리 [1.2.35]을(를) 로드했습니다.
06-Nov-2022 22:04:26.191 정보 [main] org.apache.catalina.core.AprLifecycleListener.lifecycleEvent APR 용량정보들: IPv6 [true], sendfile [true], accept filters [false], random [true], UDS [true].
06-Nov-2022 22:04:26.192 정보 [main] org.apache.catalina.core.AprLifecycleListener.lifecycleEvent APR/OpenSSL 설정: useAprConnector [false], useOpenSSL [true]
06-Nov-2022 22:04:26.213 정보 [main] org.apache.catalina.core.AprLifecycleListener.initializeSSL OpenSSL이 성공적으로 초기화되었습니다: [OpenSSL 1.1.1q  5 Jul 2022]
06-Nov-2022 22:04:26.610 정보 [main] org.apache.coyote.AbstractProtocol.init 프로토콜 핸들러 ["http-nio-8282"]을(를) 초기화합니다.
06-Nov-2022 22:04:26.646 정보 [main] org.apache.catalina.startup.Catalina.load [746] 밀리초 내에 서버가 초기화되었습니다.
06-Nov-2022 22:04:26.705 정보 [main] org.apache.catalina.core.StandardService.startInternal 서비스 [Catalina]을(를) 시작합니다.
06-Nov-2022 22:04:26.709 정보 [main] org.apache.catalina.core.StandardEngine.startInternal 서버 엔진을 시작합니다: [Apache Tomcat/9.0.68]
06-Nov-2022 22:04:27.410 경고 [main] org.apache.catalina.util.SessionIdGeneratorBase.createSecureRandom [SHA1PRNG] 알고리즘을 사용하여, 세션 ID를 생성하기 위한 SecureRandom 객체를 생성하는데, [359] 밀리초가 소요됐습니다.
06-Nov-2022 22:04:27.438 정보 [main] org.apache.catalina.startup.HostConfig.deployWAR 웹 애플리케이션 아카이브 [E:\kakaoBankNumbering\NumberingServer\webapps\numberingEngine.war]을(를) 배치합니다.
06-Nov-2022 22:04:27.483 정보 [main] org.apache.catalina.startup.HostConfig.deployWAR 웹 애플리케이션 아카이브 [E:\kakaoBankNumbering\NumberingServer\webapps\numberingEngine.war]의 배치가 [46] 밀리초에 완료되었습니다.
06-Nov-2022 22:04:27.485 정보 [main] org.apache.catalina.startup.HostConfig.deployDirectory 웹 애플리케이션 디렉토리 [E:\kakaoBankNumbering\NumberingServer\webapps\docs]을(를) 배치합니다.
06-Nov-2022 22:04:27.512 정보 [main] org.apache.catalina.startup.HostConfig.deployDirectory 웹 애플리케이션 디렉토리 [E:\kakaoBankNumbering\NumberingServer\webapps\docs]에 대한 배치가 [27] 밀리초에 완료되었습니다.
06-Nov-2022 22:04:27.513 정보 [main] org.apache.catalina.startup.HostConfig.deployDirectory 웹 애플리케이션 디렉토리 [E:\kakaoBankNumbering\NumberingServer\webapps\examples]을(를) 배치합니다.
06-Nov-2022 22:04:27.960 정보 [main] org.apache.catalina.startup.HostConfig.deployDirectory 웹 애플리케이션 디렉토리 [E:\kakaoBankNumbering\NumberingServer\webapps\examples]에 대한 배치가 [447] 밀리초에 완료되었습니다.
06-Nov-2022 22:04:27.961 정보 [main] org.apache.catalina.startup.HostConfig.deployDirectory 웹 애플리케이션 디렉토리 [E:\kakaoBankNumbering\NumberingServer\webapps\host-manager]을(를) 배치합니다.
06-Nov-2022 22:04:28.003 정보 [main] org.apache.catalina.startup.HostConfig.deployDirectory 웹 애플리케이션 디렉토리 [E:\kakaoBankNumbering\NumberingServer\webapps\host-manager]에 대한 배치가 [42] 밀리초에 완료되었습니다.
06-Nov-2022 22:04:28.004 정보 [main] org.apache.catalina.startup.HostConfig.deployDirectory 웹 애플리케이션 디렉토리 [E:\kakaoBankNumbering\NumberingServer\webapps\manager]을(를) 배치합니다.
06-Nov-2022 22:04:28.045 정보 [main] org.apache.catalina.startup.HostConfig.deployDirectory 웹 애플리케이션 디렉토리 [E:\kakaoBankNumbering\NumberingServer\webapps\manager]에 대한 배치가 [42] 밀리초에 완료되었습니다.
06-Nov-2022 22:04:28.051 정보 [main] org.apache.coyote.AbstractProtocol.start 프로토콜 핸들러 ["http-nio-8282"]을(를) 시작합니다.
06-Nov-2022 22:04:28.077 정보 [main] org.apache.catalina.startup.Catalina.start 서버가 [1428] 밀리초 내에 시작되었습니다.
06-Nov-2022 23:14:57.112 정보 [main] org.apache.catalina.core.StandardServer.await 셧다운 포트를 통해 유효한 셧다운 명령을 받았습니다. 서버 인스턴스를 중지시킵니다.
06-Nov-2022 23:14:57.114 정보 [main] org.apache.coyote.AbstractProtocol.pause 프로토콜 핸들러 ["http-nio-8282"]을(를) 일시 정지 중
06-Nov-2022 23:14:57.417 정보 [main] org.apache.catalina.core.StandardService.stopInternal 서비스 [Catalina]을(를) 중지시킵니다.
06-Nov-2022 23:14:57.466 정보 [main] org.apache.coyote.AbstractProtocol.stop 프로토콜 핸들러 ["http-nio-8282"]을(를) 중지시킵니다.
06-Nov-2022 23:14:57.486 정보 [main] org.apache.coyote.AbstractProtocol.destroy 프로토콜 핸들러 ["http-nio-8282"]을(를) 소멸시킵니다.
06-Nov-2022 23:49:30.422 심각 [main] org.apache.catalina.startup.Catalina.stopServer [localhost:8005] (base 포트 [8005] 그리고 offset [0])와(과) 연결할 수 없었습니다. Tomcat이 실행 중이지 않을 수 있습니다.
06-Nov-2022 23:49:32.005 경고 [main] org.apache.catalina.core.StandardContext.setPath 컨텍스트 경로는 반드시 빈 문자열이거나, 또는 '/'로 시작하고 '/'로 끝나지 않는 문자열이어야 합니다. 해당 경로 [/]은(는) 이 조건을 충족시키지 않아 [](으)로 변경되었습니다.
06-Nov-2022 23:49:32.034 정보 [main] org.apache.catalina.startup.VersionLoggerListener.log 서버 버전 이름:    Apache Tomcat/9.0.68
06-Nov-2022 23:49:32.035 정보 [main] org.apache.catalina.startup.VersionLoggerListener.log Server 빌드 시각:  Oct 3 2022 19:06:10 UTC
06-Nov-2022 23:49:32.035 정보 [main] org.apache.catalina.startup.VersionLoggerListener.log Server 버전 번호:  9.0.68.0
06-Nov-2022 23:49:32.035 정보 [main] org.apache.catalina.startup.VersionLoggerListener.log 운영체제 이름:     Windows 10
06-Nov-2022 23:49:32.036 정보 [main] org.apache.catalina.startup.VersionLoggerListener.log 운영체제 버전:     10.0
06-Nov-2022 23:49:32.036 정보 [main] org.apache.catalina.startup.VersionLoggerListener.log 아키텍처:          amd64
06-Nov-2022 23:49:32.036 정보 [main] org.apache.catalina.startup.VersionLoggerListener.log 자바 홈:           C:\Program Files\Java\jdk1.8.0_202\jre
06-Nov-2022 23:49:32.036 정보 [main] org.apache.catalina.startup.VersionLoggerListener.log JVM 버전:          1.8.0_202-b08
06-Nov-2022 23:49:32.037 정보 [main] org.apache.catalina.startup.VersionLoggerListener.log JVM 벤더:          Oracle Corporation
06-Nov-2022 23:49:32.037 정보 [main] org.apache.catalina.startup.VersionLoggerListener.log CATALINA_BASE:     E:\kakaoBankNumbering\NumberingServer
06-Nov-2022 23:49:32.037 정보 [main] org.apache.catalina.startup.VersionLoggerListener.log CATALINA_HOME:     E:\kakaoBankNumbering\NumberingServer
06-Nov-2022 23:49:32.038 정보 [main] org.apache.catalina.startup.VersionLoggerListener.log 명령 행 아규먼트:  -Djava.util.logging.config.file=../NumberingServer\conf\logging.properties
06-Nov-2022 23:49:32.038 정보 [main] org.apache.catalina.startup.VersionLoggerListener.log 명령 행 아규먼트:  -Djava.util.logging.manager=org.apache.juli.ClassLoaderLogManager
06-Nov-2022 23:49:32.039 정보 [main] org.apache.catalina.startup.VersionLoggerListener.log 명령 행 아규먼트:  -Djdk.tls.ephemeralDHKeySize=2048
06-Nov-2022 23:49:32.039 정보 [main] org.apache.catalina.startup.VersionLoggerListener.log 명령 행 아규먼트:  -Djava.protocol.handler.pkgs=org.apache.catalina.webresources
06-Nov-2022 23:49:32.039 정보 [main] org.apache.catalina.startup.VersionLoggerListener.log 명령 행 아규먼트:  -Djava.util.logging.manager=org.apache.juli.ClassLoaderLogManager
06-Nov-2022 23:49:32.041 정보 [main] org.apache.catalina.startup.VersionLoggerListener.log 명령 행 아규먼트:  -Dfile.encoding=utf-8
06-Nov-2022 23:49:32.045 정보 [main] org.apache.catalina.startup.VersionLoggerListener.log 명령 행 아규먼트:  -Dignore.endorsed.dirs=
06-Nov-2022 23:49:32.046 정보 [main] org.apache.catalina.startup.VersionLoggerListener.log 명령 행 아규먼트:  -Dcatalina.base=../NumberingServer
06-Nov-2022 23:49:32.047 정보 [main] org.apache.catalina.startup.VersionLoggerListener.log 명령 행 아규먼트:  -Dcatalina.home=../NumberingServer
06-Nov-2022 23:49:32.049 정보 [main] org.apache.catalina.startup.VersionLoggerListener.log 명령 행 아규먼트:  -Djava.io.tmpdir=../NumberingServer\temp
06-Nov-2022 23:49:32.054 정보 [main] org.apache.catalina.core.AprLifecycleListener.lifecycleEvent APR 버전 [1.7.0]을(를) 사용한, APR 기반 Apache Tomcat Native 라이브러리 [1.2.35]을(를) 로드했습니다.
06-Nov-2022 23:49:32.055 정보 [main] org.apache.catalina.core.AprLifecycleListener.lifecycleEvent APR 용량정보들: IPv6 [true], sendfile [true], accept filters [false], random [true], UDS [true].
06-Nov-2022 23:49:32.057 정보 [main] org.apache.catalina.core.AprLifecycleListener.lifecycleEvent APR/OpenSSL 설정: useAprConnector [false], useOpenSSL [true]
06-Nov-2022 23:49:32.075 정보 [main] org.apache.catalina.core.AprLifecycleListener.initializeSSL OpenSSL이 성공적으로 초기화되었습니다: [OpenSSL 1.1.1q  5 Jul 2022]
06-Nov-2022 23:49:32.474 정보 [main] org.apache.coyote.AbstractProtocol.init 프로토콜 핸들러 ["http-nio-8282"]을(를) 초기화합니다.
06-Nov-2022 23:49:32.510 정보 [main] org.apache.catalina.startup.Catalina.load [738] 밀리초 내에 서버가 초기화되었습니다.
06-Nov-2022 23:49:32.553 정보 [main] org.apache.catalina.core.StandardService.startInternal 서비스 [Catalina]을(를) 시작합니다.
06-Nov-2022 23:49:32.555 정보 [main] org.apache.catalina.core.StandardEngine.startInternal 서버 엔진을 시작합니다: [Apache Tomcat/9.0.68]
06-Nov-2022 23:49:33.256 경고 [main] org.apache.catalina.util.SessionIdGeneratorBase.createSecureRandom [SHA1PRNG] 알고리즘을 사용하여, 세션 ID를 생성하기 위한 SecureRandom 객체를 생성하는데, [313] 밀리초가 소요됐습니다.
06-Nov-2022 23:49:33.287 정보 [main] org.apache.catalina.startup.HostConfig.deployWAR 웹 애플리케이션 아카이브 [E:\kakaoBankNumbering\NumberingServer\webapps\numberingEngine.war]을(를) 배치합니다.
06-Nov-2022 23:49:33.294 정보 [main] org.apache.catalina.startup.ExpandWar.expand 압축이 풀려진 디렉토리 [E:\kakaoBankNumbering\NumberingServer\webapps\numberingEngine]의 최종 변경 시간이, 연관된 WAR의 최종 변경 시간과 부합하지 않습니다. 해당 디렉토리는 삭제될 것입니다.
06-Nov-2022 23:49:33.391 정보 [main] org.apache.catalina.startup.HostConfig.deployWAR 웹 애플리케이션 아카이브 [E:\kakaoBankNumbering\NumberingServer\webapps\numberingEngine.war]의 배치가 [104] 밀리초에 완료되었습니다.
06-Nov-2022 23:49:33.392 정보 [main] org.apache.catalina.startup.HostConfig.deployDirectory 웹 애플리케이션 디렉토리 [E:\kakaoBankNumbering\NumberingServer\webapps\docs]을(를) 배치합니다.
06-Nov-2022 23:49:33.422 정보 [main] org.apache.catalina.startup.HostConfig.deployDirectory 웹 애플리케이션 디렉토리 [E:\kakaoBankNumbering\NumberingServer\webapps\docs]에 대한 배치가 [30] 밀리초에 완료되었습니다.
06-Nov-2022 23:49:33.423 정보 [main] org.apache.catalina.startup.HostConfig.deployDirectory 웹 애플리케이션 디렉토리 [E:\kakaoBankNumbering\NumberingServer\webapps\examples]을(를) 배치합니다.
06-Nov-2022 23:49:34.091 정보 [main] org.apache.catalina.startup.HostConfig.deployDirectory 웹 애플리케이션 디렉토리 [E:\kakaoBankNumbering\NumberingServer\webapps\examples]에 대한 배치가 [668] 밀리초에 완료되었습니다.
06-Nov-2022 23:49:34.093 정보 [main] org.apache.catalina.startup.HostConfig.deployDirectory 웹 애플리케이션 디렉토리 [E:\kakaoBankNumbering\NumberingServer\webapps\host-manager]을(를) 배치합니다.
06-Nov-2022 23:49:34.160 정보 [main] org.apache.catalina.startup.HostConfig.deployDirectory 웹 애플리케이션 디렉토리 [E:\kakaoBankNumbering\NumberingServer\webapps\host-manager]에 대한 배치가 [66] 밀리초에 완료되었습니다.
06-Nov-2022 23:49:34.160 정보 [main] org.apache.catalina.startup.HostConfig.deployDirectory 웹 애플리케이션 디렉토리 [E:\kakaoBankNumbering\NumberingServer\webapps\manager]을(를) 배치합니다.
06-Nov-2022 23:49:34.216 정보 [main] org.apache.catalina.startup.HostConfig.deployDirectory 웹 애플리케이션 디렉토리 [E:\kakaoBankNumbering\NumberingServer\webapps\manager]에 대한 배치가 [56] 밀리초에 완료되었습니다.
06-Nov-2022 23:49:34.223 정보 [main] org.apache.coyote.AbstractProtocol.start 프로토콜 핸들러 ["http-nio-8282"]을(를) 시작합니다.
06-Nov-2022 23:49:34.251 정보 [main] org.apache.catalina.startup.Catalina.start 서버가 [1738] 밀리초 내에 시작되었습니다.
06-Nov-2022 23:50:32.444 정보 [main] org.apache.catalina.core.StandardServer.await 셧다운 포트를 통해 유효한 셧다운 명령을 받았습니다. 서버 인스턴스를 중지시킵니다.
06-Nov-2022 23:50:32.445 정보 [main] org.apache.coyote.AbstractProtocol.pause 프로토콜 핸들러 ["http-nio-8282"]을(를) 일시 정지 중
06-Nov-2022 23:50:32.694 정보 [main] org.apache.catalina.core.StandardService.stopInternal 서비스 [Catalina]을(를) 중지시킵니다.
06-Nov-2022 23:50:32.723 정보 [main] org.apache.coyote.AbstractProtocol.stop 프로토콜 핸들러 ["http-nio-8282"]을(를) 중지시킵니다.
06-Nov-2022 23:50:32.730 정보 [main] org.apache.coyote.AbstractProtocol.destroy 프로토콜 핸들러 ["http-nio-8282"]을(를) 소멸시킵니다.
06-Nov-2022 23:50:34.030 경고 [main] org.apache.catalina.core.StandardContext.setPath 컨텍스트 경로는 반드시 빈 문자열이거나, 또는 '/'로 시작하고 '/'로 끝나지 않는 문자열이어야 합니다. 해당 경로 [/]은(는) 이 조건을 충족시키지 않아 [](으)로 변경되었습니다.
06-Nov-2022 23:50:34.062 정보 [main] org.apache.catalina.startup.VersionLoggerListener.log 서버 버전 이름:    Apache Tomcat/9.0.68
06-Nov-2022 23:50:34.062 정보 [main] org.apache.catalina.startup.VersionLoggerListener.log Server 빌드 시각:  Oct 3 2022 19:06:10 UTC
06-Nov-2022 23:50:34.062 정보 [main] org.apache.catalina.startup.VersionLoggerListener.log Server 버전 번호:  9.0.68.0
06-Nov-2022 23:50:34.062 정보 [main] org.apache.catalina.startup.VersionLoggerListener.log 운영체제 이름:     Windows 10
06-Nov-2022 23:50:34.063 정보 [main] org.apache.catalina.startup.VersionLoggerListener.log 운영체제 버전:     10.0
06-Nov-2022 23:50:34.063 정보 [main] org.apache.catalina.startup.VersionLoggerListener.log 아키텍처:          amd64
06-Nov-2022 23:50:34.063 정보 [main] org.apache.catalina.startup.VersionLoggerListener.log 자바 홈:           C:\Program Files\Java\jdk1.8.0_202\jre
06-Nov-2022 23:50:34.063 정보 [main] org.apache.catalina.startup.VersionLoggerListener.log JVM 버전:          1.8.0_202-b08
06-Nov-2022 23:50:34.064 정보 [main] org.apache.catalina.startup.VersionLoggerListener.log JVM 벤더:          Oracle Corporation
06-Nov-2022 23:50:34.064 정보 [main] org.apache.catalina.startup.VersionLoggerListener.log CATALINA_BASE:     E:\kakaoBankNumbering\NumberingServer
06-Nov-2022 23:50:34.064 정보 [main] org.apache.catalina.startup.VersionLoggerListener.log CATALINA_HOME:     E:\kakaoBankNumbering\NumberingServer
06-Nov-2022 23:50:34.065 정보 [main] org.apache.catalina.startup.VersionLoggerListener.log 명령 행 아규먼트:  -Djava.util.logging.config.file=../NumberingServer\conf\logging.properties
06-Nov-2022 23:50:34.065 정보 [main] org.apache.catalina.startup.VersionLoggerListener.log 명령 행 아규먼트:  -Djava.util.logging.manager=org.apache.juli.ClassLoaderLogManager
06-Nov-2022 23:50:34.066 정보 [main] org.apache.catalina.startup.VersionLoggerListener.log 명령 행 아규먼트:  -Djdk.tls.ephemeralDHKeySize=2048
06-Nov-2022 23:50:34.066 정보 [main] org.apache.catalina.startup.VersionLoggerListener.log 명령 행 아규먼트:  -Djava.protocol.handler.pkgs=org.apache.catalina.webresources
06-Nov-2022 23:50:34.066 정보 [main] org.apache.catalina.startup.VersionLoggerListener.log 명령 행 아규먼트:  -Djava.util.logging.manager=org.apache.juli.ClassLoaderLogManager
06-Nov-2022 23:50:34.068 정보 [main] org.apache.catalina.startup.VersionLoggerListener.log 명령 행 아규먼트:  -Dfile.encoding=utf-8
06-Nov-2022 23:50:34.069 정보 [main] org.apache.catalina.startup.VersionLoggerListener.log 명령 행 아규먼트:  -Dignore.endorsed.dirs=
06-Nov-2022 23:50:34.073 정보 [main] org.apache.catalina.startup.VersionLoggerListener.log 명령 행 아규먼트:  -Dcatalina.base=../NumberingServer
06-Nov-2022 23:50:34.074 정보 [main] org.apache.catalina.startup.VersionLoggerListener.log 명령 행 아규먼트:  -Dcatalina.home=../NumberingServer
06-Nov-2022 23:50:34.075 정보 [main] org.apache.catalina.startup.VersionLoggerListener.log 명령 행 아규먼트:  -Djava.io.tmpdir=../NumberingServer\temp
06-Nov-2022 23:50:34.079 정보 [main] org.apache.catalina.core.AprLifecycleListener.lifecycleEvent APR 버전 [1.7.0]을(를) 사용한, APR 기반 Apache Tomcat Native 라이브러리 [1.2.35]을(를) 로드했습니다.
06-Nov-2022 23:50:34.080 정보 [main] org.apache.catalina.core.AprLifecycleListener.lifecycleEvent APR 용량정보들: IPv6 [true], sendfile [true], accept filters [false], random [true], UDS [true].
06-Nov-2022 23:50:34.080 정보 [main] org.apache.catalina.core.AprLifecycleListener.lifecycleEvent APR/OpenSSL 설정: useAprConnector [false], useOpenSSL [true]
06-Nov-2022 23:50:34.089 정보 [main] org.apache.catalina.core.AprLifecycleListener.initializeSSL OpenSSL이 성공적으로 초기화되었습니다: [OpenSSL 1.1.1q  5 Jul 2022]
06-Nov-2022 23:50:34.483 정보 [main] org.apache.coyote.AbstractProtocol.init 프로토콜 핸들러 ["http-nio-8282"]을(를) 초기화합니다.
06-Nov-2022 23:50:34.513 정보 [main] org.apache.catalina.startup.Catalina.load [735] 밀리초 내에 서버가 초기화되었습니다.
06-Nov-2022 23:50:34.550 정보 [main] org.apache.catalina.core.StandardService.startInternal 서비스 [Catalina]을(를) 시작합니다.
06-Nov-2022 23:50:34.552 정보 [main] org.apache.catalina.core.StandardEngine.startInternal 서버 엔진을 시작합니다: [Apache Tomcat/9.0.68]
06-Nov-2022 23:50:35.179 경고 [main] org.apache.catalina.util.SessionIdGeneratorBase.createSecureRandom [SHA1PRNG] 알고리즘을 사용하여, 세션 ID를 생성하기 위한 SecureRandom 객체를 생성하는데, [317] 밀리초가 소요됐습니다.
06-Nov-2022 23:50:35.206 정보 [main] org.apache.catalina.startup.HostConfig.deployWAR 웹 애플리케이션 아카이브 [E:\kakaoBankNumbering\NumberingServer\webapps\numberingEngine.war]을(를) 배치합니다.
06-Nov-2022 23:50:35.246 정보 [main] org.apache.catalina.startup.HostConfig.deployWAR 웹 애플리케이션 아카이브 [E:\kakaoBankNumbering\NumberingServer\webapps\numberingEngine.war]의 배치가 [40] 밀리초에 완료되었습니다.
06-Nov-2022 23:50:35.248 정보 [main] org.apache.catalina.startup.HostConfig.deployDirectory 웹 애플리케이션 디렉토리 [E:\kakaoBankNumbering\NumberingServer\webapps\docs]을(를) 배치합니다.
06-Nov-2022 23:50:35.276 정보 [main] org.apache.catalina.startup.HostConfig.deployDirectory 웹 애플리케이션 디렉토리 [E:\kakaoBankNumbering\NumberingServer\webapps\docs]에 대한 배치가 [28] 밀리초에 완료되었습니다.
06-Nov-2022 23:50:35.277 정보 [main] org.apache.catalina.startup.HostConfig.deployDirectory 웹 애플리케이션 디렉토리 [E:\kakaoBankNumbering\NumberingServer\webapps\examples]을(를) 배치합니다.
06-Nov-2022 23:50:35.810 정보 [main] org.apache.catalina.startup.HostConfig.deployDirectory 웹 애플리케이션 디렉토리 [E:\kakaoBankNumbering\NumberingServer\webapps\examples]에 대한 배치가 [533] 밀리초에 완료되었습니다.
06-Nov-2022 23:50:35.811 정보 [main] org.apache.catalina.startup.HostConfig.deployDirectory 웹 애플리케이션 디렉토리 [E:\kakaoBankNumbering\NumberingServer\webapps\host-manager]을(를) 배치합니다.
06-Nov-2022 23:50:35.874 정보 [main] org.apache.catalina.startup.HostConfig.deployDirectory 웹 애플리케이션 디렉토리 [E:\kakaoBankNumbering\NumberingServer\webapps\host-manager]에 대한 배치가 [63] 밀리초에 완료되었습니다.
06-Nov-2022 23:50:35.878 정보 [main] org.apache.catalina.startup.HostConfig.deployDirectory 웹 애플리케이션 디렉토리 [E:\kakaoBankNumbering\NumberingServer\webapps\manager]을(를) 배치합니다.
06-Nov-2022 23:50:35.931 정보 [main] org.apache.catalina.startup.HostConfig.deployDirectory 웹 애플리케이션 디렉토리 [E:\kakaoBankNumbering\NumberingServer\webapps\manager]에 대한 배치가 [53] 밀리초에 완료되었습니다.
06-Nov-2022 23:50:35.939 정보 [main] org.apache.coyote.AbstractProtocol.start 프로토콜 핸들러 ["http-nio-8282"]을(를) 시작합니다.
06-Nov-2022 23:50:35.972 정보 [main] org.apache.catalina.startup.Catalina.start 서버가 [1457] 밀리초 내에 시작되었습니다.
06-Nov-2022 23:51:48.279 정보 [main] org.apache.catalina.core.StandardServer.await 셧다운 포트를 통해 유효한 셧다운 명령을 받았습니다. 서버 인스턴스를 중지시킵니다.
06-Nov-2022 23:51:48.280 정보 [main] org.apache.coyote.AbstractProtocol.pause 프로토콜 핸들러 ["http-nio-8282"]을(를) 일시 정지 중
06-Nov-2022 23:51:48.544 정보 [main] org.apache.catalina.core.StandardService.stopInternal 서비스 [Catalina]을(를) 중지시킵니다.
06-Nov-2022 23:51:48.576 정보 [main] org.apache.coyote.AbstractProtocol.stop 프로토콜 핸들러 ["http-nio-8282"]을(를) 중지시킵니다.
06-Nov-2022 23:51:48.584 정보 [main] org.apache.coyote.AbstractProtocol.destroy 프로토콜 핸들러 ["http-nio-8282"]을(를) 소멸시킵니다.
06-Nov-2022 23:51:50.067 경고 [main] org.apache.catalina.core.StandardContext.setPath 컨텍스트 경로는 반드시 빈 문자열이거나, 또는 '/'로 시작하고 '/'로 끝나지 않는 문자열이어야 합니다. 해당 경로 [/]은(는) 이 조건을 충족시키지 않아 [](으)로 변경되었습니다.
06-Nov-2022 23:51:50.097 정보 [main] org.apache.catalina.startup.VersionLoggerListener.log 서버 버전 이름:    Apache Tomcat/9.0.68
06-Nov-2022 23:51:50.097 정보 [main] org.apache.catalina.startup.VersionLoggerListener.log Server 빌드 시각:  Oct 3 2022 19:06:10 UTC
06-Nov-2022 23:51:50.098 정보 [main] org.apache.catalina.startup.VersionLoggerListener.log Server 버전 번호:  9.0.68.0
06-Nov-2022 23:51:50.098 정보 [main] org.apache.catalina.startup.VersionLoggerListener.log 운영체제 이름:     Windows 10
06-Nov-2022 23:51:50.098 정보 [main] org.apache.catalina.startup.VersionLoggerListener.log 운영체제 버전:     10.0
06-Nov-2022 23:51:50.098 정보 [main] org.apache.catalina.startup.VersionLoggerListener.log 아키텍처:          amd64
06-Nov-2022 23:51:50.098 정보 [main] org.apache.catalina.startup.VersionLoggerListener.log 자바 홈:           C:\Program Files\Java\jdk1.8.0_202\jre
06-Nov-2022 23:51:50.099 정보 [main] org.apache.catalina.startup.VersionLoggerListener.log JVM 버전:          1.8.0_202-b08
06-Nov-2022 23:51:50.100 정보 [main] org.apache.catalina.startup.VersionLoggerListener.log JVM 벤더:          Oracle Corporation
06-Nov-2022 23:51:50.100 정보 [main] org.apache.catalina.startup.VersionLoggerListener.log CATALINA_BASE:     E:\kakaoBankNumbering\NumberingServer
06-Nov-2022 23:51:50.101 정보 [main] org.apache.catalina.startup.VersionLoggerListener.log CATALINA_HOME:     E:\kakaoBankNumbering\NumberingServer
06-Nov-2022 23:51:50.101 정보 [main] org.apache.catalina.startup.VersionLoggerListener.log 명령 행 아규먼트:  -Djava.util.logging.config.file=../NumberingServer\conf\logging.properties
06-Nov-2022 23:51:50.102 정보 [main] org.apache.catalina.startup.VersionLoggerListener.log 명령 행 아규먼트:  -Djava.util.logging.manager=org.apache.juli.ClassLoaderLogManager
06-Nov-2022 23:51:50.102 정보 [main] org.apache.catalina.startup.VersionLoggerListener.log 명령 행 아규먼트:  -Djdk.tls.ephemeralDHKeySize=2048
06-Nov-2022 23:51:50.102 정보 [main] org.apache.catalina.startup.VersionLoggerListener.log 명령 행 아규먼트:  -Djava.protocol.handler.pkgs=org.apache.catalina.webresources
06-Nov-2022 23:51:50.102 정보 [main] org.apache.catalina.startup.VersionLoggerListener.log 명령 행 아규먼트:  -Djava.util.logging.manager=org.apache.juli.ClassLoaderLogManager
06-Nov-2022 23:51:50.104 정보 [main] org.apache.catalina.startup.VersionLoggerListener.log 명령 행 아규먼트:  -Dfile.encoding=utf-8
06-Nov-2022 23:51:50.105 정보 [main] org.apache.catalina.startup.VersionLoggerListener.log 명령 행 아규먼트:  -Dignore.endorsed.dirs=
06-Nov-2022 23:51:50.106 정보 [main] org.apache.catalina.startup.VersionLoggerListener.log 명령 행 아규먼트:  -Dcatalina.base=../NumberingServer
06-Nov-2022 23:51:50.107 정보 [main] org.apache.catalina.startup.VersionLoggerListener.log 명령 행 아규먼트:  -Dcatalina.home=../NumberingServer
06-Nov-2022 23:51:50.107 정보 [main] org.apache.catalina.startup.VersionLoggerListener.log 명령 행 아규먼트:  -Djava.io.tmpdir=../NumberingServer\temp
06-Nov-2022 23:51:50.113 정보 [main] org.apache.catalina.core.AprLifecycleListener.lifecycleEvent APR 버전 [1.7.0]을(를) 사용한, APR 기반 Apache Tomcat Native 라이브러리 [1.2.35]을(를) 로드했습니다.
06-Nov-2022 23:51:50.113 정보 [main] org.apache.catalina.core.AprLifecycleListener.lifecycleEvent APR 용량정보들: IPv6 [true], sendfile [true], accept filters [false], random [true], UDS [true].
06-Nov-2022 23:51:50.114 정보 [main] org.apache.catalina.core.AprLifecycleListener.lifecycleEvent APR/OpenSSL 설정: useAprConnector [false], useOpenSSL [true]
06-Nov-2022 23:51:50.134 정보 [main] org.apache.catalina.core.AprLifecycleListener.initializeSSL OpenSSL이 성공적으로 초기화되었습니다: [OpenSSL 1.1.1q  5 Jul 2022]
06-Nov-2022 23:51:50.559 정보 [main] org.apache.coyote.AbstractProtocol.init 프로토콜 핸들러 ["http-nio-8282"]을(를) 초기화합니다.
06-Nov-2022 23:51:50.602 정보 [main] org.apache.catalina.startup.Catalina.load [782] 밀리초 내에 서버가 초기화되었습니다.
06-Nov-2022 23:51:50.657 정보 [main] org.apache.catalina.core.StandardService.startInternal 서비스 [Catalina]을(를) 시작합니다.
06-Nov-2022 23:51:50.658 정보 [main] org.apache.catalina.core.StandardEngine.startInternal 서버 엔진을 시작합니다: [Apache Tomcat/9.0.68]
06-Nov-2022 23:51:51.343 경고 [main] org.apache.catalina.util.SessionIdGeneratorBase.createSecureRandom [SHA1PRNG] 알고리즘을 사용하여, 세션 ID를 생성하기 위한 SecureRandom 객체를 생성하는데, [311] 밀리초가 소요됐습니다.
06-Nov-2022 23:51:51.375 정보 [main] org.apache.catalina.startup.HostConfig.deployWAR 웹 애플리케이션 아카이브 [E:\kakaoBankNumbering\NumberingServer\webapps\numberingEngine.war]을(를) 배치합니다.
06-Nov-2022 23:51:51.421 정보 [main] org.apache.catalina.startup.HostConfig.deployWAR 웹 애플리케이션 아카이브 [E:\kakaoBankNumbering\NumberingServer\webapps\numberingEngine.war]의 배치가 [45] 밀리초에 완료되었습니다.
06-Nov-2022 23:51:51.422 정보 [main] org.apache.catalina.startup.HostConfig.deployDirectory 웹 애플리케이션 디렉토리 [E:\kakaoBankNumbering\NumberingServer\webapps\docs]을(를) 배치합니다.
06-Nov-2022 23:51:51.448 정보 [main] org.apache.catalina.startup.HostConfig.deployDirectory 웹 애플리케이션 디렉토리 [E:\kakaoBankNumbering\NumberingServer\webapps\docs]에 대한 배치가 [27] 밀리초에 완료되었습니다.
06-Nov-2022 23:51:51.449 정보 [main] org.apache.catalina.startup.HostConfig.deployDirectory 웹 애플리케이션 디렉토리 [E:\kakaoBankNumbering\NumberingServer\webapps\examples]을(를) 배치합니다.
06-Nov-2022 23:51:51.854 정보 [main] org.apache.catalina.startup.HostConfig.deployDirectory 웹 애플리케이션 디렉토리 [E:\kakaoBankNumbering\NumberingServer\webapps\examples]에 대한 배치가 [406] 밀리초에 완료되었습니다.
06-Nov-2022 23:51:51.855 정보 [main] org.apache.catalina.startup.HostConfig.deployDirectory 웹 애플리케이션 디렉토리 [E:\kakaoBankNumbering\NumberingServer\webapps\host-manager]을(를) 배치합니다.
06-Nov-2022 23:51:51.884 정보 [main] org.apache.catalina.startup.HostConfig.deployDirectory 웹 애플리케이션 디렉토리 [E:\kakaoBankNumbering\NumberingServer\webapps\host-manager]에 대한 배치가 [29] 밀리초에 완료되었습니다.
06-Nov-2022 23:51:51.887 정보 [main] org.apache.catalina.startup.HostConfig.deployDirectory 웹 애플리케이션 디렉토리 [E:\kakaoBankNumbering\NumberingServer\webapps\manager]을(를) 배치합니다.
06-Nov-2022 23:51:51.921 정보 [main] org.apache.catalina.startup.HostConfig.deployDirectory 웹 애플리케이션 디렉토리 [E:\kakaoBankNumbering\NumberingServer\webapps\manager]에 대한 배치가 [35] 밀리초에 완료되었습니다.
06-Nov-2022 23:51:51.926 정보 [main] org.apache.coyote.AbstractProtocol.start 프로토콜 핸들러 ["http-nio-8282"]을(를) 시작합니다.
06-Nov-2022 23:51:51.951 정보 [main] org.apache.catalina.startup.Catalina.start 서버가 [1348] 밀리초 내에 시작되었습니다.
06-Nov-2022 23:53:05.737 정보 [main] org.apache.catalina.core.StandardServer.await 셧다운 포트를 통해 유효한 셧다운 명령을 받았습니다. 서버 인스턴스를 중지시킵니다.
06-Nov-2022 23:53:05.738 정보 [main] org.apache.coyote.AbstractProtocol.pause 프로토콜 핸들러 ["http-nio-8282"]을(를) 일시 정지 중
06-Nov-2022 23:53:06.005 정보 [main] org.apache.catalina.core.StandardService.stopInternal 서비스 [Catalina]을(를) 중지시킵니다.
06-Nov-2022 23:53:06.035 정보 [main] org.apache.coyote.AbstractProtocol.stop 프로토콜 핸들러 ["http-nio-8282"]을(를) 중지시킵니다.
06-Nov-2022 23:53:06.045 정보 [main] org.apache.coyote.AbstractProtocol.destroy 프로토콜 핸들러 ["http-nio-8282"]을(를) 소멸시킵니다.
06-Nov-2022 23:53:07.089 경고 [main] org.apache.catalina.core.StandardContext.setPath 컨텍스트 경로는 반드시 빈 문자열이거나, 또는 '/'로 시작하고 '/'로 끝나지 않는 문자열이어야 합니다. 해당 경로 [/]은(는) 이 조건을 충족시키지 않아 [](으)로 변경되었습니다.
06-Nov-2022 23:53:07.120 정보 [main] org.apache.catalina.startup.VersionLoggerListener.log 서버 버전 이름:    Apache Tomcat/9.0.68
06-Nov-2022 23:53:07.121 정보 [main] org.apache.catalina.startup.VersionLoggerListener.log Server 빌드 시각:  Oct 3 2022 19:06:10 UTC
06-Nov-2022 23:53:07.121 정보 [main] org.apache.catalina.startup.VersionLoggerListener.log Server 버전 번호:  9.0.68.0
06-Nov-2022 23:53:07.121 정보 [main] org.apache.catalina.startup.VersionLoggerListener.log 운영체제 이름:     Windows 10
06-Nov-2022 23:53:07.121 정보 [main] org.apache.catalina.startup.VersionLoggerListener.log 운영체제 버전:     10.0
06-Nov-2022 23:53:07.121 정보 [main] org.apache.catalina.startup.VersionLoggerListener.log 아키텍처:          amd64
06-Nov-2022 23:53:07.122 정보 [main] org.apache.catalina.startup.VersionLoggerListener.log 자바 홈:           C:\Program Files\Java\jdk1.8.0_202\jre
06-Nov-2022 23:53:07.122 정보 [main] org.apache.catalina.startup.VersionLoggerListener.log JVM 버전:          1.8.0_202-b08
06-Nov-2022 23:53:07.122 정보 [main] org.apache.catalina.startup.VersionLoggerListener.log JVM 벤더:          Oracle Corporation
06-Nov-2022 23:53:07.123 정보 [main] org.apache.catalina.startup.VersionLoggerListener.log CATALINA_BASE:     E:\kakaoBankNumbering\NumberingServer
06-Nov-2022 23:53:07.123 정보 [main] org.apache.catalina.startup.VersionLoggerListener.log CATALINA_HOME:     E:\kakaoBankNumbering\NumberingServer
06-Nov-2022 23:53:07.124 정보 [main] org.apache.catalina.startup.VersionLoggerListener.log 명령 행 아규먼트:  -Djava.util.logging.config.file=../NumberingServer\conf\logging.properties
06-Nov-2022 23:53:07.125 정보 [main] org.apache.catalina.startup.VersionLoggerListener.log 명령 행 아규먼트:  -Djava.util.logging.manager=org.apache.juli.ClassLoaderLogManager
06-Nov-2022 23:53:07.125 정보 [main] org.apache.catalina.startup.VersionLoggerListener.log 명령 행 아규먼트:  -Djdk.tls.ephemeralDHKeySize=2048
06-Nov-2022 23:53:07.126 정보 [main] org.apache.catalina.startup.VersionLoggerListener.log 명령 행 아규먼트:  -Djava.protocol.handler.pkgs=org.apache.catalina.webresources
06-Nov-2022 23:53:07.126 정보 [main] org.apache.catalina.startup.VersionLoggerListener.log 명령 행 아규먼트:  -Djava.util.logging.manager=org.apache.juli.ClassLoaderLogManager
06-Nov-2022 23:53:07.127 정보 [main] org.apache.catalina.startup.VersionLoggerListener.log 명령 행 아규먼트:  -Dfile.encoding=utf-8
06-Nov-2022 23:53:07.128 정보 [main] org.apache.catalina.startup.VersionLoggerListener.log 명령 행 아규먼트:  -Dignore.endorsed.dirs=
06-Nov-2022 23:53:07.129 정보 [main] org.apache.catalina.startup.VersionLoggerListener.log 명령 행 아규먼트:  -Dcatalina.base=../NumberingServer
06-Nov-2022 23:53:07.130 정보 [main] org.apache.catalina.startup.VersionLoggerListener.log 명령 행 아규먼트:  -Dcatalina.home=../NumberingServer
06-Nov-2022 23:53:07.131 정보 [main] org.apache.catalina.startup.VersionLoggerListener.log 명령 행 아규먼트:  -Djava.io.tmpdir=../NumberingServer\temp
06-Nov-2022 23:53:07.136 정보 [main] org.apache.catalina.core.AprLifecycleListener.lifecycleEvent APR 버전 [1.7.0]을(를) 사용한, APR 기반 Apache Tomcat Native 라이브러리 [1.2.35]을(를) 로드했습니다.
06-Nov-2022 23:53:07.137 정보 [main] org.apache.catalina.core.AprLifecycleListener.lifecycleEvent APR 용량정보들: IPv6 [true], sendfile [true], accept filters [false], random [true], UDS [true].
06-Nov-2022 23:53:07.137 정보 [main] org.apache.catalina.core.AprLifecycleListener.lifecycleEvent APR/OpenSSL 설정: useAprConnector [false], useOpenSSL [true]
06-Nov-2022 23:53:07.162 정보 [main] org.apache.catalina.core.AprLifecycleListener.initializeSSL OpenSSL이 성공적으로 초기화되었습니다: [OpenSSL 1.1.1q  5 Jul 2022]
06-Nov-2022 23:53:07.549 정보 [main] org.apache.coyote.AbstractProtocol.init 프로토콜 핸들러 ["http-nio-8282"]을(를) 초기화합니다.
06-Nov-2022 23:53:07.581 정보 [main] org.apache.catalina.startup.Catalina.load [729] 밀리초 내에 서버가 초기화되었습니다.
06-Nov-2022 23:53:07.623 정보 [main] org.apache.catalina.core.StandardService.startInternal 서비스 [Catalina]을(를) 시작합니다.
06-Nov-2022 23:53:07.625 정보 [main] org.apache.catalina.core.StandardEngine.startInternal 서버 엔진을 시작합니다: [Apache Tomcat/9.0.68]
06-Nov-2022 23:53:08.236 경고 [main] org.apache.catalina.util.SessionIdGeneratorBase.createSecureRandom [SHA1PRNG] 알고리즘을 사용하여, 세션 ID를 생성하기 위한 SecureRandom 객체를 생성하는데, [310] 밀리초가 소요됐습니다.
06-Nov-2022 23:53:08.263 정보 [main] org.apache.catalina.startup.HostConfig.deployWAR 웹 애플리케이션 아카이브 [E:\kakaoBankNumbering\NumberingServer\webapps\numberingEngine.war]을(를) 배치합니다.
06-Nov-2022 23:53:08.305 정보 [main] org.apache.catalina.startup.HostConfig.deployWAR 웹 애플리케이션 아카이브 [E:\kakaoBankNumbering\NumberingServer\webapps\numberingEngine.war]의 배치가 [41] 밀리초에 완료되었습니다.
06-Nov-2022 23:53:08.306 정보 [main] org.apache.catalina.startup.HostConfig.deployDirectory 웹 애플리케이션 디렉토리 [E:\kakaoBankNumbering\NumberingServer\webapps\docs]을(를) 배치합니다.
06-Nov-2022 23:53:08.334 정보 [main] org.apache.catalina.startup.HostConfig.deployDirectory 웹 애플리케이션 디렉토리 [E:\kakaoBankNumbering\NumberingServer\webapps\docs]에 대한 배치가 [29] 밀리초에 완료되었습니다.
06-Nov-2022 23:53:08.334 정보 [main] org.apache.catalina.startup.HostConfig.deployDirectory 웹 애플리케이션 디렉토리 [E:\kakaoBankNumbering\NumberingServer\webapps\examples]을(를) 배치합니다.
06-Nov-2022 23:53:08.693 정보 [main] org.apache.catalina.startup.HostConfig.deployDirectory 웹 애플리케이션 디렉토리 [E:\kakaoBankNumbering\NumberingServer\webapps\examples]에 대한 배치가 [359] 밀리초에 완료되었습니다.
06-Nov-2022 23:53:08.694 정보 [main] org.apache.catalina.startup.HostConfig.deployDirectory 웹 애플리케이션 디렉토리 [E:\kakaoBankNumbering\NumberingServer\webapps\host-manager]을(를) 배치합니다.
06-Nov-2022 23:53:08.732 정보 [main] org.apache.catalina.startup.HostConfig.deployDirectory 웹 애플리케이션 디렉토리 [E:\kakaoBankNumbering\NumberingServer\webapps\host-manager]에 대한 배치가 [38] 밀리초에 완료되었습니다.
06-Nov-2022 23:53:08.732 정보 [main] org.apache.catalina.startup.HostConfig.deployDirectory 웹 애플리케이션 디렉토리 [E:\kakaoBankNumbering\NumberingServer\webapps\manager]을(를) 배치합니다.
06-Nov-2022 23:53:08.770 정보 [main] org.apache.catalina.startup.HostConfig.deployDirectory 웹 애플리케이션 디렉토리 [E:\kakaoBankNumbering\NumberingServer\webapps\manager]에 대한 배치가 [37] 밀리초에 완료되었습니다.
06-Nov-2022 23:53:08.776 정보 [main] org.apache.coyote.AbstractProtocol.start 프로토콜 핸들러 ["http-nio-8282"]을(를) 시작합니다.
06-Nov-2022 23:53:08.798 정보 [main] org.apache.catalina.startup.Catalina.start 서버가 [1216] 밀리초 내에 시작되었습니다.
06-Nov-2022 23:54:16.410 정보 [main] org.apache.catalina.core.StandardServer.await 셧다운 포트를 통해 유효한 셧다운 명령을 받았습니다. 서버 인스턴스를 중지시킵니다.
06-Nov-2022 23:54:16.411 정보 [main] org.apache.coyote.AbstractProtocol.pause 프로토콜 핸들러 ["http-nio-8282"]을(를) 일시 정지 중
06-Nov-2022 23:54:16.666 정보 [main] org.apache.catalina.core.StandardService.stopInternal 서비스 [Catalina]을(를) 중지시킵니다.
06-Nov-2022 23:54:16.694 정보 [main] org.apache.coyote.AbstractProtocol.stop 프로토콜 핸들러 ["http-nio-8282"]을(를) 중지시킵니다.
06-Nov-2022 23:54:16.706 정보 [main] org.apache.coyote.AbstractProtocol.destroy 프로토콜 핸들러 ["http-nio-8282"]을(를) 소멸시킵니다.
06-Nov-2022 23:54:18.174 경고 [main] org.apache.catalina.core.StandardContext.setPath 컨텍스트 경로는 반드시 빈 문자열이거나, 또는 '/'로 시작하고 '/'로 끝나지 않는 문자열이어야 합니다. 해당 경로 [/]은(는) 이 조건을 충족시키지 않아 [](으)로 변경되었습니다.
06-Nov-2022 23:54:18.207 정보 [main] org.apache.catalina.startup.VersionLoggerListener.log 서버 버전 이름:    Apache Tomcat/9.0.68
06-Nov-2022 23:54:18.208 정보 [main] org.apache.catalina.startup.VersionLoggerListener.log Server 빌드 시각:  Oct 3 2022 19:06:10 UTC
06-Nov-2022 23:54:18.209 정보 [main] org.apache.catalina.startup.VersionLoggerListener.log Server 버전 번호:  9.0.68.0
06-Nov-2022 23:54:18.209 정보 [main] org.apache.catalina.startup.VersionLoggerListener.log 운영체제 이름:     Windows 10
06-Nov-2022 23:54:18.209 정보 [main] org.apache.catalina.startup.VersionLoggerListener.log 운영체제 버전:     10.0
06-Nov-2022 23:54:18.209 정보 [main] org.apache.catalina.startup.VersionLoggerListener.log 아키텍처:          amd64
06-Nov-2022 23:54:18.210 정보 [main] org.apache.catalina.startup.VersionLoggerListener.log 자바 홈:           C:\Program Files\Java\jdk1.8.0_202\jre
06-Nov-2022 23:54:18.210 정보 [main] org.apache.catalina.startup.VersionLoggerListener.log JVM 버전:          1.8.0_202-b08
06-Nov-2022 23:54:18.210 정보 [main] org.apache.catalina.startup.VersionLoggerListener.log JVM 벤더:          Oracle Corporation
06-Nov-2022 23:54:18.210 정보 [main] org.apache.catalina.startup.VersionLoggerListener.log CATALINA_BASE:     E:\kakaoBankNumbering\NumberingServer
06-Nov-2022 23:54:18.211 정보 [main] org.apache.catalina.startup.VersionLoggerListener.log CATALINA_HOME:     E:\kakaoBankNumbering\NumberingServer
06-Nov-2022 23:54:18.211 정보 [main] org.apache.catalina.startup.VersionLoggerListener.log 명령 행 아규먼트:  -Djava.util.logging.config.file=../NumberingServer\conf\logging.properties
06-Nov-2022 23:54:18.212 정보 [main] org.apache.catalina.startup.VersionLoggerListener.log 명령 행 아규먼트:  -Djava.util.logging.manager=org.apache.juli.ClassLoaderLogManager
06-Nov-2022 23:54:18.212 정보 [main] org.apache.catalina.startup.VersionLoggerListener.log 명령 행 아규먼트:  -Djdk.tls.ephemeralDHKeySize=2048
06-Nov-2022 23:54:18.212 정보 [main] org.apache.catalina.startup.VersionLoggerListener.log 명령 행 아규먼트:  -Djava.protocol.handler.pkgs=org.apache.catalina.webresources
06-Nov-2022 23:54:18.213 정보 [main] org.apache.catalina.startup.VersionLoggerListener.log 명령 행 아규먼트:  -Djava.util.logging.manager=org.apache.juli.ClassLoaderLogManager
06-Nov-2022 23:54:18.214 정보 [main] org.apache.catalina.startup.VersionLoggerListener.log 명령 행 아규먼트:  -Dfile.encoding=utf-8
06-Nov-2022 23:54:18.215 정보 [main] org.apache.catalina.startup.VersionLoggerListener.log 명령 행 아규먼트:  -Dignore.endorsed.dirs=
06-Nov-2022 23:54:18.215 정보 [main] org.apache.catalina.startup.VersionLoggerListener.log 명령 행 아규먼트:  -Dcatalina.base=../NumberingServer
06-Nov-2022 23:54:18.217 정보 [main] org.apache.catalina.startup.VersionLoggerListener.log 명령 행 아규먼트:  -Dcatalina.home=../NumberingServer
06-Nov-2022 23:54:18.220 정보 [main] org.apache.catalina.startup.VersionLoggerListener.log 명령 행 아규먼트:  -Djava.io.tmpdir=../NumberingServer\temp
06-Nov-2022 23:54:18.225 정보 [main] org.apache.catalina.core.AprLifecycleListener.lifecycleEvent APR 버전 [1.7.0]을(를) 사용한, APR 기반 Apache Tomcat Native 라이브러리 [1.2.35]을(를) 로드했습니다.
06-Nov-2022 23:54:18.226 정보 [main] org.apache.catalina.core.AprLifecycleListener.lifecycleEvent APR 용량정보들: IPv6 [true], sendfile [true], accept filters [false], random [true], UDS [true].
06-Nov-2022 23:54:18.227 정보 [main] org.apache.catalina.core.AprLifecycleListener.lifecycleEvent APR/OpenSSL 설정: useAprConnector [false], useOpenSSL [true]
06-Nov-2022 23:54:18.237 정보 [main] org.apache.catalina.core.AprLifecycleListener.initializeSSL OpenSSL이 성공적으로 초기화되었습니다: [OpenSSL 1.1.1q  5 Jul 2022]
06-Nov-2022 23:54:18.657 정보 [main] org.apache.coyote.AbstractProtocol.init 프로토콜 핸들러 ["http-nio-8282"]을(를) 초기화합니다.
06-Nov-2022 23:54:18.684 정보 [main] org.apache.catalina.startup.Catalina.load [804] 밀리초 내에 서버가 초기화되었습니다.
06-Nov-2022 23:54:18.733 정보 [main] org.apache.catalina.core.StandardService.startInternal 서비스 [Catalina]을(를) 시작합니다.
06-Nov-2022 23:54:18.735 정보 [main] org.apache.catalina.core.StandardEngine.startInternal 서버 엔진을 시작합니다: [Apache Tomcat/9.0.68]
06-Nov-2022 23:54:19.312 경고 [main] org.apache.catalina.util.SessionIdGeneratorBase.createSecureRandom [SHA1PRNG] 알고리즘을 사용하여, 세션 ID를 생성하기 위한 SecureRandom 객체를 생성하는데, [277] 밀리초가 소요됐습니다.
06-Nov-2022 23:54:19.338 정보 [main] org.apache.catalina.startup.HostConfig.deployWAR 웹 애플리케이션 아카이브 [E:\kakaoBankNumbering\NumberingServer\webapps\numberingEngine.war]을(를) 배치합니다.
06-Nov-2022 23:54:19.381 정보 [main] org.apache.catalina.startup.HostConfig.deployWAR 웹 애플리케이션 아카이브 [E:\kakaoBankNumbering\NumberingServer\webapps\numberingEngine.war]의 배치가 [43] 밀리초에 완료되었습니다.
06-Nov-2022 23:54:19.383 정보 [main] org.apache.catalina.startup.HostConfig.deployDirectory 웹 애플리케이션 디렉토리 [E:\kakaoBankNumbering\NumberingServer\webapps\docs]을(를) 배치합니다.
06-Nov-2022 23:54:19.413 정보 [main] org.apache.catalina.startup.HostConfig.deployDirectory 웹 애플리케이션 디렉토리 [E:\kakaoBankNumbering\NumberingServer\webapps\docs]에 대한 배치가 [30] 밀리초에 완료되었습니다.
06-Nov-2022 23:54:19.414 정보 [main] org.apache.catalina.startup.HostConfig.deployDirectory 웹 애플리케이션 디렉토리 [E:\kakaoBankNumbering\NumberingServer\webapps\examples]을(를) 배치합니다.
06-Nov-2022 23:54:19.964 정보 [main] org.apache.catalina.startup.HostConfig.deployDirectory 웹 애플리케이션 디렉토리 [E:\kakaoBankNumbering\NumberingServer\webapps\examples]에 대한 배치가 [550] 밀리초에 완료되었습니다.
06-Nov-2022 23:54:19.965 정보 [main] org.apache.catalina.startup.HostConfig.deployDirectory 웹 애플리케이션 디렉토리 [E:\kakaoBankNumbering\NumberingServer\webapps\host-manager]을(를) 배치합니다.
06-Nov-2022 23:54:19.998 정보 [main] org.apache.catalina.startup.HostConfig.deployDirectory 웹 애플리케이션 디렉토리 [E:\kakaoBankNumbering\NumberingServer\webapps\host-manager]에 대한 배치가 [33] 밀리초에 완료되었습니다.
06-Nov-2022 23:54:19.999 정보 [main] org.apache.catalina.startup.HostConfig.deployDirectory 웹 애플리케이션 디렉토리 [E:\kakaoBankNumbering\NumberingServer\webapps\manager]을(를) 배치합니다.
06-Nov-2022 23:54:20.042 정보 [main] org.apache.catalina.startup.HostConfig.deployDirectory 웹 애플리케이션 디렉토리 [E:\kakaoBankNumbering\NumberingServer\webapps\manager]에 대한 배치가 [43] 밀리초에 완료되었습니다.
06-Nov-2022 23:54:20.049 정보 [main] org.apache.coyote.AbstractProtocol.start 프로토콜 핸들러 ["http-nio-8282"]을(를) 시작합니다.
06-Nov-2022 23:54:20.073 정보 [main] org.apache.catalina.startup.Catalina.start 서버가 [1388] 밀리초 내에 시작되었습니다.
06-Nov-2022 23:55:17.647 정보 [main] org.apache.catalina.core.StandardServer.await 셧다운 포트를 통해 유효한 셧다운 명령을 받았습니다. 서버 인스턴스를 중지시킵니다.
06-Nov-2022 23:55:17.648 정보 [main] org.apache.coyote.AbstractProtocol.pause 프로토콜 핸들러 ["http-nio-8282"]을(를) 일시 정지 중
06-Nov-2022 23:55:17.907 정보 [main] org.apache.catalina.core.StandardService.stopInternal 서비스 [Catalina]을(를) 중지시킵니다.
06-Nov-2022 23:55:17.937 정보 [main] org.apache.coyote.AbstractProtocol.stop 프로토콜 핸들러 ["http-nio-8282"]을(를) 중지시킵니다.
06-Nov-2022 23:55:17.949 정보 [main] org.apache.coyote.AbstractProtocol.destroy 프로토콜 핸들러 ["http-nio-8282"]을(를) 소멸시킵니다.
06-Nov-2022 23:55:18.994 경고 [main] org.apache.catalina.core.StandardContext.setPath 컨텍스트 경로는 반드시 빈 문자열이거나, 또는 '/'로 시작하고 '/'로 끝나지 않는 문자열이어야 합니다. 해당 경로 [/]은(는) 이 조건을 충족시키지 않아 [](으)로 변경되었습니다.
06-Nov-2022 23:55:19.026 정보 [main] org.apache.catalina.startup.VersionLoggerListener.log 서버 버전 이름:    Apache Tomcat/9.0.68
06-Nov-2022 23:55:19.026 정보 [main] org.apache.catalina.startup.VersionLoggerListener.log Server 빌드 시각:  Oct 3 2022 19:06:10 UTC
06-Nov-2022 23:55:19.027 정보 [main] org.apache.catalina.startup.VersionLoggerListener.log Server 버전 번호:  9.0.68.0
06-Nov-2022 23:55:19.027 정보 [main] org.apache.catalina.startup.VersionLoggerListener.log 운영체제 이름:     Windows 10
06-Nov-2022 23:55:19.028 정보 [main] org.apache.catalina.startup.VersionLoggerListener.log 운영체제 버전:     10.0
06-Nov-2022 23:55:19.028 정보 [main] org.apache.catalina.startup.VersionLoggerListener.log 아키텍처:          amd64
06-Nov-2022 23:55:19.029 정보 [main] org.apache.catalina.startup.VersionLoggerListener.log 자바 홈:           C:\Program Files\Java\jdk1.8.0_202\jre
06-Nov-2022 23:55:19.029 정보 [main] org.apache.catalina.startup.VersionLoggerListener.log JVM 버전:          1.8.0_202-b08
06-Nov-2022 23:55:19.030 정보 [main] org.apache.catalina.startup.VersionLoggerListener.log JVM 벤더:          Oracle Corporation
06-Nov-2022 23:55:19.030 정보 [main] org.apache.catalina.startup.VersionLoggerListener.log CATALINA_BASE:     E:\kakaoBankNumbering\NumberingServer
06-Nov-2022 23:55:19.031 정보 [main] org.apache.catalina.startup.VersionLoggerListener.log CATALINA_HOME:     E:\kakaoBankNumbering\NumberingServer
06-Nov-2022 23:55:19.032 정보 [main] org.apache.catalina.startup.VersionLoggerListener.log 명령 행 아규먼트:  -Djava.util.logging.config.file=../NumberingServer\conf\logging.properties
06-Nov-2022 23:55:19.033 정보 [main] org.apache.catalina.startup.VersionLoggerListener.log 명령 행 아규먼트:  -Djava.util.logging.manager=org.apache.juli.ClassLoaderLogManager
06-Nov-2022 23:55:19.033 정보 [main] org.apache.catalina.startup.VersionLoggerListener.log 명령 행 아규먼트:  -Djdk.tls.ephemeralDHKeySize=2048
06-Nov-2022 23:55:19.033 정보 [main] org.apache.catalina.startup.VersionLoggerListener.log 명령 행 아규먼트:  -Djava.protocol.handler.pkgs=org.apache.catalina.webresources
06-Nov-2022 23:55:19.034 정보 [main] org.apache.catalina.startup.VersionLoggerListener.log 명령 행 아규먼트:  -Djava.util.logging.manager=org.apache.juli.ClassLoaderLogManager
06-Nov-2022 23:55:19.036 정보 [main] org.apache.catalina.startup.VersionLoggerListener.log 명령 행 아규먼트:  -Dfile.encoding=utf-8
06-Nov-2022 23:55:19.037 정보 [main] org.apache.catalina.startup.VersionLoggerListener.log 명령 행 아규먼트:  -Dignore.endorsed.dirs=
06-Nov-2022 23:55:19.039 정보 [main] org.apache.catalina.startup.VersionLoggerListener.log 명령 행 아규먼트:  -Dcatalina.base=../NumberingServer
06-Nov-2022 23:55:19.041 정보 [main] org.apache.catalina.startup.VersionLoggerListener.log 명령 행 아규먼트:  -Dcatalina.home=../NumberingServer
06-Nov-2022 23:55:19.042 정보 [main] org.apache.catalina.startup.VersionLoggerListener.log 명령 행 아규먼트:  -Djava.io.tmpdir=../NumberingServer\temp
06-Nov-2022 23:55:19.049 정보 [main] org.apache.catalina.core.AprLifecycleListener.lifecycleEvent APR 버전 [1.7.0]을(를) 사용한, APR 기반 Apache Tomcat Native 라이브러리 [1.2.35]을(를) 로드했습니다.
06-Nov-2022 23:55:19.049 정보 [main] org.apache.catalina.core.AprLifecycleListener.lifecycleEvent APR 용량정보들: IPv6 [true], sendfile [true], accept filters [false], random [true], UDS [true].
06-Nov-2022 23:55:19.050 정보 [main] org.apache.catalina.core.AprLifecycleListener.lifecycleEvent APR/OpenSSL 설정: useAprConnector [false], useOpenSSL [true]
06-Nov-2022 23:55:19.066 정보 [main] org.apache.catalina.core.AprLifecycleListener.initializeSSL OpenSSL이 성공적으로 초기화되었습니다: [OpenSSL 1.1.1q  5 Jul 2022]
06-Nov-2022 23:55:19.456 정보 [main] org.apache.coyote.AbstractProtocol.init 프로토콜 핸들러 ["http-nio-8282"]을(를) 초기화합니다.
06-Nov-2022 23:55:19.494 정보 [main] org.apache.catalina.startup.Catalina.load [749] 밀리초 내에 서버가 초기화되었습니다.
06-Nov-2022 23:55:19.540 정보 [main] org.apache.catalina.core.StandardService.startInternal 서비스 [Catalina]을(를) 시작합니다.
06-Nov-2022 23:55:19.546 정보 [main] org.apache.catalina.core.StandardEngine.startInternal 서버 엔진을 시작합니다: [Apache Tomcat/9.0.68]
06-Nov-2022 23:55:20.201 경고 [main] org.apache.catalina.util.SessionIdGeneratorBase.createSecureRandom [SHA1PRNG] 알고리즘을 사용하여, 세션 ID를 생성하기 위한 SecureRandom 객체를 생성하는데, [312] 밀리초가 소요됐습니다.
06-Nov-2022 23:55:20.234 정보 [main] org.apache.catalina.startup.HostConfig.deployWAR 웹 애플리케이션 아카이브 [E:\kakaoBankNumbering\NumberingServer\webapps\numberingEngine.war]을(를) 배치합니다.
06-Nov-2022 23:55:20.276 정보 [main] org.apache.catalina.startup.HostConfig.deployWAR 웹 애플리케이션 아카이브 [E:\kakaoBankNumbering\NumberingServer\webapps\numberingEngine.war]의 배치가 [42] 밀리초에 완료되었습니다.
06-Nov-2022 23:55:20.277 정보 [main] org.apache.catalina.startup.HostConfig.deployDirectory 웹 애플리케이션 디렉토리 [E:\kakaoBankNumbering\NumberingServer\webapps\docs]을(를) 배치합니다.
06-Nov-2022 23:55:20.304 정보 [main] org.apache.catalina.startup.HostConfig.deployDirectory 웹 애플리케이션 디렉토리 [E:\kakaoBankNumbering\NumberingServer\webapps\docs]에 대한 배치가 [27] 밀리초에 완료되었습니다.
06-Nov-2022 23:55:20.304 정보 [main] org.apache.catalina.startup.HostConfig.deployDirectory 웹 애플리케이션 디렉토리 [E:\kakaoBankNumbering\NumberingServer\webapps\examples]을(를) 배치합니다.
06-Nov-2022 23:55:20.695 정보 [main] org.apache.catalina.startup.HostConfig.deployDirectory 웹 애플리케이션 디렉토리 [E:\kakaoBankNumbering\NumberingServer\webapps\examples]에 대한 배치가 [391] 밀리초에 완료되었습니다.
06-Nov-2022 23:55:20.696 정보 [main] org.apache.catalina.startup.HostConfig.deployDirectory 웹 애플리케이션 디렉토리 [E:\kakaoBankNumbering\NumberingServer\webapps\host-manager]을(를) 배치합니다.
06-Nov-2022 23:55:20.728 정보 [main] org.apache.catalina.startup.HostConfig.deployDirectory 웹 애플리케이션 디렉토리 [E:\kakaoBankNumbering\NumberingServer\webapps\host-manager]에 대한 배치가 [32] 밀리초에 완료되었습니다.
06-Nov-2022 23:55:20.729 정보 [main] org.apache.catalina.startup.HostConfig.deployDirectory 웹 애플리케이션 디렉토리 [E:\kakaoBankNumbering\NumberingServer\webapps\manager]을(를) 배치합니다.
06-Nov-2022 23:55:20.765 정보 [main] org.apache.catalina.startup.HostConfig.deployDirectory 웹 애플리케이션 디렉토리 [E:\kakaoBankNumbering\NumberingServer\webapps\manager]에 대한 배치가 [36] 밀리초에 완료되었습니다.
06-Nov-2022 23:55:20.770 정보 [main] org.apache.coyote.AbstractProtocol.start 프로토콜 핸들러 ["http-nio-8282"]을(를) 시작합니다.
06-Nov-2022 23:55:20.788 정보 [main] org.apache.catalina.startup.Catalina.start 서버가 [1293] 밀리초 내에 시작되었습니다.
