05-Nov-2022 00:55:36.880 INFO [main] org.apache.catalina.core.ApplicationContext.log ContextListener: contextInitialized()
05-Nov-2022 00:55:36.881 INFO [main] org.apache.catalina.core.ApplicationContext.log SessionListener: contextInitialized()
05-Nov-2022 00:55:36.883 INFO [main] org.apache.catalina.core.ApplicationContext.log ContextListener: attributeAdded('StockTicker', 'async.Stockticker@3fabf088')
05-Nov-2022 01:11:09.869 INFO [Thread-1] org.apache.catalina.core.ApplicationContext.log SessionListener: contextDestroyed()
05-Nov-2022 01:11:09.870 INFO [Thread-1] org.apache.catalina.core.ApplicationContext.log ContextListener: contextDestroyed()
05-Nov-2022 01:11:44.330 INFO [main] org.apache.catalina.core.ApplicationContext.log ContextListener: contextInitialized()
05-Nov-2022 01:11:44.331 INFO [main] org.apache.catalina.core.ApplicationContext.log SessionListener: contextInitialized()
05-Nov-2022 01:11:44.334 INFO [main] org.apache.catalina.core.ApplicationContext.log ContextListener: attributeAdded('StockTicker', 'async.Stockticker@6831d8fd')
05-Nov-2022 02:09:24.596 INFO [main] org.apache.catalina.core.ApplicationContext.log ContextListener: contextInitialized()
05-Nov-2022 02:09:24.597 INFO [main] org.apache.catalina.core.ApplicationContext.log SessionListener: contextInitialized()
05-Nov-2022 02:09:24.599 INFO [main] org.apache.catalina.core.ApplicationContext.log ContextListener: attributeAdded('StockTicker', 'async.Stockticker@3fabf088')
05-Nov-2022 02:09:37.742 INFO [Thread-1] org.apache.catalina.core.ApplicationContext.log SessionListener: contextDestroyed()
05-Nov-2022 02:09:37.742 INFO [Thread-1] org.apache.catalina.core.ApplicationContext.log ContextListener: contextDestroyed()
05-Nov-2022 02:09:53.621 INFO [main] org.apache.catalina.core.ApplicationContext.log ContextListener: contextInitialized()
05-Nov-2022 02:09:53.621 INFO [main] org.apache.catalina.core.ApplicationContext.log SessionListener: contextInitialized()
05-Nov-2022 02:09:53.624 INFO [main] org.apache.catalina.core.ApplicationContext.log ContextListener: attributeAdded('StockTicker', 'async.Stockticker@3aaf4f07')
05-Nov-2022 02:10:08.287 INFO [main] org.apache.catalina.core.ApplicationContext.log SessionListener: contextDestroyed()
05-Nov-2022 02:10:08.287 INFO [main] org.apache.catalina.core.ApplicationContext.log ContextListener: contextDestroyed()
05-Nov-2022 02:11:17.521 INFO [main] org.apache.catalina.core.ApplicationContext.log ContextListener: contextInitialized()
05-Nov-2022 02:11:17.522 INFO [main] org.apache.catalina.core.ApplicationContext.log SessionListener: contextInitialized()
05-Nov-2022 02:11:17.524 INFO [main] org.apache.catalina.core.ApplicationContext.log ContextListener: attributeAdded('StockTicker', 'async.Stockticker@27dc79f7')
05-Nov-2022 02:15:54.506 INFO [main] org.apache.catalina.core.ApplicationContext.log SessionListener: contextDestroyed()
05-Nov-2022 02:15:54.506 INFO [main] org.apache.catalina.core.ApplicationContext.log ContextListener: contextDestroyed()
05-Nov-2022 02:15:58.741 INFO [main] org.apache.catalina.core.ApplicationContext.log ContextListener: contextInitialized()
05-Nov-2022 02:15:58.741 INFO [main] org.apache.catalina.core.ApplicationContext.log SessionListener: contextInitialized()
05-Nov-2022 02:15:58.745 INFO [main] org.apache.catalina.core.ApplicationContext.log ContextListener: attributeAdded('StockTicker', 'async.Stockticker@5af5def9')
05-Nov-2022 02:16:56.155 INFO [main] org.apache.catalina.core.ApplicationContext.log SessionListener: contextDestroyed()
05-Nov-2022 02:16:56.155 INFO [main] org.apache.catalina.core.ApplicationContext.log ContextListener: contextDestroyed()
05-Nov-2022 02:17:13.678 INFO [main] org.apache.catalina.core.ApplicationContext.log ContextListener: contextInitialized()
05-Nov-2022 02:17:13.678 INFO [main] org.apache.catalina.core.ApplicationContext.log SessionListener: contextInitialized()
05-Nov-2022 02:17:13.681 INFO [main] org.apache.catalina.core.ApplicationContext.log ContextListener: attributeAdded('StockTicker', 'async.Stockticker@33d05366')
05-Nov-2022 02:18:33.991 INFO [main] org.apache.catalina.core.ApplicationContext.log SessionListener: contextDestroyed()
05-Nov-2022 02:18:33.991 INFO [main] org.apache.catalina.core.ApplicationContext.log ContextListener: contextDestroyed()
05-Nov-2022 02:18:44.376 INFO [main] org.apache.catalina.core.ApplicationContext.log ContextListener: contextInitialized()
05-Nov-2022 02:18:44.377 INFO [main] org.apache.catalina.core.ApplicationContext.log SessionListener: contextInitialized()
05-Nov-2022 02:18:44.379 INFO [main] org.apache.catalina.core.ApplicationContext.log ContextListener: attributeAdded('StockTicker', 'async.Stockticker@33d05366')
05-Nov-2022 02:19:01.014 INFO [main] org.apache.catalina.core.ApplicationContext.log SessionListener: contextDestroyed()
05-Nov-2022 02:19:01.014 INFO [main] org.apache.catalina.core.ApplicationContext.log ContextListener: contextDestroyed()
05-Nov-2022 02:19:28.290 INFO [main] org.apache.catalina.core.ApplicationContext.log ContextListener: contextInitialized()
05-Nov-2022 02:19:28.290 INFO [main] org.apache.catalina.core.ApplicationContext.log SessionListener: contextInitialized()
05-Nov-2022 02:19:28.293 INFO [main] org.apache.catalina.core.ApplicationContext.log ContextListener: attributeAdded('StockTicker', 'async.Stockticker@15deb1dc')
05-Nov-2022 02:20:36.479 INFO [main] org.apache.catalina.core.ApplicationContext.log ContextListener: contextInitialized()
05-Nov-2022 02:20:36.479 INFO [main] org.apache.catalina.core.ApplicationContext.log SessionListener: contextInitialized()
05-Nov-2022 02:20:36.482 INFO [main] org.apache.catalina.core.ApplicationContext.log ContextListener: attributeAdded('StockTicker', 'async.Stockticker@24b52d3e')
05-Nov-2022 02:23:02.988 INFO [main] org.apache.catalina.core.ApplicationContext.log SessionListener: contextDestroyed()
05-Nov-2022 02:23:02.989 INFO [main] org.apache.catalina.core.ApplicationContext.log ContextListener: contextDestroyed()
05-Nov-2022 02:23:06.973 INFO [main] org.apache.catalina.core.ApplicationContext.log ContextListener: contextInitialized()
05-Nov-2022 02:23:06.974 INFO [main] org.apache.catalina.core.ApplicationContext.log SessionListener: contextInitialized()
05-Nov-2022 02:23:06.979 INFO [main] org.apache.catalina.core.ApplicationContext.log ContextListener: attributeAdded('StockTicker', 'async.Stockticker@5af5def9')
05-Nov-2022 02:23:38.662 INFO [main] org.apache.catalina.core.ApplicationContext.log SessionListener: contextDestroyed()
05-Nov-2022 02:23:38.662 INFO [main] org.apache.catalina.core.ApplicationContext.log ContextListener: contextDestroyed()
05-Nov-2022 02:23:42.731 INFO [main] org.apache.catalina.core.ApplicationContext.log ContextListener: contextInitialized()
05-Nov-2022 02:23:42.734 INFO [main] org.apache.catalina.core.ApplicationContext.log SessionListener: contextInitialized()
05-Nov-2022 02:23:42.737 INFO [main] org.apache.catalina.core.ApplicationContext.log ContextListener: attributeAdded('StockTicker', 'async.Stockticker@47a64f7d')
05-Nov-2022 02:24:14.620 INFO [main] org.apache.catalina.core.ApplicationContext.log SessionListener: contextDestroyed()
05-Nov-2022 02:24:14.620 INFO [main] org.apache.catalina.core.ApplicationContext.log ContextListener: contextDestroyed()
05-Nov-2022 02:24:17.849 INFO [main] org.apache.catalina.core.ApplicationContext.log ContextListener: contextInitialized()
05-Nov-2022 02:24:17.850 INFO [main] org.apache.catalina.core.ApplicationContext.log SessionListener: contextInitialized()
05-Nov-2022 02:24:17.852 INFO [main] org.apache.catalina.core.ApplicationContext.log ContextListener: attributeAdded('StockTicker', 'async.Stockticker@51b01960')
05-Nov-2022 02:25:50.501 INFO [main] org.apache.catalina.core.ApplicationContext.log SessionListener: contextDestroyed()
05-Nov-2022 02:25:50.501 INFO [main] org.apache.catalina.core.ApplicationContext.log ContextListener: contextDestroyed()
05-Nov-2022 02:25:54.615 INFO [main] org.apache.catalina.core.ApplicationContext.log ContextListener: contextInitialized()
05-Nov-2022 02:25:54.616 INFO [main] org.apache.catalina.core.ApplicationContext.log SessionListener: contextInitialized()
05-Nov-2022 02:25:54.618 INFO [main] org.apache.catalina.core.ApplicationContext.log ContextListener: attributeAdded('StockTicker', 'async.Stockticker@79f227a9')
05-Nov-2022 04:05:42.711 INFO [main] org.apache.catalina.core.ApplicationContext.log SessionListener: contextDestroyed()
05-Nov-2022 04:05:42.711 INFO [main] org.apache.catalina.core.ApplicationContext.log ContextListener: contextDestroyed()
05-Nov-2022 04:05:50.154 INFO [main] org.apache.catalina.core.ApplicationContext.log ContextListener: contextInitialized()
05-Nov-2022 04:05:50.155 INFO [main] org.apache.catalina.core.ApplicationContext.log SessionListener: contextInitialized()
05-Nov-2022 04:05:50.172 INFO [main] org.apache.catalina.core.ApplicationContext.log ContextListener: attributeAdded('StockTicker', 'async.Stockticker@3a7704c')
05-Nov-2022 04:05:57.387 INFO [http-nio-8282-exec-1] org.apache.catalina.core.ApplicationContext.log 서블릿 [Numbering_Servlet]을(를) 가용하지 않은 상태로 표시합니다.
05-Nov-2022 04:05:57.388 SEVERE [http-nio-8282-exec-1] org.apache.catalina.core.StandardWrapperValve.invoke 서블릿 [Numbering_Servlet]을(를) 위해 할당하던 중 예외 발생
	java.lang.ClassNotFoundException: NumberingServlet
		at org.apache.catalina.loader.WebappClassLoaderBase.loadClass(WebappClassLoaderBase.java:1412)
		at org.apache.catalina.loader.WebappClassLoaderBase.loadClass(WebappClassLoaderBase.java:1220)
		at org.apache.catalina.core.DefaultInstanceManager.loadClass(DefaultInstanceManager.java:534)
		at org.apache.catalina.core.DefaultInstanceManager.loadClassMaybePrivileged(DefaultInstanceManager.java:515)
		at org.apache.catalina.core.DefaultInstanceManager.newInstance(DefaultInstanceManager.java:149)
		at org.apache.catalina.core.StandardWrapper.loadServlet(StandardWrapper.java:1070)
		at org.apache.catalina.core.StandardWrapper.allocate(StandardWrapper.java:788)
		at org.apache.catalina.core.StandardWrapperValve.invoke(StandardWrapperValve.java:128)
		at org.apache.catalina.core.StandardContextValve.invoke(StandardContextValve.java:97)
		at org.apache.catalina.authenticator.AuthenticatorBase.invoke(AuthenticatorBase.java:541)
		at org.apache.catalina.core.StandardHostValve.invoke(StandardHostValve.java:135)
		at org.apache.catalina.valves.ErrorReportValve.invoke(ErrorReportValve.java:92)
		at org.apache.catalina.valves.AbstractAccessLogValve.invoke(AbstractAccessLogValve.java:687)
		at org.apache.catalina.core.StandardEngineValve.invoke(StandardEngineValve.java:78)
		at org.apache.catalina.connector.CoyoteAdapter.service(CoyoteAdapter.java:360)
		at org.apache.coyote.http11.Http11Processor.service(Http11Processor.java:399)
		at org.apache.coyote.AbstractProcessorLight.process(AbstractProcessorLight.java:65)
		at org.apache.coyote.AbstractProtocol$ConnectionHandler.process(AbstractProtocol.java:893)
		at org.apache.tomcat.util.net.NioEndpoint$SocketProcessor.doRun(NioEndpoint.java:1789)
		at org.apache.tomcat.util.net.SocketProcessorBase.run(SocketProcessorBase.java:49)
		at org.apache.tomcat.util.threads.ThreadPoolExecutor.runWorker(ThreadPoolExecutor.java:1191)
		at org.apache.tomcat.util.threads.ThreadPoolExecutor$Worker.run(ThreadPoolExecutor.java:659)
		at org.apache.tomcat.util.threads.TaskThread$WrappingRunnable.run(TaskThread.java:61)
		at java.base/java.lang.Thread.run(Thread.java:834)
05-Nov-2022 04:10:11.141 INFO [main] org.apache.catalina.core.ApplicationContext.log SessionListener: contextDestroyed()
05-Nov-2022 04:10:11.142 INFO [main] org.apache.catalina.core.ApplicationContext.log ContextListener: contextDestroyed()
05-Nov-2022 04:10:17.714 INFO [main] org.apache.catalina.core.ApplicationContext.log ContextListener: contextInitialized()
05-Nov-2022 04:10:17.715 INFO [main] org.apache.catalina.core.ApplicationContext.log SessionListener: contextInitialized()
05-Nov-2022 04:10:17.718 INFO [main] org.apache.catalina.core.ApplicationContext.log ContextListener: attributeAdded('StockTicker', 'async.Stockticker@1deb2c43')
05-Nov-2022 04:10:31.907 INFO [http-nio-8282-exec-2] org.apache.catalina.core.ApplicationContext.log 서블릿 [Numbering_Servlet]을(를) 가용하지 않은 상태로 표시합니다.
05-Nov-2022 04:10:31.909 SEVERE [http-nio-8282-exec-2] org.apache.catalina.core.StandardWrapperValve.invoke 서블릿 [Numbering_Servlet]을(를) 위해 할당하던 중 예외 발생
	java.lang.ClassNotFoundException: NumberingServlet
		at org.apache.catalina.loader.WebappClassLoaderBase.loadClass(WebappClassLoaderBase.java:1412)
		at org.apache.catalina.loader.WebappClassLoaderBase.loadClass(WebappClassLoaderBase.java:1220)
		at org.apache.catalina.core.DefaultInstanceManager.loadClass(DefaultInstanceManager.java:534)
		at org.apache.catalina.core.DefaultInstanceManager.loadClassMaybePrivileged(DefaultInstanceManager.java:515)
		at org.apache.catalina.core.DefaultInstanceManager.newInstance(DefaultInstanceManager.java:149)
		at org.apache.catalina.core.StandardWrapper.loadServlet(StandardWrapper.java:1070)
		at org.apache.catalina.core.StandardWrapper.allocate(StandardWrapper.java:788)
		at org.apache.catalina.core.StandardWrapperValve.invoke(StandardWrapperValve.java:128)
		at org.apache.catalina.core.StandardContextValve.invoke(StandardContextValve.java:97)
		at org.apache.catalina.authenticator.AuthenticatorBase.invoke(AuthenticatorBase.java:541)
		at org.apache.catalina.core.StandardHostValve.invoke(StandardHostValve.java:135)
		at org.apache.catalina.valves.ErrorReportValve.invoke(ErrorReportValve.java:92)
		at org.apache.catalina.valves.AbstractAccessLogValve.invoke(AbstractAccessLogValve.java:687)
		at org.apache.catalina.core.StandardEngineValve.invoke(StandardEngineValve.java:78)
		at org.apache.catalina.connector.CoyoteAdapter.service(CoyoteAdapter.java:360)
		at org.apache.coyote.http11.Http11Processor.service(Http11Processor.java:399)
		at org.apache.coyote.AbstractProcessorLight.process(AbstractProcessorLight.java:65)
		at org.apache.coyote.AbstractProtocol$ConnectionHandler.process(AbstractProtocol.java:893)
		at org.apache.tomcat.util.net.NioEndpoint$SocketProcessor.doRun(NioEndpoint.java:1789)
		at org.apache.tomcat.util.net.SocketProcessorBase.run(SocketProcessorBase.java:49)
		at org.apache.tomcat.util.threads.ThreadPoolExecutor.runWorker(ThreadPoolExecutor.java:1191)
		at org.apache.tomcat.util.threads.ThreadPoolExecutor$Worker.run(ThreadPoolExecutor.java:659)
		at org.apache.tomcat.util.threads.TaskThread$WrappingRunnable.run(TaskThread.java:61)
		at java.base/java.lang.Thread.run(Thread.java:834)
05-Nov-2022 04:14:56.923 INFO [main] org.apache.catalina.core.ApplicationContext.log SessionListener: contextDestroyed()
05-Nov-2022 04:14:56.923 INFO [main] org.apache.catalina.core.ApplicationContext.log ContextListener: contextDestroyed()
05-Nov-2022 04:15:04.704 INFO [main] org.apache.catalina.core.ApplicationContext.log ContextListener: contextInitialized()
05-Nov-2022 04:15:04.706 INFO [main] org.apache.catalina.core.ApplicationContext.log SessionListener: contextInitialized()
05-Nov-2022 04:15:04.710 INFO [main] org.apache.catalina.core.ApplicationContext.log ContextListener: attributeAdded('StockTicker', 'async.Stockticker@6ca320ab')
05-Nov-2022 04:15:05.895 INFO [http-nio-8282-exec-1] org.apache.catalina.core.ApplicationContext.log 서블릿 [Numbering_Servlet]을(를) 가용하지 않은 상태로 표시합니다.
05-Nov-2022 04:15:05.896 SEVERE [http-nio-8282-exec-1] org.apache.catalina.core.StandardWrapperValve.invoke 서블릿 [Numbering_Servlet]을(를) 위해 할당하던 중 예외 발생
	java.lang.ClassNotFoundException: engine.NumberingServlet
		at org.apache.catalina.loader.WebappClassLoaderBase.loadClass(WebappClassLoaderBase.java:1412)
		at org.apache.catalina.loader.WebappClassLoaderBase.loadClass(WebappClassLoaderBase.java:1220)
		at org.apache.catalina.core.DefaultInstanceManager.loadClass(DefaultInstanceManager.java:534)
		at org.apache.catalina.core.DefaultInstanceManager.loadClassMaybePrivileged(DefaultInstanceManager.java:515)
		at org.apache.catalina.core.DefaultInstanceManager.newInstance(DefaultInstanceManager.java:149)
		at org.apache.catalina.core.StandardWrapper.loadServlet(StandardWrapper.java:1070)
		at org.apache.catalina.core.StandardWrapper.allocate(StandardWrapper.java:788)
		at org.apache.catalina.core.StandardWrapperValve.invoke(StandardWrapperValve.java:128)
		at org.apache.catalina.core.StandardContextValve.invoke(StandardContextValve.java:97)
		at org.apache.catalina.authenticator.AuthenticatorBase.invoke(AuthenticatorBase.java:541)
		at org.apache.catalina.core.StandardHostValve.invoke(StandardHostValve.java:135)
		at org.apache.catalina.valves.ErrorReportValve.invoke(ErrorReportValve.java:92)
		at org.apache.catalina.valves.AbstractAccessLogValve.invoke(AbstractAccessLogValve.java:687)
		at org.apache.catalina.core.StandardEngineValve.invoke(StandardEngineValve.java:78)
		at org.apache.catalina.connector.CoyoteAdapter.service(CoyoteAdapter.java:360)
		at org.apache.coyote.http11.Http11Processor.service(Http11Processor.java:399)
		at org.apache.coyote.AbstractProcessorLight.process(AbstractProcessorLight.java:65)
		at org.apache.coyote.AbstractProtocol$ConnectionHandler.process(AbstractProtocol.java:893)
		at org.apache.tomcat.util.net.NioEndpoint$SocketProcessor.doRun(NioEndpoint.java:1789)
		at org.apache.tomcat.util.net.SocketProcessorBase.run(SocketProcessorBase.java:49)
		at org.apache.tomcat.util.threads.ThreadPoolExecutor.runWorker(ThreadPoolExecutor.java:1191)
		at org.apache.tomcat.util.threads.ThreadPoolExecutor$Worker.run(ThreadPoolExecutor.java:659)
		at org.apache.tomcat.util.threads.TaskThread$WrappingRunnable.run(TaskThread.java:61)
		at java.base/java.lang.Thread.run(Thread.java:834)
05-Nov-2022 04:19:08.486 INFO [main] org.apache.catalina.core.ApplicationContext.log SessionListener: contextDestroyed()
05-Nov-2022 04:19:08.486 INFO [main] org.apache.catalina.core.ApplicationContext.log ContextListener: contextDestroyed()
05-Nov-2022 04:19:15.026 INFO [main] org.apache.catalina.core.ApplicationContext.log ContextListener: contextInitialized()
05-Nov-2022 04:19:15.027 INFO [main] org.apache.catalina.core.ApplicationContext.log SessionListener: contextInitialized()
05-Nov-2022 04:19:15.030 INFO [main] org.apache.catalina.core.ApplicationContext.log ContextListener: attributeAdded('StockTicker', 'async.Stockticker@50d68830')
05-Nov-2022 04:19:21.925 INFO [http-nio-8282-exec-1] org.apache.catalina.core.ApplicationContext.log 서블릿 [Numbering_Servlet]을(를) 가용하지 않은 상태로 표시합니다.
05-Nov-2022 04:19:21.928 SEVERE [http-nio-8282-exec-1] org.apache.catalina.core.StandardWrapperValve.invoke 서블릿 [Numbering_Servlet]을(를) 위해 할당하던 중 예외 발생
	java.lang.ClassNotFoundException: engine.NumberingServlet
		at org.apache.catalina.loader.WebappClassLoaderBase.loadClass(WebappClassLoaderBase.java:1412)
		at org.apache.catalina.loader.WebappClassLoaderBase.loadClass(WebappClassLoaderBase.java:1220)
		at org.apache.catalina.core.DefaultInstanceManager.loadClass(DefaultInstanceManager.java:534)
		at org.apache.catalina.core.DefaultInstanceManager.loadClassMaybePrivileged(DefaultInstanceManager.java:515)
		at org.apache.catalina.core.DefaultInstanceManager.newInstance(DefaultInstanceManager.java:149)
		at org.apache.catalina.core.StandardWrapper.loadServlet(StandardWrapper.java:1070)
		at org.apache.catalina.core.StandardWrapper.allocate(StandardWrapper.java:788)
		at org.apache.catalina.core.StandardWrapperValve.invoke(StandardWrapperValve.java:128)
		at org.apache.catalina.core.StandardContextValve.invoke(StandardContextValve.java:97)
		at org.apache.catalina.authenticator.AuthenticatorBase.invoke(AuthenticatorBase.java:541)
		at org.apache.catalina.core.StandardHostValve.invoke(StandardHostValve.java:135)
		at org.apache.catalina.valves.ErrorReportValve.invoke(ErrorReportValve.java:92)
		at org.apache.catalina.valves.AbstractAccessLogValve.invoke(AbstractAccessLogValve.java:687)
		at org.apache.catalina.core.StandardEngineValve.invoke(StandardEngineValve.java:78)
		at org.apache.catalina.connector.CoyoteAdapter.service(CoyoteAdapter.java:360)
		at org.apache.coyote.http11.Http11Processor.service(Http11Processor.java:399)
		at org.apache.coyote.AbstractProcessorLight.process(AbstractProcessorLight.java:65)
		at org.apache.coyote.AbstractProtocol$ConnectionHandler.process(AbstractProtocol.java:893)
		at org.apache.tomcat.util.net.NioEndpoint$SocketProcessor.doRun(NioEndpoint.java:1789)
		at org.apache.tomcat.util.net.SocketProcessorBase.run(SocketProcessorBase.java:49)
		at org.apache.tomcat.util.threads.ThreadPoolExecutor.runWorker(ThreadPoolExecutor.java:1191)
		at org.apache.tomcat.util.threads.ThreadPoolExecutor$Worker.run(ThreadPoolExecutor.java:659)
		at org.apache.tomcat.util.threads.TaskThread$WrappingRunnable.run(TaskThread.java:61)
		at java.base/java.lang.Thread.run(Thread.java:834)
05-Nov-2022 04:19:49.306 INFO [main] org.apache.catalina.core.ApplicationContext.log SessionListener: contextDestroyed()
05-Nov-2022 04:19:49.307 INFO [main] org.apache.catalina.core.ApplicationContext.log ContextListener: contextDestroyed()
05-Nov-2022 04:19:57.082 INFO [main] org.apache.catalina.core.ApplicationContext.log ContextListener: contextInitialized()
05-Nov-2022 04:19:57.083 INFO [main] org.apache.catalina.core.ApplicationContext.log SessionListener: contextInitialized()
05-Nov-2022 04:19:57.090 INFO [main] org.apache.catalina.core.ApplicationContext.log ContextListener: attributeAdded('StockTicker', 'async.Stockticker@3a7704c')
05-Nov-2022 04:19:58.651 INFO [http-nio-8282-exec-2] org.apache.catalina.core.ApplicationContext.log 서블릿 [Numbering_Servlet]을(를) 가용하지 않은 상태로 표시합니다.
05-Nov-2022 04:19:58.652 SEVERE [http-nio-8282-exec-2] org.apache.catalina.core.StandardWrapperValve.invoke 서블릿 [Numbering_Servlet]을(를) 위해 할당하던 중 예외 발생
	java.lang.ClassNotFoundException: engine.NumberingServlet
		at org.apache.catalina.loader.WebappClassLoaderBase.loadClass(WebappClassLoaderBase.java:1412)
		at org.apache.catalina.loader.WebappClassLoaderBase.loadClass(WebappClassLoaderBase.java:1220)
		at org.apache.catalina.core.DefaultInstanceManager.loadClass(DefaultInstanceManager.java:534)
		at org.apache.catalina.core.DefaultInstanceManager.loadClassMaybePrivileged(DefaultInstanceManager.java:515)
		at org.apache.catalina.core.DefaultInstanceManager.newInstance(DefaultInstanceManager.java:149)
		at org.apache.catalina.core.StandardWrapper.loadServlet(StandardWrapper.java:1070)
		at org.apache.catalina.core.StandardWrapper.allocate(StandardWrapper.java:788)
		at org.apache.catalina.core.StandardWrapperValve.invoke(StandardWrapperValve.java:128)
		at org.apache.catalina.core.StandardContextValve.invoke(StandardContextValve.java:97)
		at org.apache.catalina.authenticator.AuthenticatorBase.invoke(AuthenticatorBase.java:541)
		at org.apache.catalina.core.StandardHostValve.invoke(StandardHostValve.java:135)
		at org.apache.catalina.valves.ErrorReportValve.invoke(ErrorReportValve.java:92)
		at org.apache.catalina.valves.AbstractAccessLogValve.invoke(AbstractAccessLogValve.java:687)
		at org.apache.catalina.core.StandardEngineValve.invoke(StandardEngineValve.java:78)
		at org.apache.catalina.connector.CoyoteAdapter.service(CoyoteAdapter.java:360)
		at org.apache.coyote.http11.Http11Processor.service(Http11Processor.java:399)
		at org.apache.coyote.AbstractProcessorLight.process(AbstractProcessorLight.java:65)
		at org.apache.coyote.AbstractProtocol$ConnectionHandler.process(AbstractProtocol.java:893)
		at org.apache.tomcat.util.net.NioEndpoint$SocketProcessor.doRun(NioEndpoint.java:1789)
		at org.apache.tomcat.util.net.SocketProcessorBase.run(SocketProcessorBase.java:49)
		at org.apache.tomcat.util.threads.ThreadPoolExecutor.runWorker(ThreadPoolExecutor.java:1191)
		at org.apache.tomcat.util.threads.ThreadPoolExecutor$Worker.run(ThreadPoolExecutor.java:659)
		at org.apache.tomcat.util.threads.TaskThread$WrappingRunnable.run(TaskThread.java:61)
		at java.base/java.lang.Thread.run(Thread.java:834)
05-Nov-2022 04:28:26.122 INFO [main] org.apache.catalina.core.ApplicationContext.log SessionListener: contextDestroyed()
05-Nov-2022 04:28:26.122 INFO [main] org.apache.catalina.core.ApplicationContext.log ContextListener: contextDestroyed()
05-Nov-2022 04:30:53.293 INFO [main] org.apache.catalina.core.ApplicationContext.log ContextListener: contextInitialized()
05-Nov-2022 04:30:53.294 INFO [main] org.apache.catalina.core.ApplicationContext.log SessionListener: contextInitialized()
05-Nov-2022 04:30:53.301 INFO [main] org.apache.catalina.core.ApplicationContext.log ContextListener: attributeAdded('StockTicker', 'async.Stockticker@106faf11')
05-Nov-2022 04:31:31.760 INFO [main] org.apache.catalina.core.ApplicationContext.log ContextListener: contextInitialized()
05-Nov-2022 04:31:31.760 INFO [main] org.apache.catalina.core.ApplicationContext.log SessionListener: contextInitialized()
05-Nov-2022 04:31:31.764 INFO [main] org.apache.catalina.core.ApplicationContext.log ContextListener: attributeAdded('StockTicker', 'async.Stockticker@24b52d3e')
05-Nov-2022 04:33:18.015 INFO [main] org.apache.catalina.core.ApplicationContext.log ContextListener: contextInitialized()
05-Nov-2022 04:33:18.015 INFO [main] org.apache.catalina.core.ApplicationContext.log SessionListener: contextInitialized()
05-Nov-2022 04:33:18.018 INFO [main] org.apache.catalina.core.ApplicationContext.log ContextListener: attributeAdded('StockTicker', 'async.Stockticker@7674a051')
05-Nov-2022 04:33:37.025 INFO [http-nio-8282-exec-2] org.apache.catalina.core.ApplicationContext.log 서블릿 [Numbering_Servlet]을(를) 가용하지 않은 상태로 표시합니다.
05-Nov-2022 04:33:37.026 SEVERE [http-nio-8282-exec-2] org.apache.catalina.core.StandardWrapperValve.invoke 서블릿 [Numbering_Servlet]을(를) 위해 할당하던 중 예외 발생
	java.lang.ClassNotFoundException: engine.NumberingServlet
		at org.apache.catalina.loader.WebappClassLoaderBase.loadClass(WebappClassLoaderBase.java:1412)
		at org.apache.catalina.loader.WebappClassLoaderBase.loadClass(WebappClassLoaderBase.java:1220)
		at org.apache.catalina.core.DefaultInstanceManager.loadClass(DefaultInstanceManager.java:534)
		at org.apache.catalina.core.DefaultInstanceManager.loadClassMaybePrivileged(DefaultInstanceManager.java:515)
		at org.apache.catalina.core.DefaultInstanceManager.newInstance(DefaultInstanceManager.java:149)
		at org.apache.catalina.core.StandardWrapper.loadServlet(StandardWrapper.java:1070)
		at org.apache.catalina.core.StandardWrapper.allocate(StandardWrapper.java:788)
		at org.apache.catalina.core.StandardWrapperValve.invoke(StandardWrapperValve.java:128)
		at org.apache.catalina.core.StandardContextValve.invoke(StandardContextValve.java:97)
		at org.apache.catalina.authenticator.AuthenticatorBase.invoke(AuthenticatorBase.java:541)
		at org.apache.catalina.core.StandardHostValve.invoke(StandardHostValve.java:135)
		at org.apache.catalina.valves.ErrorReportValve.invoke(ErrorReportValve.java:92)
		at org.apache.catalina.valves.AbstractAccessLogValve.invoke(AbstractAccessLogValve.java:687)
		at org.apache.catalina.core.StandardEngineValve.invoke(StandardEngineValve.java:78)
		at org.apache.catalina.connector.CoyoteAdapter.service(CoyoteAdapter.java:360)
		at org.apache.coyote.http11.Http11Processor.service(Http11Processor.java:399)
		at org.apache.coyote.AbstractProcessorLight.process(AbstractProcessorLight.java:65)
		at org.apache.coyote.AbstractProtocol$ConnectionHandler.process(AbstractProtocol.java:893)
		at org.apache.tomcat.util.net.NioEndpoint$SocketProcessor.doRun(NioEndpoint.java:1789)
		at org.apache.tomcat.util.net.SocketProcessorBase.run(SocketProcessorBase.java:49)
		at org.apache.tomcat.util.threads.ThreadPoolExecutor.runWorker(ThreadPoolExecutor.java:1191)
		at org.apache.tomcat.util.threads.ThreadPoolExecutor$Worker.run(ThreadPoolExecutor.java:659)
		at org.apache.tomcat.util.threads.TaskThread$WrappingRunnable.run(TaskThread.java:61)
		at java.base/java.lang.Thread.run(Thread.java:834)
05-Nov-2022 04:37:35.222 INFO [main] org.apache.catalina.core.ApplicationContext.log SessionListener: contextDestroyed()
05-Nov-2022 04:37:35.222 INFO [main] org.apache.catalina.core.ApplicationContext.log ContextListener: contextDestroyed()
05-Nov-2022 04:40:04.215 INFO [main] org.apache.catalina.core.ApplicationContext.log ContextListener: contextInitialized()
05-Nov-2022 04:40:04.215 INFO [main] org.apache.catalina.core.ApplicationContext.log SessionListener: contextInitialized()
05-Nov-2022 04:40:04.222 INFO [main] org.apache.catalina.core.ApplicationContext.log ContextListener: attributeAdded('StockTicker', 'async.Stockticker@6e9c413e')
05-Nov-2022 04:40:11.399 INFO [http-nio-8282-exec-2] org.apache.catalina.core.ApplicationContext.log 서블릿 [HelloServlet]을(를) 가용하지 않은 상태로 표시합니다.
05-Nov-2022 04:40:11.400 SEVERE [http-nio-8282-exec-2] org.apache.catalina.core.StandardWrapperValve.invoke 서블릿 [HelloServlet]을(를) 위해 할당하던 중 예외 발생
	java.lang.ClassNotFoundException: engine.NumberingServlet
		at org.apache.catalina.loader.WebappClassLoaderBase.loadClass(WebappClassLoaderBase.java:1412)
		at org.apache.catalina.loader.WebappClassLoaderBase.loadClass(WebappClassLoaderBase.java:1220)
		at org.apache.catalina.core.DefaultInstanceManager.loadClass(DefaultInstanceManager.java:534)
		at org.apache.catalina.core.DefaultInstanceManager.loadClassMaybePrivileged(DefaultInstanceManager.java:515)
		at org.apache.catalina.core.DefaultInstanceManager.newInstance(DefaultInstanceManager.java:149)
		at org.apache.catalina.core.StandardWrapper.loadServlet(StandardWrapper.java:1070)
		at org.apache.catalina.core.StandardWrapper.allocate(StandardWrapper.java:788)
		at org.apache.catalina.core.StandardWrapperValve.invoke(StandardWrapperValve.java:128)
		at org.apache.catalina.core.StandardContextValve.invoke(StandardContextValve.java:97)
		at org.apache.catalina.authenticator.AuthenticatorBase.invoke(AuthenticatorBase.java:541)
		at org.apache.catalina.core.StandardHostValve.invoke(StandardHostValve.java:135)
		at org.apache.catalina.valves.ErrorReportValve.invoke(ErrorReportValve.java:92)
		at org.apache.catalina.valves.AbstractAccessLogValve.invoke(AbstractAccessLogValve.java:687)
		at org.apache.catalina.core.StandardEngineValve.invoke(StandardEngineValve.java:78)
		at org.apache.catalina.connector.CoyoteAdapter.service(CoyoteAdapter.java:360)
		at org.apache.coyote.http11.Http11Processor.service(Http11Processor.java:399)
		at org.apache.coyote.AbstractProcessorLight.process(AbstractProcessorLight.java:65)
		at org.apache.coyote.AbstractProtocol$ConnectionHandler.process(AbstractProtocol.java:893)
		at org.apache.tomcat.util.net.NioEndpoint$SocketProcessor.doRun(NioEndpoint.java:1789)
		at org.apache.tomcat.util.net.SocketProcessorBase.run(SocketProcessorBase.java:49)
		at org.apache.tomcat.util.threads.ThreadPoolExecutor.runWorker(ThreadPoolExecutor.java:1191)
		at org.apache.tomcat.util.threads.ThreadPoolExecutor$Worker.run(ThreadPoolExecutor.java:659)
		at org.apache.tomcat.util.threads.TaskThread$WrappingRunnable.run(TaskThread.java:61)
		at java.base/java.lang.Thread.run(Thread.java:834)
05-Nov-2022 04:42:03.828 INFO [http-nio-8282-exec-1] org.apache.catalina.core.ApplicationContext.log 서블릿 [Numbering_Servlet]을(를) 가용하지 않은 상태로 표시합니다.
05-Nov-2022 04:42:03.829 SEVERE [http-nio-8282-exec-1] org.apache.catalina.core.StandardWrapperValve.invoke 서블릿 [Numbering_Servlet]을(를) 위해 할당하던 중 예외 발생
	java.lang.ClassNotFoundException: engine.NumberingServlet
		at org.apache.catalina.loader.WebappClassLoaderBase.loadClass(WebappClassLoaderBase.java:1412)
		at org.apache.catalina.loader.WebappClassLoaderBase.loadClass(WebappClassLoaderBase.java:1220)
		at org.apache.catalina.core.DefaultInstanceManager.loadClass(DefaultInstanceManager.java:534)
		at org.apache.catalina.core.DefaultInstanceManager.loadClassMaybePrivileged(DefaultInstanceManager.java:515)
		at org.apache.catalina.core.DefaultInstanceManager.newInstance(DefaultInstanceManager.java:149)
		at org.apache.catalina.core.StandardWrapper.loadServlet(StandardWrapper.java:1070)
		at org.apache.catalina.core.StandardWrapper.allocate(StandardWrapper.java:788)
		at org.apache.catalina.core.StandardWrapperValve.invoke(StandardWrapperValve.java:128)
		at org.apache.catalina.core.StandardContextValve.invoke(StandardContextValve.java:97)
		at org.apache.catalina.authenticator.AuthenticatorBase.invoke(AuthenticatorBase.java:541)
		at org.apache.catalina.core.StandardHostValve.invoke(StandardHostValve.java:135)
		at org.apache.catalina.valves.ErrorReportValve.invoke(ErrorReportValve.java:92)
		at org.apache.catalina.valves.AbstractAccessLogValve.invoke(AbstractAccessLogValve.java:687)
		at org.apache.catalina.core.StandardEngineValve.invoke(StandardEngineValve.java:78)
		at org.apache.catalina.connector.CoyoteAdapter.service(CoyoteAdapter.java:360)
		at org.apache.coyote.http11.Http11Processor.service(Http11Processor.java:399)
		at org.apache.coyote.AbstractProcessorLight.process(AbstractProcessorLight.java:65)
		at org.apache.coyote.AbstractProtocol$ConnectionHandler.process(AbstractProtocol.java:893)
		at org.apache.tomcat.util.net.NioEndpoint$SocketProcessor.doRun(NioEndpoint.java:1789)
		at org.apache.tomcat.util.net.SocketProcessorBase.run(SocketProcessorBase.java:49)
		at org.apache.tomcat.util.threads.ThreadPoolExecutor.runWorker(ThreadPoolExecutor.java:1191)
		at org.apache.tomcat.util.threads.ThreadPoolExecutor$Worker.run(ThreadPoolExecutor.java:659)
		at org.apache.tomcat.util.threads.TaskThread$WrappingRunnable.run(TaskThread.java:61)
		at java.base/java.lang.Thread.run(Thread.java:834)
05-Nov-2022 04:48:18.258 INFO [main] org.apache.catalina.core.ApplicationContext.log SessionListener: contextDestroyed()
05-Nov-2022 04:48:18.258 INFO [main] org.apache.catalina.core.ApplicationContext.log ContextListener: contextDestroyed()
05-Nov-2022 04:48:24.183 INFO [main] org.apache.catalina.core.ApplicationContext.log ContextListener: contextInitialized()
05-Nov-2022 04:48:24.184 INFO [main] org.apache.catalina.core.ApplicationContext.log SessionListener: contextInitialized()
05-Nov-2022 04:48:24.189 INFO [main] org.apache.catalina.core.ApplicationContext.log ContextListener: attributeAdded('StockTicker', 'async.Stockticker@323e8306')
05-Nov-2022 04:48:29.271 INFO [http-nio-8282-exec-2] org.apache.catalina.core.ApplicationContext.log 서블릿 [Numbering_Servlet]을(를) 가용하지 않은 상태로 표시합니다.
05-Nov-2022 04:48:29.272 SEVERE [http-nio-8282-exec-2] org.apache.catalina.core.StandardWrapperValve.invoke 서블릿 [Numbering_Servlet]을(를) 위해 할당하던 중 예외 발생
	java.lang.ClassNotFoundException: test
		at org.apache.catalina.loader.WebappClassLoaderBase.loadClass(WebappClassLoaderBase.java:1412)
		at org.apache.catalina.loader.WebappClassLoaderBase.loadClass(WebappClassLoaderBase.java:1220)
		at org.apache.catalina.core.DefaultInstanceManager.loadClass(DefaultInstanceManager.java:534)
		at org.apache.catalina.core.DefaultInstanceManager.loadClassMaybePrivileged(DefaultInstanceManager.java:515)
		at org.apache.catalina.core.DefaultInstanceManager.newInstance(DefaultInstanceManager.java:149)
		at org.apache.catalina.core.StandardWrapper.loadServlet(StandardWrapper.java:1070)
		at org.apache.catalina.core.StandardWrapper.allocate(StandardWrapper.java:788)
		at org.apache.catalina.core.StandardWrapperValve.invoke(StandardWrapperValve.java:128)
		at org.apache.catalina.core.StandardContextValve.invoke(StandardContextValve.java:97)
		at org.apache.catalina.authenticator.AuthenticatorBase.invoke(AuthenticatorBase.java:541)
		at org.apache.catalina.core.StandardHostValve.invoke(StandardHostValve.java:135)
		at org.apache.catalina.valves.ErrorReportValve.invoke(ErrorReportValve.java:92)
		at org.apache.catalina.valves.AbstractAccessLogValve.invoke(AbstractAccessLogValve.java:687)
		at org.apache.catalina.core.StandardEngineValve.invoke(StandardEngineValve.java:78)
		at org.apache.catalina.connector.CoyoteAdapter.service(CoyoteAdapter.java:360)
		at org.apache.coyote.http11.Http11Processor.service(Http11Processor.java:399)
		at org.apache.coyote.AbstractProcessorLight.process(AbstractProcessorLight.java:65)
		at org.apache.coyote.AbstractProtocol$ConnectionHandler.process(AbstractProtocol.java:893)
		at org.apache.tomcat.util.net.NioEndpoint$SocketProcessor.doRun(NioEndpoint.java:1789)
		at org.apache.tomcat.util.net.SocketProcessorBase.run(SocketProcessorBase.java:49)
		at org.apache.tomcat.util.threads.ThreadPoolExecutor.runWorker(ThreadPoolExecutor.java:1191)
		at org.apache.tomcat.util.threads.ThreadPoolExecutor$Worker.run(ThreadPoolExecutor.java:659)
		at org.apache.tomcat.util.threads.TaskThread$WrappingRunnable.run(TaskThread.java:61)
		at java.base/java.lang.Thread.run(Thread.java:834)
05-Nov-2022 04:50:56.894 INFO [main] org.apache.catalina.core.ApplicationContext.log SessionListener: contextDestroyed()
05-Nov-2022 04:50:56.894 INFO [main] org.apache.catalina.core.ApplicationContext.log ContextListener: contextDestroyed()
05-Nov-2022 04:51:04.359 INFO [main] org.apache.catalina.core.ApplicationContext.log ContextListener: contextInitialized()
05-Nov-2022 04:51:04.360 INFO [main] org.apache.catalina.core.ApplicationContext.log SessionListener: contextInitialized()
05-Nov-2022 04:51:04.368 INFO [main] org.apache.catalina.core.ApplicationContext.log ContextListener: attributeAdded('StockTicker', 'async.Stockticker@3301500b')
05-Nov-2022 04:51:05.552 INFO [http-nio-8282-exec-2] org.apache.catalina.core.ApplicationContext.log 서블릿 [Numbering_Servlet]을(를) 가용하지 않은 상태로 표시합니다.
05-Nov-2022 04:51:05.553 SEVERE [http-nio-8282-exec-2] org.apache.catalina.core.StandardWrapperValve.invoke 서블릿 [Numbering_Servlet]을(를) 위해 할당하던 중 예외 발생
	java.lang.ClassNotFoundException: test
		at org.apache.catalina.loader.WebappClassLoaderBase.loadClass(WebappClassLoaderBase.java:1412)
		at org.apache.catalina.loader.WebappClassLoaderBase.loadClass(WebappClassLoaderBase.java:1220)
		at org.apache.catalina.core.DefaultInstanceManager.loadClass(DefaultInstanceManager.java:534)
		at org.apache.catalina.core.DefaultInstanceManager.loadClassMaybePrivileged(DefaultInstanceManager.java:515)
		at org.apache.catalina.core.DefaultInstanceManager.newInstance(DefaultInstanceManager.java:149)
		at org.apache.catalina.core.StandardWrapper.loadServlet(StandardWrapper.java:1070)
		at org.apache.catalina.core.StandardWrapper.allocate(StandardWrapper.java:788)
		at org.apache.catalina.core.StandardWrapperValve.invoke(StandardWrapperValve.java:128)
		at org.apache.catalina.core.StandardContextValve.invoke(StandardContextValve.java:97)
		at org.apache.catalina.authenticator.AuthenticatorBase.invoke(AuthenticatorBase.java:541)
		at org.apache.catalina.core.StandardHostValve.invoke(StandardHostValve.java:135)
		at org.apache.catalina.valves.ErrorReportValve.invoke(ErrorReportValve.java:92)
		at org.apache.catalina.valves.AbstractAccessLogValve.invoke(AbstractAccessLogValve.java:687)
		at org.apache.catalina.core.StandardEngineValve.invoke(StandardEngineValve.java:78)
		at org.apache.catalina.connector.CoyoteAdapter.service(CoyoteAdapter.java:360)
		at org.apache.coyote.http11.Http11Processor.service(Http11Processor.java:399)
		at org.apache.coyote.AbstractProcessorLight.process(AbstractProcessorLight.java:65)
		at org.apache.coyote.AbstractProtocol$ConnectionHandler.process(AbstractProtocol.java:893)
		at org.apache.tomcat.util.net.NioEndpoint$SocketProcessor.doRun(NioEndpoint.java:1789)
		at org.apache.tomcat.util.net.SocketProcessorBase.run(SocketProcessorBase.java:49)
		at org.apache.tomcat.util.threads.ThreadPoolExecutor.runWorker(ThreadPoolExecutor.java:1191)
		at org.apache.tomcat.util.threads.ThreadPoolExecutor$Worker.run(ThreadPoolExecutor.java:659)
		at org.apache.tomcat.util.threads.TaskThread$WrappingRunnable.run(TaskThread.java:61)
		at java.base/java.lang.Thread.run(Thread.java:834)
05-Nov-2022 04:52:47.004 INFO [http-nio-8282-exec-10] org.apache.catalina.core.ApplicationContext.log 서블릿 [HelloServlet]을(를) 가용하지 않은 상태로 표시합니다.
05-Nov-2022 04:52:47.004 SEVERE [http-nio-8282-exec-10] org.apache.catalina.core.StandardWrapperValve.invoke 서블릿 [HelloServlet]을(를) 위해 할당하던 중 예외 발생
	java.lang.ClassNotFoundException: engine.NumberingServlet
		at org.apache.catalina.loader.WebappClassLoaderBase.loadClass(WebappClassLoaderBase.java:1412)
		at org.apache.catalina.loader.WebappClassLoaderBase.loadClass(WebappClassLoaderBase.java:1220)
		at org.apache.catalina.core.DefaultInstanceManager.loadClass(DefaultInstanceManager.java:534)
		at org.apache.catalina.core.DefaultInstanceManager.loadClassMaybePrivileged(DefaultInstanceManager.java:515)
		at org.apache.catalina.core.DefaultInstanceManager.newInstance(DefaultInstanceManager.java:149)
		at org.apache.catalina.core.StandardWrapper.loadServlet(StandardWrapper.java:1070)
		at org.apache.catalina.core.StandardWrapper.allocate(StandardWrapper.java:788)
		at org.apache.catalina.core.StandardWrapperValve.invoke(StandardWrapperValve.java:128)
		at org.apache.catalina.core.StandardContextValve.invoke(StandardContextValve.java:97)
		at org.apache.catalina.authenticator.AuthenticatorBase.invoke(AuthenticatorBase.java:541)
		at org.apache.catalina.core.StandardHostValve.invoke(StandardHostValve.java:135)
		at org.apache.catalina.valves.ErrorReportValve.invoke(ErrorReportValve.java:92)
		at org.apache.catalina.valves.AbstractAccessLogValve.invoke(AbstractAccessLogValve.java:687)
		at org.apache.catalina.core.StandardEngineValve.invoke(StandardEngineValve.java:78)
		at org.apache.catalina.connector.CoyoteAdapter.service(CoyoteAdapter.java:360)
		at org.apache.coyote.http11.Http11Processor.service(Http11Processor.java:399)
		at org.apache.coyote.AbstractProcessorLight.process(AbstractProcessorLight.java:65)
		at org.apache.coyote.AbstractProtocol$ConnectionHandler.process(AbstractProtocol.java:893)
		at org.apache.tomcat.util.net.NioEndpoint$SocketProcessor.doRun(NioEndpoint.java:1789)
		at org.apache.tomcat.util.net.SocketProcessorBase.run(SocketProcessorBase.java:49)
		at org.apache.tomcat.util.threads.ThreadPoolExecutor.runWorker(ThreadPoolExecutor.java:1191)
		at org.apache.tomcat.util.threads.ThreadPoolExecutor$Worker.run(ThreadPoolExecutor.java:659)
		at org.apache.tomcat.util.threads.TaskThread$WrappingRunnable.run(TaskThread.java:61)
		at java.base/java.lang.Thread.run(Thread.java:834)
05-Nov-2022 04:55:53.347 INFO [main] org.apache.catalina.core.ApplicationContext.log ContextListener: contextInitialized()
05-Nov-2022 04:55:53.349 INFO [main] org.apache.catalina.core.ApplicationContext.log SessionListener: contextInitialized()
05-Nov-2022 04:55:53.355 INFO [main] org.apache.catalina.core.ApplicationContext.log ContextListener: attributeAdded('StockTicker', 'async.Stockticker@7674a051')
05-Nov-2022 19:44:07.200 정보 [main] org.apache.catalina.core.ApplicationContext.log ContextListener: contextInitialized()
05-Nov-2022 19:44:07.200 정보 [main] org.apache.catalina.core.ApplicationContext.log SessionListener: contextInitialized()
05-Nov-2022 19:44:07.204 정보 [main] org.apache.catalina.core.ApplicationContext.log ContextListener: attributeAdded('StockTicker', 'async.Stockticker@50caa560')
05-Nov-2022 19:44:22.548 정보 [http-nio-8282-exec-3] org.apache.catalina.core.ApplicationContext.log 서블릿 [Numbering_Servlet]을(를) 가용하지 않은 상태로 표시합니다.
05-Nov-2022 19:44:22.548 심각 [http-nio-8282-exec-3] org.apache.catalina.core.StandardWrapperValve.invoke 서블릿 [Numbering_Servlet]을(를) 위해 할당하던 중 예외 발생
	java.lang.ClassNotFoundException: org.apache.logging.log4j.LogManager
		at org.apache.catalina.loader.WebappClassLoaderBase.loadClass(WebappClassLoaderBase.java:1412)
		at org.apache.catalina.loader.WebappClassLoaderBase.loadClass(WebappClassLoaderBase.java:1220)
		at engine.NumberingServlet.<clinit>(NumberingServlet.java:18)
		at sun.reflect.NativeConstructorAccessorImpl.newInstance0(Native Method)
		at sun.reflect.NativeConstructorAccessorImpl.newInstance(NativeConstructorAccessorImpl.java:62)
		at sun.reflect.DelegatingConstructorAccessorImpl.newInstance(DelegatingConstructorAccessorImpl.java:45)
		at java.lang.reflect.Constructor.newInstance(Constructor.java:423)
		at org.apache.catalina.core.DefaultInstanceManager.newInstance(DefaultInstanceManager.java:150)
		at org.apache.catalina.core.StandardWrapper.loadServlet(StandardWrapper.java:1070)
		at org.apache.catalina.core.StandardWrapper.allocate(StandardWrapper.java:788)
		at org.apache.catalina.core.StandardWrapperValve.invoke(StandardWrapperValve.java:128)
		at org.apache.catalina.core.StandardContextValve.invoke(StandardContextValve.java:97)
		at org.apache.catalina.authenticator.AuthenticatorBase.invoke(AuthenticatorBase.java:541)
		at org.apache.catalina.core.StandardHostValve.invoke(StandardHostValve.java:135)
		at org.apache.catalina.valves.ErrorReportValve.invoke(ErrorReportValve.java:92)
		at org.apache.catalina.valves.AbstractAccessLogValve.invoke(AbstractAccessLogValve.java:687)
		at org.apache.catalina.core.StandardEngineValve.invoke(StandardEngineValve.java:78)
		at org.apache.catalina.connector.CoyoteAdapter.service(CoyoteAdapter.java:360)
		at org.apache.coyote.http11.Http11Processor.service(Http11Processor.java:399)
		at org.apache.coyote.AbstractProcessorLight.process(AbstractProcessorLight.java:65)
		at org.apache.coyote.AbstractProtocol$ConnectionHandler.process(AbstractProtocol.java:893)
		at org.apache.tomcat.util.net.NioEndpoint$SocketProcessor.doRun(NioEndpoint.java:1789)
		at org.apache.tomcat.util.net.SocketProcessorBase.run(SocketProcessorBase.java:49)
		at org.apache.tomcat.util.threads.ThreadPoolExecutor.runWorker(ThreadPoolExecutor.java:1191)
		at org.apache.tomcat.util.threads.ThreadPoolExecutor$Worker.run(ThreadPoolExecutor.java:659)
		at org.apache.tomcat.util.threads.TaskThread$WrappingRunnable.run(TaskThread.java:61)
		at java.lang.Thread.run(Thread.java:748)
05-Nov-2022 19:45:06.710 정보 [main] org.apache.catalina.core.ApplicationContext.log SessionListener: contextDestroyed()
05-Nov-2022 19:45:06.711 정보 [main] org.apache.catalina.core.ApplicationContext.log ContextListener: contextDestroyed()
05-Nov-2022 19:45:10.480 정보 [main] org.apache.catalina.core.ApplicationContext.log ContextListener: contextInitialized()
05-Nov-2022 19:45:10.480 정보 [main] org.apache.catalina.core.ApplicationContext.log SessionListener: contextInitialized()
05-Nov-2022 19:45:10.482 정보 [main] org.apache.catalina.core.ApplicationContext.log ContextListener: attributeAdded('StockTicker', 'async.Stockticker@50caa560')
05-Nov-2022 19:45:23.801 정보 [http-nio-8282-exec-1] org.apache.catalina.core.ApplicationContext.log 서블릿 [Numbering_Servlet]을(를) 가용하지 않은 상태로 표시합니다.
05-Nov-2022 19:45:23.801 심각 [http-nio-8282-exec-1] org.apache.catalina.core.StandardWrapperValve.invoke 서블릿 [Numbering_Servlet]을(를) 위해 할당하던 중 예외 발생
	java.lang.ClassNotFoundException: org.apache.logging.log4j.LogManager
		at org.apache.catalina.loader.WebappClassLoaderBase.loadClass(WebappClassLoaderBase.java:1412)
		at org.apache.catalina.loader.WebappClassLoaderBase.loadClass(WebappClassLoaderBase.java:1220)
		at engine.NumberingServlet.<clinit>(NumberingServlet.java:18)
		at sun.reflect.NativeConstructorAccessorImpl.newInstance0(Native Method)
		at sun.reflect.NativeConstructorAccessorImpl.newInstance(NativeConstructorAccessorImpl.java:62)
		at sun.reflect.DelegatingConstructorAccessorImpl.newInstance(DelegatingConstructorAccessorImpl.java:45)
		at java.lang.reflect.Constructor.newInstance(Constructor.java:423)
		at org.apache.catalina.core.DefaultInstanceManager.newInstance(DefaultInstanceManager.java:150)
		at org.apache.catalina.core.StandardWrapper.loadServlet(StandardWrapper.java:1070)
		at org.apache.catalina.core.StandardWrapper.allocate(StandardWrapper.java:788)
		at org.apache.catalina.core.StandardWrapperValve.invoke(StandardWrapperValve.java:128)
		at org.apache.catalina.core.StandardContextValve.invoke(StandardContextValve.java:97)
		at org.apache.catalina.authenticator.AuthenticatorBase.invoke(AuthenticatorBase.java:541)
		at org.apache.catalina.core.StandardHostValve.invoke(StandardHostValve.java:135)
		at org.apache.catalina.valves.ErrorReportValve.invoke(ErrorReportValve.java:92)
		at org.apache.catalina.valves.AbstractAccessLogValve.invoke(AbstractAccessLogValve.java:687)
		at org.apache.catalina.core.StandardEngineValve.invoke(StandardEngineValve.java:78)
		at org.apache.catalina.connector.CoyoteAdapter.service(CoyoteAdapter.java:360)
		at org.apache.coyote.http11.Http11Processor.service(Http11Processor.java:399)
		at org.apache.coyote.AbstractProcessorLight.process(AbstractProcessorLight.java:65)
		at org.apache.coyote.AbstractProtocol$ConnectionHandler.process(AbstractProtocol.java:893)
		at org.apache.tomcat.util.net.NioEndpoint$SocketProcessor.doRun(NioEndpoint.java:1789)
		at org.apache.tomcat.util.net.SocketProcessorBase.run(SocketProcessorBase.java:49)
		at org.apache.tomcat.util.threads.ThreadPoolExecutor.runWorker(ThreadPoolExecutor.java:1191)
		at org.apache.tomcat.util.threads.ThreadPoolExecutor$Worker.run(ThreadPoolExecutor.java:659)
		at org.apache.tomcat.util.threads.TaskThread$WrappingRunnable.run(TaskThread.java:61)
		at java.lang.Thread.run(Thread.java:748)
05-Nov-2022 21:09:05.250 정보 [main] org.apache.catalina.core.ApplicationContext.log ContextListener: contextInitialized()
05-Nov-2022 21:09:05.250 정보 [main] org.apache.catalina.core.ApplicationContext.log SessionListener: contextInitialized()
05-Nov-2022 21:09:05.252 정보 [main] org.apache.catalina.core.ApplicationContext.log ContextListener: attributeAdded('StockTicker', 'async.Stockticker@50caa560')
05-Nov-2022 21:09:14.275 정보 [http-nio-8282-exec-2] org.apache.catalina.core.ApplicationContext.log 서블릿 [Numbering_Servlet]을(를) 가용하지 않은 상태로 표시합니다.
05-Nov-2022 21:09:14.275 심각 [http-nio-8282-exec-2] org.apache.catalina.core.StandardWrapperValve.invoke 서블릿 [Numbering_Servlet]을(를) 위해 할당하던 중 예외 발생
	java.lang.ClassNotFoundException: org.apache.logging.log4j.LogManager
		at org.apache.catalina.loader.WebappClassLoaderBase.loadClass(WebappClassLoaderBase.java:1412)
		at org.apache.catalina.loader.WebappClassLoaderBase.loadClass(WebappClassLoaderBase.java:1220)
		at engine.NumberingServlet.<clinit>(NumberingServlet.java:18)
		at sun.reflect.NativeConstructorAccessorImpl.newInstance0(Native Method)
		at sun.reflect.NativeConstructorAccessorImpl.newInstance(NativeConstructorAccessorImpl.java:62)
		at sun.reflect.DelegatingConstructorAccessorImpl.newInstance(DelegatingConstructorAccessorImpl.java:45)
		at java.lang.reflect.Constructor.newInstance(Constructor.java:423)
		at org.apache.catalina.core.DefaultInstanceManager.newInstance(DefaultInstanceManager.java:150)
		at org.apache.catalina.core.StandardWrapper.loadServlet(StandardWrapper.java:1070)
		at org.apache.catalina.core.StandardWrapper.allocate(StandardWrapper.java:788)
		at org.apache.catalina.core.StandardWrapperValve.invoke(StandardWrapperValve.java:128)
		at org.apache.catalina.core.StandardContextValve.invoke(StandardContextValve.java:97)
		at org.apache.catalina.authenticator.AuthenticatorBase.invoke(AuthenticatorBase.java:541)
		at org.apache.catalina.core.StandardHostValve.invoke(StandardHostValve.java:135)
		at org.apache.catalina.valves.ErrorReportValve.invoke(ErrorReportValve.java:92)
		at org.apache.catalina.valves.AbstractAccessLogValve.invoke(AbstractAccessLogValve.java:687)
		at org.apache.catalina.core.StandardEngineValve.invoke(StandardEngineValve.java:78)
		at org.apache.catalina.connector.CoyoteAdapter.service(CoyoteAdapter.java:360)
		at org.apache.coyote.http11.Http11Processor.service(Http11Processor.java:399)
		at org.apache.coyote.AbstractProcessorLight.process(AbstractProcessorLight.java:65)
		at org.apache.coyote.AbstractProtocol$ConnectionHandler.process(AbstractProtocol.java:893)
		at org.apache.tomcat.util.net.NioEndpoint$SocketProcessor.doRun(NioEndpoint.java:1789)
		at org.apache.tomcat.util.net.SocketProcessorBase.run(SocketProcessorBase.java:49)
		at org.apache.tomcat.util.threads.ThreadPoolExecutor.runWorker(ThreadPoolExecutor.java:1191)
		at org.apache.tomcat.util.threads.ThreadPoolExecutor$Worker.run(ThreadPoolExecutor.java:659)
		at org.apache.tomcat.util.threads.TaskThread$WrappingRunnable.run(TaskThread.java:61)
		at java.lang.Thread.run(Thread.java:748)
05-Nov-2022 21:09:35.618 정보 [main] org.apache.catalina.core.ApplicationContext.log SessionListener: contextDestroyed()
05-Nov-2022 21:09:35.618 정보 [main] org.apache.catalina.core.ApplicationContext.log ContextListener: contextDestroyed()
05-Nov-2022 21:11:53.680 정보 [main] org.apache.catalina.core.ApplicationContext.log ContextListener: contextInitialized()
05-Nov-2022 21:11:53.680 정보 [main] org.apache.catalina.core.ApplicationContext.log SessionListener: contextInitialized()
05-Nov-2022 21:11:53.682 정보 [main] org.apache.catalina.core.ApplicationContext.log ContextListener: attributeAdded('StockTicker', 'async.Stockticker@50caa560')
05-Nov-2022 21:12:02.885 정보 [http-nio-8282-exec-1] org.apache.catalina.core.ApplicationContext.log 서블릿 [Numbering_Servlet]을(를) 가용하지 않은 상태로 표시합니다.
05-Nov-2022 21:12:02.886 심각 [http-nio-8282-exec-1] org.apache.catalina.core.StandardWrapperValve.invoke 서블릿 [Numbering_Servlet]을(를) 위해 할당하던 중 예외 발생
	java.lang.ClassNotFoundException: org.apache.logging.log4j.LogManager
		at org.apache.catalina.loader.WebappClassLoaderBase.loadClass(WebappClassLoaderBase.java:1412)
		at org.apache.catalina.loader.WebappClassLoaderBase.loadClass(WebappClassLoaderBase.java:1220)
		at engine.NumberingServlet.<clinit>(NumberingServlet.java:18)
		at sun.reflect.NativeConstructorAccessorImpl.newInstance0(Native Method)
		at sun.reflect.NativeConstructorAccessorImpl.newInstance(NativeConstructorAccessorImpl.java:62)
		at sun.reflect.DelegatingConstructorAccessorImpl.newInstance(DelegatingConstructorAccessorImpl.java:45)
		at java.lang.reflect.Constructor.newInstance(Constructor.java:423)
		at org.apache.catalina.core.DefaultInstanceManager.newInstance(DefaultInstanceManager.java:150)
		at org.apache.catalina.core.StandardWrapper.loadServlet(StandardWrapper.java:1070)
		at org.apache.catalina.core.StandardWrapper.allocate(StandardWrapper.java:788)
		at org.apache.catalina.core.StandardWrapperValve.invoke(StandardWrapperValve.java:128)
		at org.apache.catalina.core.StandardContextValve.invoke(StandardContextValve.java:97)
		at org.apache.catalina.authenticator.AuthenticatorBase.invoke(AuthenticatorBase.java:541)
		at org.apache.catalina.core.StandardHostValve.invoke(StandardHostValve.java:135)
		at org.apache.catalina.valves.ErrorReportValve.invoke(ErrorReportValve.java:92)
		at org.apache.catalina.valves.AbstractAccessLogValve.invoke(AbstractAccessLogValve.java:687)
		at org.apache.catalina.core.StandardEngineValve.invoke(StandardEngineValve.java:78)
		at org.apache.catalina.connector.CoyoteAdapter.service(CoyoteAdapter.java:360)
		at org.apache.coyote.http11.Http11Processor.service(Http11Processor.java:399)
		at org.apache.coyote.AbstractProcessorLight.process(AbstractProcessorLight.java:65)
		at org.apache.coyote.AbstractProtocol$ConnectionHandler.process(AbstractProtocol.java:893)
		at org.apache.tomcat.util.net.NioEndpoint$SocketProcessor.doRun(NioEndpoint.java:1789)
		at org.apache.tomcat.util.net.SocketProcessorBase.run(SocketProcessorBase.java:49)
		at org.apache.tomcat.util.threads.ThreadPoolExecutor.runWorker(ThreadPoolExecutor.java:1191)
		at org.apache.tomcat.util.threads.ThreadPoolExecutor$Worker.run(ThreadPoolExecutor.java:659)
		at org.apache.tomcat.util.threads.TaskThread$WrappingRunnable.run(TaskThread.java:61)
		at java.lang.Thread.run(Thread.java:748)
05-Nov-2022 21:18:25.585 정보 [main] org.apache.catalina.core.ApplicationContext.log ContextListener: contextInitialized()
05-Nov-2022 21:18:25.585 정보 [main] org.apache.catalina.core.ApplicationContext.log SessionListener: contextInitialized()
05-Nov-2022 21:18:25.589 정보 [main] org.apache.catalina.core.ApplicationContext.log ContextListener: attributeAdded('StockTicker', 'async.Stockticker@50caa560')
05-Nov-2022 21:21:14.634 정보 [main] org.apache.catalina.core.ApplicationContext.log SessionListener: contextDestroyed()
05-Nov-2022 21:21:14.634 정보 [main] org.apache.catalina.core.ApplicationContext.log ContextListener: contextDestroyed()
05-Nov-2022 21:23:41.851 정보 [main] org.apache.catalina.core.ApplicationContext.log ContextListener: contextInitialized()
05-Nov-2022 21:23:41.851 정보 [main] org.apache.catalina.core.ApplicationContext.log SessionListener: contextInitialized()
05-Nov-2022 21:23:41.853 정보 [main] org.apache.catalina.core.ApplicationContext.log ContextListener: attributeAdded('StockTicker', 'async.Stockticker@50caa560')
05-Nov-2022 21:25:11.144 정보 [main] org.apache.catalina.core.ApplicationContext.log ContextListener: contextInitialized()
05-Nov-2022 21:25:11.144 정보 [main] org.apache.catalina.core.ApplicationContext.log SessionListener: contextInitialized()
05-Nov-2022 21:25:11.146 정보 [main] org.apache.catalina.core.ApplicationContext.log ContextListener: attributeAdded('StockTicker', 'async.Stockticker@50caa560')
05-Nov-2022 21:25:20.468 정보 [main] org.apache.catalina.core.ApplicationContext.log SessionListener: contextDestroyed()
05-Nov-2022 21:25:20.468 정보 [main] org.apache.catalina.core.ApplicationContext.log ContextListener: contextDestroyed()
05-Nov-2022 21:28:03.687 정보 [main] org.apache.catalina.core.ApplicationContext.log ContextListener: contextInitialized()
05-Nov-2022 21:28:03.687 정보 [main] org.apache.catalina.core.ApplicationContext.log SessionListener: contextInitialized()
05-Nov-2022 21:28:03.690 정보 [main] org.apache.catalina.core.ApplicationContext.log ContextListener: attributeAdded('StockTicker', 'async.Stockticker@50caa560')
05-Nov-2022 21:28:21.660 정보 [main] org.apache.catalina.core.ApplicationContext.log ContextListener: contextInitialized()
05-Nov-2022 21:28:21.661 정보 [main] org.apache.catalina.core.ApplicationContext.log SessionListener: contextInitialized()
05-Nov-2022 21:28:21.662 정보 [main] org.apache.catalina.core.ApplicationContext.log ContextListener: attributeAdded('StockTicker', 'async.Stockticker@50caa560')
05-Nov-2022 21:29:38.021 정보 [main] org.apache.catalina.core.ApplicationContext.log ContextListener: contextInitialized()
05-Nov-2022 21:29:38.022 정보 [main] org.apache.catalina.core.ApplicationContext.log SessionListener: contextInitialized()
05-Nov-2022 21:29:38.024 정보 [main] org.apache.catalina.core.ApplicationContext.log ContextListener: attributeAdded('StockTicker', 'async.Stockticker@2f54a33d')
05-Nov-2022 21:29:38.313 정보 [main] org.apache.catalina.core.ApplicationContext.log SessionListener: contextDestroyed()
05-Nov-2022 21:29:38.313 정보 [main] org.apache.catalina.core.ApplicationContext.log ContextListener: contextDestroyed()
05-Nov-2022 21:29:57.039 정보 [main] org.apache.catalina.core.ApplicationContext.log ContextListener: contextInitialized()
05-Nov-2022 21:29:57.039 정보 [main] org.apache.catalina.core.ApplicationContext.log SessionListener: contextInitialized()
05-Nov-2022 21:29:57.041 정보 [main] org.apache.catalina.core.ApplicationContext.log ContextListener: attributeAdded('StockTicker', 'async.Stockticker@50caa560')
05-Nov-2022 21:30:52.810 정보 [main] org.apache.catalina.core.ApplicationContext.log SessionListener: contextDestroyed()
05-Nov-2022 21:30:52.810 정보 [main] org.apache.catalina.core.ApplicationContext.log ContextListener: contextDestroyed()
05-Nov-2022 21:31:20.809 정보 [main] org.apache.catalina.core.ApplicationContext.log ContextListener: contextInitialized()
05-Nov-2022 21:31:20.809 정보 [main] org.apache.catalina.core.ApplicationContext.log SessionListener: contextInitialized()
05-Nov-2022 21:31:20.811 정보 [main] org.apache.catalina.core.ApplicationContext.log ContextListener: attributeAdded('StockTicker', 'async.Stockticker@50caa560')
05-Nov-2022 21:40:24.316 정보 [main] org.apache.catalina.core.ApplicationContext.log SessionListener: contextDestroyed()
05-Nov-2022 21:40:24.316 정보 [main] org.apache.catalina.core.ApplicationContext.log ContextListener: contextDestroyed()
05-Nov-2022 21:44:31.711 정보 [main] org.apache.catalina.core.ApplicationContext.log ContextListener: contextInitialized()
05-Nov-2022 21:44:31.711 정보 [main] org.apache.catalina.core.ApplicationContext.log SessionListener: contextInitialized()
05-Nov-2022 21:44:31.713 정보 [main] org.apache.catalina.core.ApplicationContext.log ContextListener: attributeAdded('StockTicker', 'async.Stockticker@8317c52')
05-Nov-2022 21:46:01.220 정보 [main] org.apache.catalina.core.ApplicationContext.log SessionListener: contextDestroyed()
05-Nov-2022 21:46:01.220 정보 [main] org.apache.catalina.core.ApplicationContext.log ContextListener: contextDestroyed()
05-Nov-2022 21:46:04.844 정보 [main] org.apache.catalina.core.ApplicationContext.log ContextListener: contextInitialized()
05-Nov-2022 21:46:04.845 정보 [main] org.apache.catalina.core.ApplicationContext.log SessionListener: contextInitialized()
05-Nov-2022 21:46:04.847 정보 [main] org.apache.catalina.core.ApplicationContext.log ContextListener: attributeAdded('StockTicker', 'async.Stockticker@770d3326')
