06-Nov-2022 00:17:23.677 정보 [main] org.apache.catalina.core.ApplicationContext.log ContextListener: contextInitialized()
06-Nov-2022 00:17:23.677 정보 [main] org.apache.catalina.core.ApplicationContext.log SessionListener: contextInitialized()
06-Nov-2022 00:17:23.679 정보 [main] org.apache.catalina.core.ApplicationContext.log ContextListener: attributeAdded('StockTicker', 'async.Stockticker@2e222612')
06-Nov-2022 21:12:16.450 정보 [main] org.apache.catalina.core.ApplicationContext.log ContextListener: contextInitialized()
06-Nov-2022 21:12:16.450 정보 [main] org.apache.catalina.core.ApplicationContext.log SessionListener: contextInitialized()
06-Nov-2022 21:12:16.453 정보 [main] org.apache.catalina.core.ApplicationContext.log ContextListener: attributeAdded('StockTicker', 'async.Stockticker@2e222612')
06-Nov-2022 21:12:22.135 심각 [http-nio-8282-exec-1] org.apache.catalina.core.StandardWrapperValve.invoke 경로 [/numberingEngine]의 컨텍스트 내의 서블릿 [Numbering_Servlet]을(를) 위한 Servlet.service() 호출이, 근본 원인(root cause)과 함께, 예외 [서블릿 실행이 예외를 발생시켰습니다.]을(를) 발생시켰습니다.
	java.lang.ClassNotFoundException: org.apache.log4j.Layout
		at org.apache.catalina.loader.WebappClassLoaderBase.loadClass(WebappClassLoaderBase.java:1412)
		at org.apache.catalina.loader.WebappClassLoaderBase.loadClass(WebappClassLoaderBase.java:1220)
		at engine.NumberingServlet.doPost(NumberingServlet.java:34)
		at javax.servlet.http.HttpServlet.service(HttpServlet.java:696)
		at javax.servlet.http.HttpServlet.service(HttpServlet.java:779)
		at org.apache.catalina.core.ApplicationFilterChain.internalDoFilter(ApplicationFilterChain.java:227)
		at org.apache.catalina.core.ApplicationFilterChain.doFilter(ApplicationFilterChain.java:162)
		at org.apache.tomcat.websocket.server.WsFilter.doFilter(WsFilter.java:53)
		at org.apache.catalina.core.ApplicationFilterChain.internalDoFilter(ApplicationFilterChain.java:189)
		at org.apache.catalina.core.ApplicationFilterChain.doFilter(ApplicationFilterChain.java:162)
		at org.apache.catalina.core.StandardWrapperValve.invoke(StandardWrapperValve.java:197)
		at org.apache.catalina.core.StandardContextValve.invoke(StandardContextValve.java:97)
		at org.apache.catalina.authenticator.AuthenticatorBase.invoke(AuthenticatorBase.java:541)
		at org.apache.catalina.core.StandardHostValve.invoke(StandardHostValve.java:135)
		at org.apache.catalina.valves.ErrorReportValve.invoke(ErrorReportValve.java:92)
		at org.apache.catalina.valves.AbstractAccessLogValve.invoke(AbstractAccessLogValve.java:687)
		at org.apache.catalina.core.StandardEngineValve.invoke(StandardEngineValve.java:78)
		at org.apache.catalina.connector.CoyoteAdapter.service(CoyoteAdapter.java:360)
		at org.apache.coyote.http11.Http11Processor.service(Http11Processor.java:399)
		at org.apache.coyote.AbstractProcessorLight.process(AbstractProcessorLight.java:65)
		at org.apache.coyote.AbstractProtocol$ConnectionHandler.process(AbstractProtocol.java:893)
		at org.apache.tomcat.util.net.NioEndpoint$SocketProcessor.doRun(NioEndpoint.java:1789)
		at org.apache.tomcat.util.net.SocketProcessorBase.run(SocketProcessorBase.java:49)
		at org.apache.tomcat.util.threads.ThreadPoolExecutor.runWorker(ThreadPoolExecutor.java:1191)
		at org.apache.tomcat.util.threads.ThreadPoolExecutor$Worker.run(ThreadPoolExecutor.java:659)
		at org.apache.tomcat.util.threads.TaskThread$WrappingRunnable.run(TaskThread.java:61)
		at java.lang.Thread.run(Thread.java:748)
06-Nov-2022 22:04:25.107 정보 [main] org.apache.catalina.core.ApplicationContext.log SessionListener: contextDestroyed()
06-Nov-2022 22:04:25.107 정보 [main] org.apache.catalina.core.ApplicationContext.log ContextListener: contextDestroyed()
06-Nov-2022 22:04:27.944 정보 [main] org.apache.catalina.core.ApplicationContext.log ContextListener: contextInitialized()
06-Nov-2022 22:04:27.944 정보 [main] org.apache.catalina.core.ApplicationContext.log SessionListener: contextInitialized()
06-Nov-2022 22:04:27.946 정보 [main] org.apache.catalina.core.ApplicationContext.log ContextListener: attributeAdded('StockTicker', 'async.Stockticker@7690781')
06-Nov-2022 23:14:57.453 정보 [main] org.apache.catalina.core.ApplicationContext.log SessionListener: contextDestroyed()
06-Nov-2022 23:14:57.453 정보 [main] org.apache.catalina.core.ApplicationContext.log ContextListener: contextDestroyed()
06-Nov-2022 23:49:34.067 정보 [main] org.apache.catalina.core.ApplicationContext.log ContextListener: contextInitialized()
06-Nov-2022 23:49:34.067 정보 [main] org.apache.catalina.core.ApplicationContext.log SessionListener: contextInitialized()
06-Nov-2022 23:49:34.072 정보 [main] org.apache.catalina.core.ApplicationContext.log ContextListener: attributeAdded('StockTicker', 'async.Stockticker@3e6ef8ad')
06-Nov-2022 23:50:32.714 정보 [main] org.apache.catalina.core.ApplicationContext.log SessionListener: contextDestroyed()
06-Nov-2022 23:50:32.714 정보 [main] org.apache.catalina.core.ApplicationContext.log ContextListener: contextDestroyed()
06-Nov-2022 23:50:35.787 정보 [main] org.apache.catalina.core.ApplicationContext.log ContextListener: contextInitialized()
06-Nov-2022 23:50:35.787 정보 [main] org.apache.catalina.core.ApplicationContext.log SessionListener: contextInitialized()
06-Nov-2022 23:50:35.790 정보 [main] org.apache.catalina.core.ApplicationContext.log ContextListener: attributeAdded('StockTicker', 'async.Stockticker@7690781')
06-Nov-2022 23:51:48.564 정보 [main] org.apache.catalina.core.ApplicationContext.log SessionListener: contextDestroyed()
06-Nov-2022 23:51:48.564 정보 [main] org.apache.catalina.core.ApplicationContext.log ContextListener: contextDestroyed()
06-Nov-2022 23:51:51.843 정보 [main] org.apache.catalina.core.ApplicationContext.log ContextListener: contextInitialized()
06-Nov-2022 23:51:51.843 정보 [main] org.apache.catalina.core.ApplicationContext.log SessionListener: contextInitialized()
06-Nov-2022 23:51:51.845 정보 [main] org.apache.catalina.core.ApplicationContext.log ContextListener: attributeAdded('StockTicker', 'async.Stockticker@7690781')
06-Nov-2022 23:53:06.025 정보 [main] org.apache.catalina.core.ApplicationContext.log SessionListener: contextDestroyed()
06-Nov-2022 23:53:06.025 정보 [main] org.apache.catalina.core.ApplicationContext.log ContextListener: contextDestroyed()
06-Nov-2022 23:53:08.683 정보 [main] org.apache.catalina.core.ApplicationContext.log ContextListener: contextInitialized()
06-Nov-2022 23:53:08.683 정보 [main] org.apache.catalina.core.ApplicationContext.log SessionListener: contextInitialized()
06-Nov-2022 23:53:08.685 정보 [main] org.apache.catalina.core.ApplicationContext.log ContextListener: attributeAdded('StockTicker', 'async.Stockticker@7690781')
06-Nov-2022 23:54:16.684 정보 [main] org.apache.catalina.core.ApplicationContext.log SessionListener: contextDestroyed()
06-Nov-2022 23:54:16.684 정보 [main] org.apache.catalina.core.ApplicationContext.log ContextListener: contextDestroyed()
06-Nov-2022 23:54:19.951 정보 [main] org.apache.catalina.core.ApplicationContext.log ContextListener: contextInitialized()
06-Nov-2022 23:54:19.951 정보 [main] org.apache.catalina.core.ApplicationContext.log SessionListener: contextInitialized()
06-Nov-2022 23:54:19.954 정보 [main] org.apache.catalina.core.ApplicationContext.log ContextListener: attributeAdded('StockTicker', 'async.Stockticker@7690781')
06-Nov-2022 23:55:17.928 정보 [main] org.apache.catalina.core.ApplicationContext.log SessionListener: contextDestroyed()
06-Nov-2022 23:55:17.928 정보 [main] org.apache.catalina.core.ApplicationContext.log ContextListener: contextDestroyed()
06-Nov-2022 23:55:20.684 정보 [main] org.apache.catalina.core.ApplicationContext.log ContextListener: contextInitialized()
06-Nov-2022 23:55:20.684 정보 [main] org.apache.catalina.core.ApplicationContext.log SessionListener: contextInitialized()
06-Nov-2022 23:55:20.686 정보 [main] org.apache.catalina.core.ApplicationContext.log ContextListener: attributeAdded('StockTicker', 'async.Stockticker@7690781')
