12-Nov-2022 20:58:07.920 정보 [main] org.apache.catalina.core.ApplicationContext.log ContextListener: contextInitialized()
12-Nov-2022 20:58:07.920 정보 [main] org.apache.catalina.core.ApplicationContext.log SessionListener: contextInitialized()
12-Nov-2022 20:58:07.923 정보 [main] org.apache.catalina.core.ApplicationContext.log ContextListener: attributeAdded('StockTicker', 'async.Stockticker@79e4c792')
12-Nov-2022 20:58:08.918 정보 [main] org.apache.catalina.core.ApplicationContext.log ContextListener: contextInitialized()
12-Nov-2022 20:58:08.918 정보 [main] org.apache.catalina.core.ApplicationContext.log SessionListener: contextInitialized()
12-Nov-2022 20:58:08.919 정보 [main] org.apache.catalina.core.ApplicationContext.log ContextListener: attributeAdded('StockTicker', 'async.Stockticker@7a1a3478')
12-Nov-2022 20:58:09.775 정보 [main] org.apache.catalina.core.ApplicationContext.log ContextListener: contextInitialized()
12-Nov-2022 20:58:09.775 정보 [main] org.apache.catalina.core.ApplicationContext.log SessionListener: contextInitialized()
12-Nov-2022 20:58:09.776 정보 [main] org.apache.catalina.core.ApplicationContext.log ContextListener: attributeAdded('StockTicker', 'async.Stockticker@4a8a60bc')
12-Nov-2022 20:58:10.552 정보 [main] org.apache.catalina.core.ApplicationContext.log ContextListener: contextInitialized()
12-Nov-2022 20:58:10.553 정보 [main] org.apache.catalina.core.ApplicationContext.log SessionListener: contextInitialized()
12-Nov-2022 20:58:10.554 정보 [main] org.apache.catalina.core.ApplicationContext.log ContextListener: attributeAdded('StockTicker', 'async.Stockticker@3e598df9')
12-Nov-2022 20:58:11.245 정보 [main] org.apache.catalina.core.ApplicationContext.log ContextListener: contextInitialized()
12-Nov-2022 20:58:11.246 정보 [main] org.apache.catalina.core.ApplicationContext.log SessionListener: contextInitialized()
12-Nov-2022 20:58:11.247 정보 [main] org.apache.catalina.core.ApplicationContext.log ContextListener: attributeAdded('StockTicker', 'async.Stockticker@17271176')
12-Nov-2022 20:58:11.888 정보 [main] org.apache.catalina.core.ApplicationContext.log ContextListener: contextInitialized()
12-Nov-2022 20:58:11.888 정보 [main] org.apache.catalina.core.ApplicationContext.log SessionListener: contextInitialized()
12-Nov-2022 20:58:11.890 정보 [main] org.apache.catalina.core.ApplicationContext.log ContextListener: attributeAdded('StockTicker', 'async.Stockticker@472698d')
12-Nov-2022 20:58:32.180 정보 [http-nio-8383-exec-2] org.apache.catalina.core.ApplicationContext.log 서블릿 [Get_Process_ID]을(를) 가용하지 않은 상태로 표시합니다.
12-Nov-2022 20:58:32.180 심각 [http-nio-8383-exec-2] org.apache.catalina.core.StandardWrapperValve.invoke 서블릿 [Get_Process_ID]을(를) 위해 할당하던 중 예외 발생
	java.lang.UnsupportedClassVersionError: GetProcessID has been compiled by a more recent version of the Java Runtime (class file version 55.0), this version of the Java Runtime only recognizes class file versions up to 52.0 (클래스 [GetProcessID]을(를) 로드할 수 없습니다)
		at org.apache.catalina.loader.WebappClassLoaderBase.findClassInternal(WebappClassLoaderBase.java:2477)
		at org.apache.catalina.loader.WebappClassLoaderBase.findClass(WebappClassLoaderBase.java:875)
		at org.apache.catalina.loader.WebappClassLoaderBase.loadClass(WebappClassLoaderBase.java:1376)
		at org.apache.catalina.loader.WebappClassLoaderBase.loadClass(WebappClassLoaderBase.java:1220)
		at org.apache.catalina.core.DefaultInstanceManager.loadClass(DefaultInstanceManager.java:534)
		at org.apache.catalina.core.DefaultInstanceManager.loadClassMaybePrivileged(DefaultInstanceManager.java:515)
		at org.apache.catalina.core.DefaultInstanceManager.newInstance(DefaultInstanceManager.java:149)
		at org.apache.catalina.core.StandardWrapper.loadServlet(StandardWrapper.java:1070)
		at org.apache.catalina.core.StandardWrapper.allocate(StandardWrapper.java:788)
		at org.apache.catalina.core.StandardWrapperValve.invoke(StandardWrapperValve.java:128)
		at org.apache.catalina.core.StandardContextValve.invoke(StandardContextValve.java:97)
		at org.apache.catalina.authenticator.AuthenticatorBase.invoke(AuthenticatorBase.java:541)
		at org.apache.catalina.core.StandardHostValve.invoke(StandardHostValve.java:135)
		at org.apache.catalina.valves.ErrorReportValve.invoke(ErrorReportValve.java:92)
		at org.apache.catalina.valves.AbstractAccessLogValve.invoke(AbstractAccessLogValve.java:687)
		at org.apache.catalina.core.StandardEngineValve.invoke(StandardEngineValve.java:78)
		at org.apache.catalina.connector.CoyoteAdapter.service(CoyoteAdapter.java:360)
		at org.apache.coyote.http11.Http11Processor.service(Http11Processor.java:399)
		at org.apache.coyote.AbstractProcessorLight.process(AbstractProcessorLight.java:65)
		at org.apache.coyote.AbstractProtocol$ConnectionHandler.process(AbstractProtocol.java:893)
		at org.apache.tomcat.util.net.NioEndpoint$SocketProcessor.doRun(NioEndpoint.java:1789)
		at org.apache.tomcat.util.net.SocketProcessorBase.run(SocketProcessorBase.java:49)
		at org.apache.tomcat.util.threads.ThreadPoolExecutor.runWorker(ThreadPoolExecutor.java:1191)
		at org.apache.tomcat.util.threads.ThreadPoolExecutor$Worker.run(ThreadPoolExecutor.java:659)
		at org.apache.tomcat.util.threads.TaskThread$WrappingRunnable.run(TaskThread.java:61)
		at java.lang.Thread.run(Thread.java:748)
12-Nov-2022 20:58:32.191 심각 [http-nio-7171-exec-1] org.apache.catalina.core.StandardWrapperValve.invoke 경로가 [/numberingEngineSub1]인 컨텍스트의 서블릿 [Numbering_Servlet]을(를) 위한 Servlet.service() 호출이 예외를 발생시켰습니다.
	java.io.IOException: Server returned HTTP response code: 500 for URL: http://localhost:8383/processID/reply
		at sun.net.www.protocol.http.HttpURLConnection.getInputStream0(HttpURLConnection.java:1894)
		at sun.net.www.protocol.http.HttpURLConnection.getInputStream(HttpURLConnection.java:1492)
		at engine.Guid.doPostServer(Guid.java:87)
		at engine.Guid.getGuid(Guid.java:59)
		at engine.service.StreamProcess.method(StreamProcess.java:49)
		at engine.NumberingServlet.doPost(NumberingServlet.java:58)
		at javax.servlet.http.HttpServlet.service(HttpServlet.java:696)
		at javax.servlet.http.HttpServlet.service(HttpServlet.java:779)
		at org.apache.catalina.core.ApplicationFilterChain.internalDoFilter(ApplicationFilterChain.java:227)
		at org.apache.catalina.core.ApplicationFilterChain.doFilter(ApplicationFilterChain.java:162)
		at org.apache.tomcat.websocket.server.WsFilter.doFilter(WsFilter.java:53)
		at org.apache.catalina.core.ApplicationFilterChain.internalDoFilter(ApplicationFilterChain.java:189)
		at org.apache.catalina.core.ApplicationFilterChain.doFilter(ApplicationFilterChain.java:162)
		at org.apache.catalina.core.StandardWrapperValve.invoke(StandardWrapperValve.java:197)
		at org.apache.catalina.core.StandardContextValve.invoke(StandardContextValve.java:97)
		at org.apache.catalina.authenticator.AuthenticatorBase.invoke(AuthenticatorBase.java:541)
		at org.apache.catalina.core.StandardHostValve.invoke(StandardHostValve.java:135)
		at org.apache.catalina.valves.ErrorReportValve.invoke(ErrorReportValve.java:92)
		at org.apache.catalina.valves.AbstractAccessLogValve.invoke(AbstractAccessLogValve.java:687)
		at org.apache.catalina.core.StandardEngineValve.invoke(StandardEngineValve.java:78)
		at org.apache.catalina.connector.CoyoteAdapter.service(CoyoteAdapter.java:360)
		at org.apache.coyote.http11.Http11Processor.service(Http11Processor.java:399)
		at org.apache.coyote.AbstractProcessorLight.process(AbstractProcessorLight.java:65)
		at org.apache.coyote.AbstractProtocol$ConnectionHandler.process(AbstractProtocol.java:893)
		at org.apache.tomcat.util.net.NioEndpoint$SocketProcessor.doRun(NioEndpoint.java:1789)
		at org.apache.tomcat.util.net.SocketProcessorBase.run(SocketProcessorBase.java:49)
		at org.apache.tomcat.util.threads.ThreadPoolExecutor.runWorker(ThreadPoolExecutor.java:1191)
		at org.apache.tomcat.util.threads.ThreadPoolExecutor$Worker.run(ThreadPoolExecutor.java:659)
		at org.apache.tomcat.util.threads.TaskThread$WrappingRunnable.run(TaskThread.java:61)
		at java.lang.Thread.run(Thread.java:748)
12-Nov-2022 20:58:32.414 심각 [http-nio-7272-exec-1] org.apache.catalina.core.StandardWrapperValve.invoke 경로가 [/numberingEngineSub2]인 컨텍스트의 서블릿 [Numbering_Servlet]을(를) 위한 Servlet.service() 호출이 예외를 발생시켰습니다.
	java.io.FileNotFoundException: http://localhost:8383/processID/reply
		at sun.net.www.protocol.http.HttpURLConnection.getInputStream0(HttpURLConnection.java:1890)
		at sun.net.www.protocol.http.HttpURLConnection.getInputStream(HttpURLConnection.java:1492)
		at engine.Guid.doPostServer(Guid.java:87)
		at engine.Guid.getGuid(Guid.java:59)
		at engine.service.JsonProcess.method(JsonProcess.java:66)
		at engine.NumberingServlet.doPost(NumberingServlet.java:49)
		at javax.servlet.http.HttpServlet.service(HttpServlet.java:696)
		at javax.servlet.http.HttpServlet.service(HttpServlet.java:779)
		at org.apache.catalina.core.ApplicationFilterChain.internalDoFilter(ApplicationFilterChain.java:227)
		at org.apache.catalina.core.ApplicationFilterChain.doFilter(ApplicationFilterChain.java:162)
		at org.apache.tomcat.websocket.server.WsFilter.doFilter(WsFilter.java:53)
		at org.apache.catalina.core.ApplicationFilterChain.internalDoFilter(ApplicationFilterChain.java:189)
		at org.apache.catalina.core.ApplicationFilterChain.doFilter(ApplicationFilterChain.java:162)
		at org.apache.catalina.core.StandardWrapperValve.invoke(StandardWrapperValve.java:197)
		at org.apache.catalina.core.StandardContextValve.invoke(StandardContextValve.java:97)
		at org.apache.catalina.authenticator.AuthenticatorBase.invoke(AuthenticatorBase.java:541)
		at org.apache.catalina.core.StandardHostValve.invoke(StandardHostValve.java:135)
		at org.apache.catalina.valves.ErrorReportValve.invoke(ErrorReportValve.java:92)
		at org.apache.catalina.valves.AbstractAccessLogValve.invoke(AbstractAccessLogValve.java:687)
		at org.apache.catalina.core.StandardEngineValve.invoke(StandardEngineValve.java:78)
		at org.apache.catalina.connector.CoyoteAdapter.service(CoyoteAdapter.java:360)
		at org.apache.coyote.http11.Http11Processor.service(Http11Processor.java:399)
		at org.apache.coyote.AbstractProcessorLight.process(AbstractProcessorLight.java:65)
		at org.apache.coyote.AbstractProtocol$ConnectionHandler.process(AbstractProtocol.java:893)
		at org.apache.tomcat.util.net.NioEndpoint$SocketProcessor.doRun(NioEndpoint.java:1789)
		at org.apache.tomcat.util.net.SocketProcessorBase.run(SocketProcessorBase.java:49)
		at org.apache.tomcat.util.threads.ThreadPoolExecutor.runWorker(ThreadPoolExecutor.java:1191)
		at org.apache.tomcat.util.threads.ThreadPoolExecutor$Worker.run(ThreadPoolExecutor.java:659)
		at org.apache.tomcat.util.threads.TaskThread$WrappingRunnable.run(TaskThread.java:61)
		at java.lang.Thread.run(Thread.java:748)
12-Nov-2022 21:01:27.084 정보 [main] org.apache.catalina.core.ApplicationContext.log SessionListener: contextDestroyed()
12-Nov-2022 21:01:27.084 정보 [main] org.apache.catalina.core.ApplicationContext.log ContextListener: contextDestroyed()
12-Nov-2022 21:01:27.306 정보 [main] org.apache.catalina.core.ApplicationContext.log SessionListener: contextDestroyed()
12-Nov-2022 21:01:27.307 정보 [main] org.apache.catalina.core.ApplicationContext.log ContextListener: contextDestroyed()
12-Nov-2022 21:01:27.579 정보 [main] org.apache.catalina.core.ApplicationContext.log SessionListener: contextDestroyed()
12-Nov-2022 21:01:27.579 정보 [main] org.apache.catalina.core.ApplicationContext.log ContextListener: contextDestroyed()
12-Nov-2022 21:01:27.823 정보 [main] org.apache.catalina.core.ApplicationContext.log SessionListener: contextDestroyed()
12-Nov-2022 21:01:27.823 정보 [main] org.apache.catalina.core.ApplicationContext.log ContextListener: contextDestroyed()
12-Nov-2022 21:01:28.034 정보 [main] org.apache.catalina.core.ApplicationContext.log SessionListener: contextDestroyed()
12-Nov-2022 21:01:28.034 정보 [main] org.apache.catalina.core.ApplicationContext.log ContextListener: contextDestroyed()
12-Nov-2022 21:01:28.222 정보 [main] org.apache.catalina.core.ApplicationContext.log SessionListener: contextDestroyed()
12-Nov-2022 21:01:28.222 정보 [main] org.apache.catalina.core.ApplicationContext.log ContextListener: contextDestroyed()
12-Nov-2022 21:03:07.785 정보 [main] org.apache.catalina.core.ApplicationContext.log ContextListener: contextInitialized()
12-Nov-2022 21:03:07.785 정보 [main] org.apache.catalina.core.ApplicationContext.log SessionListener: contextInitialized()
12-Nov-2022 21:03:07.787 정보 [main] org.apache.catalina.core.ApplicationContext.log ContextListener: attributeAdded('StockTicker', 'async.Stockticker@231f98ef')
12-Nov-2022 21:03:08.791 정보 [main] org.apache.catalina.core.ApplicationContext.log ContextListener: contextInitialized()
12-Nov-2022 21:03:08.791 정보 [main] org.apache.catalina.core.ApplicationContext.log SessionListener: contextInitialized()
12-Nov-2022 21:03:08.793 정보 [main] org.apache.catalina.core.ApplicationContext.log ContextListener: attributeAdded('StockTicker', 'async.Stockticker@2a640157')
12-Nov-2022 21:03:09.619 정보 [main] org.apache.catalina.core.ApplicationContext.log ContextListener: contextInitialized()
12-Nov-2022 21:03:09.619 정보 [main] org.apache.catalina.core.ApplicationContext.log SessionListener: contextInitialized()
12-Nov-2022 21:03:09.620 정보 [main] org.apache.catalina.core.ApplicationContext.log ContextListener: attributeAdded('StockTicker', 'async.Stockticker@74bdc168')
12-Nov-2022 21:03:10.362 정보 [main] org.apache.catalina.core.ApplicationContext.log ContextListener: contextInitialized()
12-Nov-2022 21:03:10.362 정보 [main] org.apache.catalina.core.ApplicationContext.log SessionListener: contextInitialized()
12-Nov-2022 21:03:10.363 정보 [main] org.apache.catalina.core.ApplicationContext.log ContextListener: attributeAdded('StockTicker', 'async.Stockticker@3bd55d8')
12-Nov-2022 21:03:11.199 정보 [main] org.apache.catalina.core.ApplicationContext.log ContextListener: contextInitialized()
12-Nov-2022 21:03:11.199 정보 [main] org.apache.catalina.core.ApplicationContext.log SessionListener: contextInitialized()
12-Nov-2022 21:03:11.200 정보 [main] org.apache.catalina.core.ApplicationContext.log ContextListener: attributeAdded('StockTicker', 'async.Stockticker@73017a80')
12-Nov-2022 21:03:11.830 정보 [main] org.apache.catalina.core.ApplicationContext.log ContextListener: contextInitialized()
12-Nov-2022 21:03:11.830 정보 [main] org.apache.catalina.core.ApplicationContext.log SessionListener: contextInitialized()
12-Nov-2022 21:03:11.831 정보 [main] org.apache.catalina.core.ApplicationContext.log ContextListener: attributeAdded('StockTicker', 'async.Stockticker@6c42f2a1')
12-Nov-2022 21:03:16.427 정보 [http-nio-8383-exec-1] org.apache.catalina.core.ApplicationContext.log 서블릿 [Get_Process_ID]을(를) 가용하지 않은 상태로 표시합니다.
12-Nov-2022 21:03:16.427 심각 [http-nio-8383-exec-1] org.apache.catalina.core.StandardWrapperValve.invoke 서블릿 [Get_Process_ID]을(를) 위해 할당하던 중 예외 발생
	java.lang.UnsupportedClassVersionError: GetProcessID has been compiled by a more recent version of the Java Runtime (class file version 55.0), this version of the Java Runtime only recognizes class file versions up to 52.0 (클래스 [GetProcessID]을(를) 로드할 수 없습니다)
		at org.apache.catalina.loader.WebappClassLoaderBase.findClassInternal(WebappClassLoaderBase.java:2477)
		at org.apache.catalina.loader.WebappClassLoaderBase.findClass(WebappClassLoaderBase.java:875)
		at org.apache.catalina.loader.WebappClassLoaderBase.loadClass(WebappClassLoaderBase.java:1376)
		at org.apache.catalina.loader.WebappClassLoaderBase.loadClass(WebappClassLoaderBase.java:1220)
		at org.apache.catalina.core.DefaultInstanceManager.loadClass(DefaultInstanceManager.java:534)
		at org.apache.catalina.core.DefaultInstanceManager.loadClassMaybePrivileged(DefaultInstanceManager.java:515)
		at org.apache.catalina.core.DefaultInstanceManager.newInstance(DefaultInstanceManager.java:149)
		at org.apache.catalina.core.StandardWrapper.loadServlet(StandardWrapper.java:1070)
		at org.apache.catalina.core.StandardWrapper.allocate(StandardWrapper.java:788)
		at org.apache.catalina.core.StandardWrapperValve.invoke(StandardWrapperValve.java:128)
		at org.apache.catalina.core.StandardContextValve.invoke(StandardContextValve.java:97)
		at org.apache.catalina.authenticator.AuthenticatorBase.invoke(AuthenticatorBase.java:541)
		at org.apache.catalina.core.StandardHostValve.invoke(StandardHostValve.java:135)
		at org.apache.catalina.valves.ErrorReportValve.invoke(ErrorReportValve.java:92)
		at org.apache.catalina.valves.AbstractAccessLogValve.invoke(AbstractAccessLogValve.java:687)
		at org.apache.catalina.core.StandardEngineValve.invoke(StandardEngineValve.java:78)
		at org.apache.catalina.connector.CoyoteAdapter.service(CoyoteAdapter.java:360)
		at org.apache.coyote.http11.Http11Processor.service(Http11Processor.java:399)
		at org.apache.coyote.AbstractProcessorLight.process(AbstractProcessorLight.java:65)
		at org.apache.coyote.AbstractProtocol$ConnectionHandler.process(AbstractProtocol.java:893)
		at org.apache.tomcat.util.net.NioEndpoint$SocketProcessor.doRun(NioEndpoint.java:1789)
		at org.apache.tomcat.util.net.SocketProcessorBase.run(SocketProcessorBase.java:49)
		at org.apache.tomcat.util.threads.ThreadPoolExecutor.runWorker(ThreadPoolExecutor.java:1191)
		at org.apache.tomcat.util.threads.ThreadPoolExecutor$Worker.run(ThreadPoolExecutor.java:659)
		at org.apache.tomcat.util.threads.TaskThread$WrappingRunnable.run(TaskThread.java:61)
		at java.lang.Thread.run(Thread.java:748)
12-Nov-2022 21:03:16.436 심각 [http-nio-7171-exec-1] org.apache.catalina.core.StandardWrapperValve.invoke 경로가 [/numberingEngineSub1]인 컨텍스트의 서블릿 [Numbering_Servlet]을(를) 위한 Servlet.service() 호출이 예외를 발생시켰습니다.
	java.io.IOException: Server returned HTTP response code: 500 for URL: http://localhost:8383/processID/reply
		at sun.net.www.protocol.http.HttpURLConnection.getInputStream0(HttpURLConnection.java:1894)
		at sun.net.www.protocol.http.HttpURLConnection.getInputStream(HttpURLConnection.java:1492)
		at engine.Guid.doPostServer(Guid.java:87)
		at engine.Guid.getGuid(Guid.java:59)
		at engine.service.StreamProcess.method(StreamProcess.java:49)
		at engine.NumberingServlet.doPost(NumberingServlet.java:58)
		at javax.servlet.http.HttpServlet.service(HttpServlet.java:696)
		at javax.servlet.http.HttpServlet.service(HttpServlet.java:779)
		at org.apache.catalina.core.ApplicationFilterChain.internalDoFilter(ApplicationFilterChain.java:227)
		at org.apache.catalina.core.ApplicationFilterChain.doFilter(ApplicationFilterChain.java:162)
		at org.apache.tomcat.websocket.server.WsFilter.doFilter(WsFilter.java:53)
		at org.apache.catalina.core.ApplicationFilterChain.internalDoFilter(ApplicationFilterChain.java:189)
		at org.apache.catalina.core.ApplicationFilterChain.doFilter(ApplicationFilterChain.java:162)
		at org.apache.catalina.core.StandardWrapperValve.invoke(StandardWrapperValve.java:197)
		at org.apache.catalina.core.StandardContextValve.invoke(StandardContextValve.java:97)
		at org.apache.catalina.authenticator.AuthenticatorBase.invoke(AuthenticatorBase.java:541)
		at org.apache.catalina.core.StandardHostValve.invoke(StandardHostValve.java:135)
		at org.apache.catalina.valves.ErrorReportValve.invoke(ErrorReportValve.java:92)
		at org.apache.catalina.valves.AbstractAccessLogValve.invoke(AbstractAccessLogValve.java:687)
		at org.apache.catalina.core.StandardEngineValve.invoke(StandardEngineValve.java:78)
		at org.apache.catalina.connector.CoyoteAdapter.service(CoyoteAdapter.java:360)
		at org.apache.coyote.http11.Http11Processor.service(Http11Processor.java:399)
		at org.apache.coyote.AbstractProcessorLight.process(AbstractProcessorLight.java:65)
		at org.apache.coyote.AbstractProtocol$ConnectionHandler.process(AbstractProtocol.java:893)
		at org.apache.tomcat.util.net.NioEndpoint$SocketProcessor.doRun(NioEndpoint.java:1789)
		at org.apache.tomcat.util.net.SocketProcessorBase.run(SocketProcessorBase.java:49)
		at org.apache.tomcat.util.threads.ThreadPoolExecutor.runWorker(ThreadPoolExecutor.java:1191)
		at org.apache.tomcat.util.threads.ThreadPoolExecutor$Worker.run(ThreadPoolExecutor.java:659)
		at org.apache.tomcat.util.threads.TaskThread$WrappingRunnable.run(TaskThread.java:61)
		at java.lang.Thread.run(Thread.java:748)
12-Nov-2022 21:03:16.629 심각 [http-nio-7272-exec-1] org.apache.catalina.core.StandardWrapperValve.invoke 경로가 [/numberingEngineSub2]인 컨텍스트의 서블릿 [Numbering_Servlet]을(를) 위한 Servlet.service() 호출이 예외를 발생시켰습니다.
	java.io.FileNotFoundException: http://localhost:8383/processID/reply
		at sun.net.www.protocol.http.HttpURLConnection.getInputStream0(HttpURLConnection.java:1890)
		at sun.net.www.protocol.http.HttpURLConnection.getInputStream(HttpURLConnection.java:1492)
		at engine.Guid.doPostServer(Guid.java:87)
		at engine.Guid.getGuid(Guid.java:59)
		at engine.service.JsonProcess.method(JsonProcess.java:66)
		at engine.NumberingServlet.doPost(NumberingServlet.java:49)
		at javax.servlet.http.HttpServlet.service(HttpServlet.java:696)
		at javax.servlet.http.HttpServlet.service(HttpServlet.java:779)
		at org.apache.catalina.core.ApplicationFilterChain.internalDoFilter(ApplicationFilterChain.java:227)
		at org.apache.catalina.core.ApplicationFilterChain.doFilter(ApplicationFilterChain.java:162)
		at org.apache.tomcat.websocket.server.WsFilter.doFilter(WsFilter.java:53)
		at org.apache.catalina.core.ApplicationFilterChain.internalDoFilter(ApplicationFilterChain.java:189)
		at org.apache.catalina.core.ApplicationFilterChain.doFilter(ApplicationFilterChain.java:162)
		at org.apache.catalina.core.StandardWrapperValve.invoke(StandardWrapperValve.java:197)
		at org.apache.catalina.core.StandardContextValve.invoke(StandardContextValve.java:97)
		at org.apache.catalina.authenticator.AuthenticatorBase.invoke(AuthenticatorBase.java:541)
		at org.apache.catalina.core.StandardHostValve.invoke(StandardHostValve.java:135)
		at org.apache.catalina.valves.ErrorReportValve.invoke(ErrorReportValve.java:92)
		at org.apache.catalina.valves.AbstractAccessLogValve.invoke(AbstractAccessLogValve.java:687)
		at org.apache.catalina.core.StandardEngineValve.invoke(StandardEngineValve.java:78)
		at org.apache.catalina.connector.CoyoteAdapter.service(CoyoteAdapter.java:360)
		at org.apache.coyote.http11.Http11Processor.service(Http11Processor.java:399)
		at org.apache.coyote.AbstractProcessorLight.process(AbstractProcessorLight.java:65)
		at org.apache.coyote.AbstractProtocol$ConnectionHandler.process(AbstractProtocol.java:893)
		at org.apache.tomcat.util.net.NioEndpoint$SocketProcessor.doRun(NioEndpoint.java:1789)
		at org.apache.tomcat.util.net.SocketProcessorBase.run(SocketProcessorBase.java:49)
		at org.apache.tomcat.util.threads.ThreadPoolExecutor.runWorker(ThreadPoolExecutor.java:1191)
		at org.apache.tomcat.util.threads.ThreadPoolExecutor$Worker.run(ThreadPoolExecutor.java:659)
		at org.apache.tomcat.util.threads.TaskThread$WrappingRunnable.run(TaskThread.java:61)
		at java.lang.Thread.run(Thread.java:748)
12-Nov-2022 21:03:27.546 심각 [http-nio-7373-exec-2] org.apache.catalina.core.StandardWrapperValve.invoke 경로가 [/numberingEngineSub3]인 컨텍스트의 서블릿 [Numbering_Servlet]을(를) 위한 Servlet.service() 호출이 예외를 발생시켰습니다.
	java.io.FileNotFoundException: http://localhost:8383/processID/reply
		at sun.net.www.protocol.http.HttpURLConnection.getInputStream0(HttpURLConnection.java:1890)
		at sun.net.www.protocol.http.HttpURLConnection.getInputStream(HttpURLConnection.java:1492)
		at engine.Guid.doPostServer(Guid.java:87)
		at engine.Guid.getGuid(Guid.java:59)
		at engine.service.StreamProcess.method(StreamProcess.java:60)
		at engine.NumberingServlet.doPost(NumberingServlet.java:58)
		at javax.servlet.http.HttpServlet.service(HttpServlet.java:696)
		at javax.servlet.http.HttpServlet.service(HttpServlet.java:779)
		at org.apache.catalina.core.ApplicationFilterChain.internalDoFilter(ApplicationFilterChain.java:227)
		at org.apache.catalina.core.ApplicationFilterChain.doFilter(ApplicationFilterChain.java:162)
		at org.apache.tomcat.websocket.server.WsFilter.doFilter(WsFilter.java:53)
		at org.apache.catalina.core.ApplicationFilterChain.internalDoFilter(ApplicationFilterChain.java:189)
		at org.apache.catalina.core.ApplicationFilterChain.doFilter(ApplicationFilterChain.java:162)
		at org.apache.catalina.core.StandardWrapperValve.invoke(StandardWrapperValve.java:197)
		at org.apache.catalina.core.StandardContextValve.invoke(StandardContextValve.java:97)
		at org.apache.catalina.authenticator.AuthenticatorBase.invoke(AuthenticatorBase.java:541)
		at org.apache.catalina.core.StandardHostValve.invoke(StandardHostValve.java:135)
		at org.apache.catalina.valves.ErrorReportValve.invoke(ErrorReportValve.java:92)
		at org.apache.catalina.valves.AbstractAccessLogValve.invoke(AbstractAccessLogValve.java:687)
		at org.apache.catalina.core.StandardEngineValve.invoke(StandardEngineValve.java:78)
		at org.apache.catalina.connector.CoyoteAdapter.service(CoyoteAdapter.java:360)
		at org.apache.coyote.http11.Http11Processor.service(Http11Processor.java:399)
		at org.apache.coyote.AbstractProcessorLight.process(AbstractProcessorLight.java:65)
		at org.apache.coyote.AbstractProtocol$ConnectionHandler.process(AbstractProtocol.java:893)
		at org.apache.tomcat.util.net.NioEndpoint$SocketProcessor.doRun(NioEndpoint.java:1789)
		at org.apache.tomcat.util.net.SocketProcessorBase.run(SocketProcessorBase.java:49)
		at org.apache.tomcat.util.threads.ThreadPoolExecutor.runWorker(ThreadPoolExecutor.java:1191)
		at org.apache.tomcat.util.threads.ThreadPoolExecutor$Worker.run(ThreadPoolExecutor.java:659)
		at org.apache.tomcat.util.threads.TaskThread$WrappingRunnable.run(TaskThread.java:61)
		at java.lang.Thread.run(Thread.java:748)
12-Nov-2022 21:13:00.238 정보 [main] org.apache.catalina.core.ApplicationContext.log SessionListener: contextDestroyed()
12-Nov-2022 21:13:00.238 정보 [main] org.apache.catalina.core.ApplicationContext.log ContextListener: contextDestroyed()
12-Nov-2022 21:13:00.534 정보 [main] org.apache.catalina.core.ApplicationContext.log SessionListener: contextDestroyed()
12-Nov-2022 21:13:00.534 정보 [main] org.apache.catalina.core.ApplicationContext.log ContextListener: contextDestroyed()
12-Nov-2022 21:13:00.783 정보 [main] org.apache.catalina.core.ApplicationContext.log SessionListener: contextDestroyed()
12-Nov-2022 21:13:00.783 정보 [main] org.apache.catalina.core.ApplicationContext.log ContextListener: contextDestroyed()
12-Nov-2022 21:13:01.028 정보 [main] org.apache.catalina.core.ApplicationContext.log SessionListener: contextDestroyed()
12-Nov-2022 21:13:01.028 정보 [main] org.apache.catalina.core.ApplicationContext.log ContextListener: contextDestroyed()
12-Nov-2022 21:13:01.361 정보 [main] org.apache.catalina.core.ApplicationContext.log SessionListener: contextDestroyed()
12-Nov-2022 21:13:01.362 정보 [main] org.apache.catalina.core.ApplicationContext.log ContextListener: contextDestroyed()
12-Nov-2022 21:13:01.615 정보 [main] org.apache.catalina.core.ApplicationContext.log SessionListener: contextDestroyed()
12-Nov-2022 21:13:01.615 정보 [main] org.apache.catalina.core.ApplicationContext.log ContextListener: contextDestroyed()
12-Nov-2022 21:15:45.145 정보 [main] org.apache.catalina.core.ApplicationContext.log ContextListener: contextInitialized()
12-Nov-2022 21:15:45.145 정보 [main] org.apache.catalina.core.ApplicationContext.log SessionListener: contextInitialized()
12-Nov-2022 21:15:45.147 정보 [main] org.apache.catalina.core.ApplicationContext.log ContextListener: attributeAdded('StockTicker', 'async.Stockticker@231f98ef')
12-Nov-2022 21:15:46.294 정보 [main] org.apache.catalina.core.ApplicationContext.log ContextListener: contextInitialized()
12-Nov-2022 21:15:46.294 정보 [main] org.apache.catalina.core.ApplicationContext.log SessionListener: contextInitialized()
12-Nov-2022 21:15:46.296 정보 [main] org.apache.catalina.core.ApplicationContext.log ContextListener: attributeAdded('StockTicker', 'async.Stockticker@550a1967')
12-Nov-2022 21:15:47.074 정보 [main] org.apache.catalina.core.ApplicationContext.log ContextListener: contextInitialized()
12-Nov-2022 21:15:47.074 정보 [main] org.apache.catalina.core.ApplicationContext.log SessionListener: contextInitialized()
12-Nov-2022 21:15:47.076 정보 [main] org.apache.catalina.core.ApplicationContext.log ContextListener: attributeAdded('StockTicker', 'async.Stockticker@6bab2585')
12-Nov-2022 21:15:47.933 정보 [main] org.apache.catalina.core.ApplicationContext.log ContextListener: contextInitialized()
12-Nov-2022 21:15:47.933 정보 [main] org.apache.catalina.core.ApplicationContext.log SessionListener: contextInitialized()
12-Nov-2022 21:15:47.934 정보 [main] org.apache.catalina.core.ApplicationContext.log ContextListener: attributeAdded('StockTicker', 'async.Stockticker@3e58d65e')
12-Nov-2022 21:15:48.665 정보 [main] org.apache.catalina.core.ApplicationContext.log ContextListener: contextInitialized()
12-Nov-2022 21:15:48.665 정보 [main] org.apache.catalina.core.ApplicationContext.log SessionListener: contextInitialized()
12-Nov-2022 21:15:48.666 정보 [main] org.apache.catalina.core.ApplicationContext.log ContextListener: attributeAdded('StockTicker', 'async.Stockticker@7ad54c55')
12-Nov-2022 21:15:49.535 정보 [main] org.apache.catalina.core.ApplicationContext.log ContextListener: contextInitialized()
12-Nov-2022 21:15:49.535 정보 [main] org.apache.catalina.core.ApplicationContext.log SessionListener: contextInitialized()
12-Nov-2022 21:15:49.536 정보 [main] org.apache.catalina.core.ApplicationContext.log ContextListener: attributeAdded('StockTicker', 'async.Stockticker@45bf6f39')
12-Nov-2022 21:15:52.625 정보 [http-nio-9090-exec-1] org.apache.catalina.core.ApplicationContext.log 서블릿 [Get_Process_ID]을(를) 가용하지 않은 상태로 표시합니다.
12-Nov-2022 21:15:52.625 심각 [http-nio-9090-exec-1] org.apache.catalina.core.StandardWrapperValve.invoke 서블릿 [Get_Process_ID]을(를) 위해 할당하던 중 예외 발생
	java.lang.UnsupportedClassVersionError: GetProcessID has been compiled by a more recent version of the Java Runtime (class file version 55.0), this version of the Java Runtime only recognizes class file versions up to 52.0 (클래스 [GetProcessID]을(를) 로드할 수 없습니다)
		at org.apache.catalina.loader.WebappClassLoaderBase.findClassInternal(WebappClassLoaderBase.java:2477)
		at org.apache.catalina.loader.WebappClassLoaderBase.findClass(WebappClassLoaderBase.java:875)
		at org.apache.catalina.loader.WebappClassLoaderBase.loadClass(WebappClassLoaderBase.java:1376)
		at org.apache.catalina.loader.WebappClassLoaderBase.loadClass(WebappClassLoaderBase.java:1220)
		at org.apache.catalina.core.DefaultInstanceManager.loadClass(DefaultInstanceManager.java:534)
		at org.apache.catalina.core.DefaultInstanceManager.loadClassMaybePrivileged(DefaultInstanceManager.java:515)
		at org.apache.catalina.core.DefaultInstanceManager.newInstance(DefaultInstanceManager.java:149)
		at org.apache.catalina.core.StandardWrapper.loadServlet(StandardWrapper.java:1070)
		at org.apache.catalina.core.StandardWrapper.allocate(StandardWrapper.java:788)
		at org.apache.catalina.core.StandardWrapperValve.invoke(StandardWrapperValve.java:128)
		at org.apache.catalina.core.StandardContextValve.invoke(StandardContextValve.java:97)
		at org.apache.catalina.authenticator.AuthenticatorBase.invoke(AuthenticatorBase.java:541)
		at org.apache.catalina.core.StandardHostValve.invoke(StandardHostValve.java:135)
		at org.apache.catalina.valves.ErrorReportValve.invoke(ErrorReportValve.java:92)
		at org.apache.catalina.valves.AbstractAccessLogValve.invoke(AbstractAccessLogValve.java:687)
		at org.apache.catalina.core.StandardEngineValve.invoke(StandardEngineValve.java:78)
		at org.apache.catalina.connector.CoyoteAdapter.service(CoyoteAdapter.java:360)
		at org.apache.coyote.http11.Http11Processor.service(Http11Processor.java:399)
		at org.apache.coyote.AbstractProcessorLight.process(AbstractProcessorLight.java:65)
		at org.apache.coyote.AbstractProtocol$ConnectionHandler.process(AbstractProtocol.java:893)
		at org.apache.tomcat.util.net.NioEndpoint$SocketProcessor.doRun(NioEndpoint.java:1789)
		at org.apache.tomcat.util.net.SocketProcessorBase.run(SocketProcessorBase.java:49)
		at org.apache.tomcat.util.threads.ThreadPoolExecutor.runWorker(ThreadPoolExecutor.java:1191)
		at org.apache.tomcat.util.threads.ThreadPoolExecutor$Worker.run(ThreadPoolExecutor.java:659)
		at org.apache.tomcat.util.threads.TaskThread$WrappingRunnable.run(TaskThread.java:61)
		at java.lang.Thread.run(Thread.java:748)
12-Nov-2022 21:15:52.636 심각 [http-nio-7171-exec-2] org.apache.catalina.core.StandardWrapperValve.invoke 경로가 [/numberingEngineSub1]인 컨텍스트의 서블릿 [Numbering_Servlet]을(를) 위한 Servlet.service() 호출이 예외를 발생시켰습니다.
	java.io.IOException: Server returned HTTP response code: 500 for URL: http://localhost:9090/processID/reply
		at sun.net.www.protocol.http.HttpURLConnection.getInputStream0(HttpURLConnection.java:1894)
		at sun.net.www.protocol.http.HttpURLConnection.getInputStream(HttpURLConnection.java:1492)
		at engine.Guid.doPostServer(Guid.java:87)
		at engine.Guid.getGuid(Guid.java:59)
		at engine.service.StreamProcess.method(StreamProcess.java:60)
		at engine.NumberingServlet.doPost(NumberingServlet.java:58)
		at javax.servlet.http.HttpServlet.service(HttpServlet.java:696)
		at javax.servlet.http.HttpServlet.service(HttpServlet.java:779)
		at org.apache.catalina.core.ApplicationFilterChain.internalDoFilter(ApplicationFilterChain.java:227)
		at org.apache.catalina.core.ApplicationFilterChain.doFilter(ApplicationFilterChain.java:162)
		at org.apache.tomcat.websocket.server.WsFilter.doFilter(WsFilter.java:53)
		at org.apache.catalina.core.ApplicationFilterChain.internalDoFilter(ApplicationFilterChain.java:189)
		at org.apache.catalina.core.ApplicationFilterChain.doFilter(ApplicationFilterChain.java:162)
		at org.apache.catalina.core.StandardWrapperValve.invoke(StandardWrapperValve.java:197)
		at org.apache.catalina.core.StandardContextValve.invoke(StandardContextValve.java:97)
		at org.apache.catalina.authenticator.AuthenticatorBase.invoke(AuthenticatorBase.java:541)
		at org.apache.catalina.core.StandardHostValve.invoke(StandardHostValve.java:135)
		at org.apache.catalina.valves.ErrorReportValve.invoke(ErrorReportValve.java:92)
		at org.apache.catalina.valves.AbstractAccessLogValve.invoke(AbstractAccessLogValve.java:687)
		at org.apache.catalina.core.StandardEngineValve.invoke(StandardEngineValve.java:78)
		at org.apache.catalina.connector.CoyoteAdapter.service(CoyoteAdapter.java:360)
		at org.apache.coyote.http11.Http11Processor.service(Http11Processor.java:399)
		at org.apache.coyote.AbstractProcessorLight.process(AbstractProcessorLight.java:65)
		at org.apache.coyote.AbstractProtocol$ConnectionHandler.process(AbstractProtocol.java:893)
		at org.apache.tomcat.util.net.NioEndpoint$SocketProcessor.doRun(NioEndpoint.java:1789)
		at org.apache.tomcat.util.net.SocketProcessorBase.run(SocketProcessorBase.java:49)
		at org.apache.tomcat.util.threads.ThreadPoolExecutor.runWorker(ThreadPoolExecutor.java:1191)
		at org.apache.tomcat.util.threads.ThreadPoolExecutor$Worker.run(ThreadPoolExecutor.java:659)
		at org.apache.tomcat.util.threads.TaskThread$WrappingRunnable.run(TaskThread.java:61)
		at java.lang.Thread.run(Thread.java:748)
12-Nov-2022 21:17:46.291 정보 [main] org.apache.catalina.core.ApplicationContext.log SessionListener: contextDestroyed()
12-Nov-2022 21:17:46.291 정보 [main] org.apache.catalina.core.ApplicationContext.log ContextListener: contextDestroyed()
12-Nov-2022 21:17:46.495 정보 [main] org.apache.catalina.core.ApplicationContext.log SessionListener: contextDestroyed()
12-Nov-2022 21:17:46.495 정보 [main] org.apache.catalina.core.ApplicationContext.log ContextListener: contextDestroyed()
12-Nov-2022 21:17:46.684 정보 [main] org.apache.catalina.core.ApplicationContext.log SessionListener: contextDestroyed()
12-Nov-2022 21:17:46.685 정보 [main] org.apache.catalina.core.ApplicationContext.log ContextListener: contextDestroyed()
12-Nov-2022 21:17:46.878 정보 [main] org.apache.catalina.core.ApplicationContext.log SessionListener: contextDestroyed()
12-Nov-2022 21:17:46.879 정보 [main] org.apache.catalina.core.ApplicationContext.log ContextListener: contextDestroyed()
12-Nov-2022 21:17:47.119 정보 [main] org.apache.catalina.core.ApplicationContext.log SessionListener: contextDestroyed()
12-Nov-2022 21:17:47.119 정보 [main] org.apache.catalina.core.ApplicationContext.log ContextListener: contextDestroyed()
12-Nov-2022 21:17:47.328 정보 [main] org.apache.catalina.core.ApplicationContext.log SessionListener: contextDestroyed()
12-Nov-2022 21:17:47.328 정보 [main] org.apache.catalina.core.ApplicationContext.log ContextListener: contextDestroyed()
12-Nov-2022 21:18:06.379 정보 [main] org.apache.catalina.core.ApplicationContext.log ContextListener: contextInitialized()
12-Nov-2022 21:18:06.379 정보 [main] org.apache.catalina.core.ApplicationContext.log SessionListener: contextInitialized()
12-Nov-2022 21:18:06.383 정보 [main] org.apache.catalina.core.ApplicationContext.log ContextListener: attributeAdded('StockTicker', 'async.Stockticker@7ef82753')
12-Nov-2022 21:18:07.337 정보 [main] org.apache.catalina.core.ApplicationContext.log ContextListener: contextInitialized()
12-Nov-2022 21:18:07.337 정보 [main] org.apache.catalina.core.ApplicationContext.log SessionListener: contextInitialized()
12-Nov-2022 21:18:07.340 정보 [main] org.apache.catalina.core.ApplicationContext.log ContextListener: attributeAdded('StockTicker', 'async.Stockticker@74eb909f')
12-Nov-2022 21:18:08.271 정보 [main] org.apache.catalina.core.ApplicationContext.log ContextListener: contextInitialized()
12-Nov-2022 21:18:08.271 정보 [main] org.apache.catalina.core.ApplicationContext.log SessionListener: contextInitialized()
12-Nov-2022 21:18:08.272 정보 [main] org.apache.catalina.core.ApplicationContext.log ContextListener: attributeAdded('StockTicker', 'async.Stockticker@32cb636e')
12-Nov-2022 21:18:09.059 정보 [main] org.apache.catalina.core.ApplicationContext.log ContextListener: contextInitialized()
12-Nov-2022 21:18:09.059 정보 [main] org.apache.catalina.core.ApplicationContext.log SessionListener: contextInitialized()
12-Nov-2022 21:18:09.061 정보 [main] org.apache.catalina.core.ApplicationContext.log ContextListener: attributeAdded('StockTicker', 'async.Stockticker@5339bbad')
12-Nov-2022 21:18:09.833 정보 [main] org.apache.catalina.core.ApplicationContext.log ContextListener: contextInitialized()
12-Nov-2022 21:18:09.833 정보 [main] org.apache.catalina.core.ApplicationContext.log SessionListener: contextInitialized()
12-Nov-2022 21:18:09.835 정보 [main] org.apache.catalina.core.ApplicationContext.log ContextListener: attributeAdded('StockTicker', 'async.Stockticker@15bc339')
12-Nov-2022 21:18:10.427 정보 [main] org.apache.catalina.core.ApplicationContext.log ContextListener: contextInitialized()
12-Nov-2022 21:18:10.427 정보 [main] org.apache.catalina.core.ApplicationContext.log SessionListener: contextInitialized()
12-Nov-2022 21:18:10.429 정보 [main] org.apache.catalina.core.ApplicationContext.log ContextListener: attributeAdded('StockTicker', 'async.Stockticker@c2e3264')
12-Nov-2022 21:18:12.236 정보 [http-nio-7070-exec-1] org.apache.catalina.core.ApplicationContext.log 서블릿 [Get_Process_ID]을(를) 가용하지 않은 상태로 표시합니다.
12-Nov-2022 21:18:12.236 심각 [http-nio-7070-exec-1] org.apache.catalina.core.StandardWrapperValve.invoke 서블릿 [Get_Process_ID]을(를) 위해 할당하던 중 예외 발생
	java.lang.UnsupportedClassVersionError: GetProcessID has been compiled by a more recent version of the Java Runtime (class file version 55.0), this version of the Java Runtime only recognizes class file versions up to 52.0 (클래스 [GetProcessID]을(를) 로드할 수 없습니다)
		at org.apache.catalina.loader.WebappClassLoaderBase.findClassInternal(WebappClassLoaderBase.java:2477)
		at org.apache.catalina.loader.WebappClassLoaderBase.findClass(WebappClassLoaderBase.java:875)
		at org.apache.catalina.loader.WebappClassLoaderBase.loadClass(WebappClassLoaderBase.java:1376)
		at org.apache.catalina.loader.WebappClassLoaderBase.loadClass(WebappClassLoaderBase.java:1220)
		at org.apache.catalina.core.DefaultInstanceManager.loadClass(DefaultInstanceManager.java:534)
		at org.apache.catalina.core.DefaultInstanceManager.loadClassMaybePrivileged(DefaultInstanceManager.java:515)
		at org.apache.catalina.core.DefaultInstanceManager.newInstance(DefaultInstanceManager.java:149)
		at org.apache.catalina.core.StandardWrapper.loadServlet(StandardWrapper.java:1070)
		at org.apache.catalina.core.StandardWrapper.allocate(StandardWrapper.java:788)
		at org.apache.catalina.core.StandardWrapperValve.invoke(StandardWrapperValve.java:128)
		at org.apache.catalina.core.StandardContextValve.invoke(StandardContextValve.java:97)
		at org.apache.catalina.authenticator.AuthenticatorBase.invoke(AuthenticatorBase.java:541)
		at org.apache.catalina.core.StandardHostValve.invoke(StandardHostValve.java:135)
		at org.apache.catalina.valves.ErrorReportValve.invoke(ErrorReportValve.java:92)
		at org.apache.catalina.valves.AbstractAccessLogValve.invoke(AbstractAccessLogValve.java:687)
		at org.apache.catalina.core.StandardEngineValve.invoke(StandardEngineValve.java:78)
		at org.apache.catalina.connector.CoyoteAdapter.service(CoyoteAdapter.java:360)
		at org.apache.coyote.http11.Http11Processor.service(Http11Processor.java:399)
		at org.apache.coyote.AbstractProcessorLight.process(AbstractProcessorLight.java:65)
		at org.apache.coyote.AbstractProtocol$ConnectionHandler.process(AbstractProtocol.java:893)
		at org.apache.tomcat.util.net.NioEndpoint$SocketProcessor.doRun(NioEndpoint.java:1789)
		at org.apache.tomcat.util.net.SocketProcessorBase.run(SocketProcessorBase.java:49)
		at org.apache.tomcat.util.threads.ThreadPoolExecutor.runWorker(ThreadPoolExecutor.java:1191)
		at org.apache.tomcat.util.threads.ThreadPoolExecutor$Worker.run(ThreadPoolExecutor.java:659)
		at org.apache.tomcat.util.threads.TaskThread$WrappingRunnable.run(TaskThread.java:61)
		at java.lang.Thread.run(Thread.java:748)
12-Nov-2022 21:20:22.638 정보 [main] org.apache.catalina.core.ApplicationContext.log SessionListener: contextDestroyed()
12-Nov-2022 21:20:22.639 정보 [main] org.apache.catalina.core.ApplicationContext.log ContextListener: contextDestroyed()
12-Nov-2022 21:20:22.860 정보 [main] org.apache.catalina.core.ApplicationContext.log SessionListener: contextDestroyed()
12-Nov-2022 21:20:22.860 정보 [main] org.apache.catalina.core.ApplicationContext.log ContextListener: contextDestroyed()
12-Nov-2022 21:20:23.065 정보 [main] org.apache.catalina.core.ApplicationContext.log SessionListener: contextDestroyed()
12-Nov-2022 21:20:23.066 정보 [main] org.apache.catalina.core.ApplicationContext.log ContextListener: contextDestroyed()
12-Nov-2022 21:20:23.286 정보 [main] org.apache.catalina.core.ApplicationContext.log SessionListener: contextDestroyed()
12-Nov-2022 21:20:23.286 정보 [main] org.apache.catalina.core.ApplicationContext.log ContextListener: contextDestroyed()
12-Nov-2022 21:20:23.616 정보 [main] org.apache.catalina.core.ApplicationContext.log SessionListener: contextDestroyed()
12-Nov-2022 21:20:23.616 정보 [main] org.apache.catalina.core.ApplicationContext.log ContextListener: contextDestroyed()
12-Nov-2022 21:20:23.884 정보 [main] org.apache.catalina.core.ApplicationContext.log SessionListener: contextDestroyed()
12-Nov-2022 21:20:23.884 정보 [main] org.apache.catalina.core.ApplicationContext.log ContextListener: contextDestroyed()
12-Nov-2022 21:20:26.519 정보 [main] org.apache.catalina.core.ApplicationContext.log ContextListener: contextInitialized()
12-Nov-2022 21:20:26.519 정보 [main] org.apache.catalina.core.ApplicationContext.log SessionListener: contextInitialized()
12-Nov-2022 21:20:26.521 정보 [main] org.apache.catalina.core.ApplicationContext.log ContextListener: attributeAdded('StockTicker', 'async.Stockticker@7ef82753')
12-Nov-2022 21:20:27.522 정보 [main] org.apache.catalina.core.ApplicationContext.log ContextListener: contextInitialized()
12-Nov-2022 21:20:27.522 정보 [main] org.apache.catalina.core.ApplicationContext.log SessionListener: contextInitialized()
12-Nov-2022 21:20:27.523 정보 [main] org.apache.catalina.core.ApplicationContext.log ContextListener: attributeAdded('StockTicker', 'async.Stockticker@74eb909f')
12-Nov-2022 21:20:28.437 정보 [main] org.apache.catalina.core.ApplicationContext.log ContextListener: contextInitialized()
12-Nov-2022 21:20:28.437 정보 [main] org.apache.catalina.core.ApplicationContext.log SessionListener: contextInitialized()
12-Nov-2022 21:20:28.439 정보 [main] org.apache.catalina.core.ApplicationContext.log ContextListener: attributeAdded('StockTicker', 'async.Stockticker@32cb636e')
12-Nov-2022 21:20:29.206 정보 [main] org.apache.catalina.core.ApplicationContext.log ContextListener: contextInitialized()
12-Nov-2022 21:20:29.206 정보 [main] org.apache.catalina.core.ApplicationContext.log SessionListener: contextInitialized()
12-Nov-2022 21:20:29.207 정보 [main] org.apache.catalina.core.ApplicationContext.log ContextListener: attributeAdded('StockTicker', 'async.Stockticker@5339bbad')
12-Nov-2022 21:20:29.903 정보 [main] org.apache.catalina.core.ApplicationContext.log ContextListener: contextInitialized()
12-Nov-2022 21:20:29.903 정보 [main] org.apache.catalina.core.ApplicationContext.log SessionListener: contextInitialized()
12-Nov-2022 21:20:29.904 정보 [main] org.apache.catalina.core.ApplicationContext.log ContextListener: attributeAdded('StockTicker', 'async.Stockticker@15bc339')
12-Nov-2022 21:20:30.477 정보 [main] org.apache.catalina.core.ApplicationContext.log ContextListener: contextInitialized()
12-Nov-2022 21:20:30.477 정보 [main] org.apache.catalina.core.ApplicationContext.log SessionListener: contextInitialized()
12-Nov-2022 21:20:30.478 정보 [main] org.apache.catalina.core.ApplicationContext.log ContextListener: attributeAdded('StockTicker', 'async.Stockticker@c2e3264')
12-Nov-2022 22:07:01.337 정보 [main] org.apache.catalina.core.ApplicationContext.log SessionListener: contextDestroyed()
12-Nov-2022 22:07:01.337 정보 [main] org.apache.catalina.core.ApplicationContext.log ContextListener: contextDestroyed()
12-Nov-2022 22:07:01.593 정보 [main] org.apache.catalina.core.ApplicationContext.log SessionListener: contextDestroyed()
12-Nov-2022 22:07:01.593 정보 [main] org.apache.catalina.core.ApplicationContext.log ContextListener: contextDestroyed()
12-Nov-2022 22:07:01.828 정보 [main] org.apache.catalina.core.ApplicationContext.log SessionListener: contextDestroyed()
12-Nov-2022 22:07:01.828 정보 [main] org.apache.catalina.core.ApplicationContext.log ContextListener: contextDestroyed()
12-Nov-2022 22:07:02.054 정보 [main] org.apache.catalina.core.ApplicationContext.log SessionListener: contextDestroyed()
12-Nov-2022 22:07:02.054 정보 [main] org.apache.catalina.core.ApplicationContext.log ContextListener: contextDestroyed()
12-Nov-2022 22:07:02.295 정보 [main] org.apache.catalina.core.ApplicationContext.log SessionListener: contextDestroyed()
12-Nov-2022 22:07:02.295 정보 [main] org.apache.catalina.core.ApplicationContext.log ContextListener: contextDestroyed()
12-Nov-2022 22:07:02.522 정보 [main] org.apache.catalina.core.ApplicationContext.log SessionListener: contextDestroyed()
12-Nov-2022 22:07:02.523 정보 [main] org.apache.catalina.core.ApplicationContext.log ContextListener: contextDestroyed()
12-Nov-2022 22:35:42.941 정보 [main] org.apache.catalina.core.ApplicationContext.log ContextListener: contextInitialized()
12-Nov-2022 22:35:42.941 정보 [main] org.apache.catalina.core.ApplicationContext.log SessionListener: contextInitialized()
12-Nov-2022 22:35:42.944 정보 [main] org.apache.catalina.core.ApplicationContext.log ContextListener: attributeAdded('StockTicker', 'async.Stockticker@7ef82753')
12-Nov-2022 22:35:43.931 정보 [main] org.apache.catalina.core.ApplicationContext.log ContextListener: contextInitialized()
12-Nov-2022 22:35:43.931 정보 [main] org.apache.catalina.core.ApplicationContext.log SessionListener: contextInitialized()
12-Nov-2022 22:35:43.934 정보 [main] org.apache.catalina.core.ApplicationContext.log ContextListener: attributeAdded('StockTicker', 'async.Stockticker@74eb909f')
12-Nov-2022 22:35:44.688 정보 [main] org.apache.catalina.core.ApplicationContext.log ContextListener: contextInitialized()
12-Nov-2022 22:35:44.688 정보 [main] org.apache.catalina.core.ApplicationContext.log SessionListener: contextInitialized()
12-Nov-2022 22:35:44.690 정보 [main] org.apache.catalina.core.ApplicationContext.log ContextListener: attributeAdded('StockTicker', 'async.Stockticker@32cb636e')
12-Nov-2022 22:35:45.534 정보 [main] org.apache.catalina.core.ApplicationContext.log ContextListener: contextInitialized()
12-Nov-2022 22:35:45.535 정보 [main] org.apache.catalina.core.ApplicationContext.log SessionListener: contextInitialized()
12-Nov-2022 22:35:45.537 정보 [main] org.apache.catalina.core.ApplicationContext.log ContextListener: attributeAdded('StockTicker', 'async.Stockticker@5339bbad')
12-Nov-2022 22:35:46.404 정보 [main] org.apache.catalina.core.ApplicationContext.log ContextListener: contextInitialized()
12-Nov-2022 22:35:46.404 정보 [main] org.apache.catalina.core.ApplicationContext.log SessionListener: contextInitialized()
12-Nov-2022 22:35:46.405 정보 [main] org.apache.catalina.core.ApplicationContext.log ContextListener: attributeAdded('StockTicker', 'async.Stockticker@15bc339')
12-Nov-2022 22:35:47.039 정보 [main] org.apache.catalina.core.ApplicationContext.log ContextListener: contextInitialized()
12-Nov-2022 22:35:47.039 정보 [main] org.apache.catalina.core.ApplicationContext.log SessionListener: contextInitialized()
12-Nov-2022 22:35:47.041 정보 [main] org.apache.catalina.core.ApplicationContext.log ContextListener: attributeAdded('StockTicker', 'async.Stockticker@c2e3264')
12-Nov-2022 22:36:41.737 정보 [main] org.apache.catalina.core.ApplicationContext.log SessionListener: contextDestroyed()
12-Nov-2022 22:36:41.737 정보 [main] org.apache.catalina.core.ApplicationContext.log ContextListener: contextDestroyed()
12-Nov-2022 22:36:41.925 정보 [main] org.apache.catalina.core.ApplicationContext.log SessionListener: contextDestroyed()
12-Nov-2022 22:36:41.925 정보 [main] org.apache.catalina.core.ApplicationContext.log ContextListener: contextDestroyed()
12-Nov-2022 22:36:42.130 정보 [main] org.apache.catalina.core.ApplicationContext.log SessionListener: contextDestroyed()
12-Nov-2022 22:36:42.130 정보 [main] org.apache.catalina.core.ApplicationContext.log ContextListener: contextDestroyed()
12-Nov-2022 22:36:42.366 정보 [main] org.apache.catalina.core.ApplicationContext.log SessionListener: contextDestroyed()
12-Nov-2022 22:36:42.366 정보 [main] org.apache.catalina.core.ApplicationContext.log ContextListener: contextDestroyed()
12-Nov-2022 22:36:42.667 정보 [main] org.apache.catalina.core.ApplicationContext.log SessionListener: contextDestroyed()
12-Nov-2022 22:36:42.667 정보 [main] org.apache.catalina.core.ApplicationContext.log ContextListener: contextDestroyed()
12-Nov-2022 22:36:43.000 정보 [main] org.apache.catalina.core.ApplicationContext.log SessionListener: contextDestroyed()
12-Nov-2022 22:36:43.000 정보 [main] org.apache.catalina.core.ApplicationContext.log ContextListener: contextDestroyed()
12-Nov-2022 22:36:45.171 정보 [main] org.apache.catalina.core.ApplicationContext.log ContextListener: contextInitialized()
12-Nov-2022 22:36:45.172 정보 [main] org.apache.catalina.core.ApplicationContext.log SessionListener: contextInitialized()
12-Nov-2022 22:36:45.175 정보 [main] org.apache.catalina.core.ApplicationContext.log ContextListener: attributeAdded('StockTicker', 'async.Stockticker@7ef82753')
12-Nov-2022 22:36:46.386 정보 [main] org.apache.catalina.core.ApplicationContext.log ContextListener: contextInitialized()
12-Nov-2022 22:36:46.386 정보 [main] org.apache.catalina.core.ApplicationContext.log SessionListener: contextInitialized()
12-Nov-2022 22:36:46.387 정보 [main] org.apache.catalina.core.ApplicationContext.log ContextListener: attributeAdded('StockTicker', 'async.Stockticker@74eb909f')
12-Nov-2022 22:36:47.190 정보 [main] org.apache.catalina.core.ApplicationContext.log ContextListener: contextInitialized()
12-Nov-2022 22:36:47.190 정보 [main] org.apache.catalina.core.ApplicationContext.log SessionListener: contextInitialized()
12-Nov-2022 22:36:47.192 정보 [main] org.apache.catalina.core.ApplicationContext.log ContextListener: attributeAdded('StockTicker', 'async.Stockticker@32cb636e')
12-Nov-2022 22:36:48.132 정보 [main] org.apache.catalina.core.ApplicationContext.log ContextListener: contextInitialized()
12-Nov-2022 22:36:48.133 정보 [main] org.apache.catalina.core.ApplicationContext.log SessionListener: contextInitialized()
12-Nov-2022 22:36:48.134 정보 [main] org.apache.catalina.core.ApplicationContext.log ContextListener: attributeAdded('StockTicker', 'async.Stockticker@5339bbad')
12-Nov-2022 22:36:48.825 정보 [main] org.apache.catalina.core.ApplicationContext.log ContextListener: contextInitialized()
12-Nov-2022 22:36:48.825 정보 [main] org.apache.catalina.core.ApplicationContext.log SessionListener: contextInitialized()
12-Nov-2022 22:36:48.826 정보 [main] org.apache.catalina.core.ApplicationContext.log ContextListener: attributeAdded('StockTicker', 'async.Stockticker@15bc339')
12-Nov-2022 22:36:49.432 정보 [main] org.apache.catalina.core.ApplicationContext.log ContextListener: contextInitialized()
12-Nov-2022 22:36:49.432 정보 [main] org.apache.catalina.core.ApplicationContext.log SessionListener: contextInitialized()
12-Nov-2022 22:36:49.433 정보 [main] org.apache.catalina.core.ApplicationContext.log ContextListener: attributeAdded('StockTicker', 'async.Stockticker@c2e3264')
12-Nov-2022 22:38:54.401 정보 [main] org.apache.catalina.core.ApplicationContext.log SessionListener: contextDestroyed()
12-Nov-2022 22:38:54.401 정보 [main] org.apache.catalina.core.ApplicationContext.log ContextListener: contextDestroyed()
12-Nov-2022 22:38:54.613 정보 [main] org.apache.catalina.core.ApplicationContext.log SessionListener: contextDestroyed()
12-Nov-2022 22:38:54.613 정보 [main] org.apache.catalina.core.ApplicationContext.log ContextListener: contextDestroyed()
12-Nov-2022 22:38:54.821 정보 [main] org.apache.catalina.core.ApplicationContext.log SessionListener: contextDestroyed()
12-Nov-2022 22:38:54.822 정보 [main] org.apache.catalina.core.ApplicationContext.log ContextListener: contextDestroyed()
12-Nov-2022 22:38:55.035 정보 [main] org.apache.catalina.core.ApplicationContext.log SessionListener: contextDestroyed()
12-Nov-2022 22:38:55.035 정보 [main] org.apache.catalina.core.ApplicationContext.log ContextListener: contextDestroyed()
12-Nov-2022 22:38:55.235 정보 [main] org.apache.catalina.core.ApplicationContext.log SessionListener: contextDestroyed()
12-Nov-2022 22:38:55.236 정보 [main] org.apache.catalina.core.ApplicationContext.log ContextListener: contextDestroyed()
12-Nov-2022 22:38:55.533 정보 [main] org.apache.catalina.core.ApplicationContext.log SessionListener: contextDestroyed()
12-Nov-2022 22:38:55.533 정보 [main] org.apache.catalina.core.ApplicationContext.log ContextListener: contextDestroyed()
12-Nov-2022 23:50:27.777 정보 [main] org.apache.catalina.core.ApplicationContext.log ContextListener: contextInitialized()
12-Nov-2022 23:50:27.777 정보 [main] org.apache.catalina.core.ApplicationContext.log SessionListener: contextInitialized()
12-Nov-2022 23:50:27.779 정보 [main] org.apache.catalina.core.ApplicationContext.log ContextListener: attributeAdded('StockTicker', 'async.Stockticker@7ef82753')
12-Nov-2022 23:50:28.907 정보 [main] org.apache.catalina.core.ApplicationContext.log ContextListener: contextInitialized()
12-Nov-2022 23:50:28.907 정보 [main] org.apache.catalina.core.ApplicationContext.log SessionListener: contextInitialized()
12-Nov-2022 23:50:28.910 정보 [main] org.apache.catalina.core.ApplicationContext.log ContextListener: attributeAdded('StockTicker', 'async.Stockticker@74eb909f')
12-Nov-2022 23:50:29.749 정보 [main] org.apache.catalina.core.ApplicationContext.log ContextListener: contextInitialized()
12-Nov-2022 23:50:29.749 정보 [main] org.apache.catalina.core.ApplicationContext.log SessionListener: contextInitialized()
12-Nov-2022 23:50:29.751 정보 [main] org.apache.catalina.core.ApplicationContext.log ContextListener: attributeAdded('StockTicker', 'async.Stockticker@32cb636e')
12-Nov-2022 23:50:30.497 정보 [main] org.apache.catalina.core.ApplicationContext.log ContextListener: contextInitialized()
12-Nov-2022 23:50:30.497 정보 [main] org.apache.catalina.core.ApplicationContext.log SessionListener: contextInitialized()
12-Nov-2022 23:50:30.498 정보 [main] org.apache.catalina.core.ApplicationContext.log ContextListener: attributeAdded('StockTicker', 'async.Stockticker@5339bbad')
12-Nov-2022 23:50:31.227 정보 [main] org.apache.catalina.core.ApplicationContext.log ContextListener: contextInitialized()
12-Nov-2022 23:50:31.228 정보 [main] org.apache.catalina.core.ApplicationContext.log SessionListener: contextInitialized()
12-Nov-2022 23:50:31.229 정보 [main] org.apache.catalina.core.ApplicationContext.log ContextListener: attributeAdded('StockTicker', 'async.Stockticker@15bc339')
12-Nov-2022 23:50:31.854 정보 [main] org.apache.catalina.core.ApplicationContext.log ContextListener: contextInitialized()
12-Nov-2022 23:50:31.854 정보 [main] org.apache.catalina.core.ApplicationContext.log SessionListener: contextInitialized()
12-Nov-2022 23:50:31.855 정보 [main] org.apache.catalina.core.ApplicationContext.log ContextListener: attributeAdded('StockTicker', 'async.Stockticker@c2e3264')
