07-Nov-2022 01:12:01.444 정보 [main] org.apache.catalina.core.ApplicationContext.log ContextListener: contextInitialized()
07-Nov-2022 01:12:01.444 정보 [main] org.apache.catalina.core.ApplicationContext.log SessionListener: contextInitialized()
07-Nov-2022 01:12:01.447 정보 [main] org.apache.catalina.core.ApplicationContext.log ContextListener: attributeAdded('StockTicker', 'async.Stockticker@55536d9e')
07-Nov-2022 01:12:06.400 정보 [http-nio-8282-exec-3] org.apache.catalina.core.ApplicationContext.log 서블릿 [Numbering_Servlet]을(를) 가용하지 않은 상태로 표시합니다.
07-Nov-2022 01:12:06.400 심각 [http-nio-8282-exec-3] org.apache.catalina.core.StandardWrapperValve.invoke 서블릿 [Numbering_Servlet]을(를) 위해 할당하던 중 예외 발생
	java.lang.StringIndexOutOfBoundsException: String index out of range: -1
		at java.lang.String.substring(String.java:1967)
		at common.logging.Logger.addFileAppender(Logger.java:95)
		at common.logging.Logger.initOutputTarget(Logger.java:71)
		at common.logging.Logger.initLogger(Logger.java:64)
		at engine.NumberingServlet.<init>(NumberingServlet.java:21)
		at sun.reflect.NativeConstructorAccessorImpl.newInstance0(Native Method)
		at sun.reflect.NativeConstructorAccessorImpl.newInstance(NativeConstructorAccessorImpl.java:62)
		at sun.reflect.DelegatingConstructorAccessorImpl.newInstance(DelegatingConstructorAccessorImpl.java:45)
		at java.lang.reflect.Constructor.newInstance(Constructor.java:423)
		at org.apache.catalina.core.DefaultInstanceManager.newInstance(DefaultInstanceManager.java:150)
		at org.apache.catalina.core.StandardWrapper.loadServlet(StandardWrapper.java:1070)
		at org.apache.catalina.core.StandardWrapper.allocate(StandardWrapper.java:788)
		at org.apache.catalina.core.StandardWrapperValve.invoke(StandardWrapperValve.java:128)
		at org.apache.catalina.core.StandardContextValve.invoke(StandardContextValve.java:97)
		at org.apache.catalina.authenticator.AuthenticatorBase.invoke(AuthenticatorBase.java:541)
		at org.apache.catalina.core.StandardHostValve.invoke(StandardHostValve.java:135)
		at org.apache.catalina.valves.ErrorReportValve.invoke(ErrorReportValve.java:92)
		at org.apache.catalina.valves.AbstractAccessLogValve.invoke(AbstractAccessLogValve.java:687)
		at org.apache.catalina.core.StandardEngineValve.invoke(StandardEngineValve.java:78)
		at org.apache.catalina.connector.CoyoteAdapter.service(CoyoteAdapter.java:360)
		at org.apache.coyote.http11.Http11Processor.service(Http11Processor.java:399)
		at org.apache.coyote.AbstractProcessorLight.process(AbstractProcessorLight.java:65)
		at org.apache.coyote.AbstractProtocol$ConnectionHandler.process(AbstractProtocol.java:893)
		at org.apache.tomcat.util.net.NioEndpoint$SocketProcessor.doRun(NioEndpoint.java:1789)
		at org.apache.tomcat.util.net.SocketProcessorBase.run(SocketProcessorBase.java:49)
		at org.apache.tomcat.util.threads.ThreadPoolExecutor.runWorker(ThreadPoolExecutor.java:1191)
		at org.apache.tomcat.util.threads.ThreadPoolExecutor$Worker.run(ThreadPoolExecutor.java:659)
		at org.apache.tomcat.util.threads.TaskThread$WrappingRunnable.run(TaskThread.java:61)
		at java.lang.Thread.run(Thread.java:748)
07-Nov-2022 01:14:50.925 정보 [main] org.apache.catalina.core.ApplicationContext.log ContextListener: contextInitialized()
07-Nov-2022 01:14:50.925 정보 [main] org.apache.catalina.core.ApplicationContext.log SessionListener: contextInitialized()
07-Nov-2022 01:14:50.928 정보 [main] org.apache.catalina.core.ApplicationContext.log ContextListener: attributeAdded('StockTicker', 'async.Stockticker@7690781')
07-Nov-2022 01:14:56.694 정보 [http-nio-8282-exec-2] org.apache.catalina.core.ApplicationContext.log 서블릿 [Numbering_Servlet]을(를) 가용하지 않은 상태로 표시합니다.
07-Nov-2022 01:14:56.694 심각 [http-nio-8282-exec-2] org.apache.catalina.core.StandardWrapperValve.invoke 서블릿 [Numbering_Servlet]을(를) 위해 할당하던 중 예외 발생
	java.lang.StringIndexOutOfBoundsException: String index out of range: -1
		at java.lang.String.substring(String.java:1967)
		at common.logging.Logger.addFileAppender(Logger.java:95)
		at common.logging.Logger.initOutputTarget(Logger.java:71)
		at common.logging.Logger.initLogger(Logger.java:64)
		at engine.NumberingServlet.<init>(NumberingServlet.java:21)
		at sun.reflect.NativeConstructorAccessorImpl.newInstance0(Native Method)
		at sun.reflect.NativeConstructorAccessorImpl.newInstance(NativeConstructorAccessorImpl.java:62)
		at sun.reflect.DelegatingConstructorAccessorImpl.newInstance(DelegatingConstructorAccessorImpl.java:45)
		at java.lang.reflect.Constructor.newInstance(Constructor.java:423)
		at org.apache.catalina.core.DefaultInstanceManager.newInstance(DefaultInstanceManager.java:150)
		at org.apache.catalina.core.StandardWrapper.loadServlet(StandardWrapper.java:1070)
		at org.apache.catalina.core.StandardWrapper.allocate(StandardWrapper.java:788)
		at org.apache.catalina.core.StandardWrapperValve.invoke(StandardWrapperValve.java:128)
		at org.apache.catalina.core.StandardContextValve.invoke(StandardContextValve.java:97)
		at org.apache.catalina.authenticator.AuthenticatorBase.invoke(AuthenticatorBase.java:541)
		at org.apache.catalina.core.StandardHostValve.invoke(StandardHostValve.java:135)
		at org.apache.catalina.valves.ErrorReportValve.invoke(ErrorReportValve.java:92)
		at org.apache.catalina.valves.AbstractAccessLogValve.invoke(AbstractAccessLogValve.java:687)
		at org.apache.catalina.core.StandardEngineValve.invoke(StandardEngineValve.java:78)
		at org.apache.catalina.connector.CoyoteAdapter.service(CoyoteAdapter.java:360)
		at org.apache.coyote.http11.Http11Processor.service(Http11Processor.java:399)
		at org.apache.coyote.AbstractProcessorLight.process(AbstractProcessorLight.java:65)
		at org.apache.coyote.AbstractProtocol$ConnectionHandler.process(AbstractProtocol.java:893)
		at org.apache.tomcat.util.net.NioEndpoint$SocketProcessor.doRun(NioEndpoint.java:1789)
		at org.apache.tomcat.util.net.SocketProcessorBase.run(SocketProcessorBase.java:49)
		at org.apache.tomcat.util.threads.ThreadPoolExecutor.runWorker(ThreadPoolExecutor.java:1191)
		at org.apache.tomcat.util.threads.ThreadPoolExecutor$Worker.run(ThreadPoolExecutor.java:659)
		at org.apache.tomcat.util.threads.TaskThread$WrappingRunnable.run(TaskThread.java:61)
		at java.lang.Thread.run(Thread.java:748)
07-Nov-2022 01:15:16.331 정보 [main] org.apache.catalina.core.ApplicationContext.log SessionListener: contextDestroyed()
07-Nov-2022 01:15:16.331 정보 [main] org.apache.catalina.core.ApplicationContext.log ContextListener: contextDestroyed()
07-Nov-2022 01:15:19.984 정보 [main] org.apache.catalina.core.ApplicationContext.log ContextListener: contextInitialized()
07-Nov-2022 01:15:19.984 정보 [main] org.apache.catalina.core.ApplicationContext.log SessionListener: contextInitialized()
07-Nov-2022 01:15:19.987 정보 [main] org.apache.catalina.core.ApplicationContext.log ContextListener: attributeAdded('StockTicker', 'async.Stockticker@7690781')
07-Nov-2022 01:15:21.518 정보 [http-nio-8282-exec-1] org.apache.catalina.core.ApplicationContext.log 서블릿 [Numbering_Servlet]을(를) 가용하지 않은 상태로 표시합니다.
07-Nov-2022 01:15:21.519 심각 [http-nio-8282-exec-1] org.apache.catalina.core.StandardWrapperValve.invoke 서블릿 [Numbering_Servlet]을(를) 위해 할당하던 중 예외 발생
	java.lang.StringIndexOutOfBoundsException: String index out of range: -1
		at java.lang.String.substring(String.java:1967)
		at common.logging.Logger.addFileAppender(Logger.java:95)
		at common.logging.Logger.initOutputTarget(Logger.java:71)
		at common.logging.Logger.initLogger(Logger.java:64)
		at engine.NumberingServlet.<init>(NumberingServlet.java:21)
		at sun.reflect.NativeConstructorAccessorImpl.newInstance0(Native Method)
		at sun.reflect.NativeConstructorAccessorImpl.newInstance(NativeConstructorAccessorImpl.java:62)
		at sun.reflect.DelegatingConstructorAccessorImpl.newInstance(DelegatingConstructorAccessorImpl.java:45)
		at java.lang.reflect.Constructor.newInstance(Constructor.java:423)
		at org.apache.catalina.core.DefaultInstanceManager.newInstance(DefaultInstanceManager.java:150)
		at org.apache.catalina.core.StandardWrapper.loadServlet(StandardWrapper.java:1070)
		at org.apache.catalina.core.StandardWrapper.allocate(StandardWrapper.java:788)
		at org.apache.catalina.core.StandardWrapperValve.invoke(StandardWrapperValve.java:128)
		at org.apache.catalina.core.StandardContextValve.invoke(StandardContextValve.java:97)
		at org.apache.catalina.authenticator.AuthenticatorBase.invoke(AuthenticatorBase.java:541)
		at org.apache.catalina.core.StandardHostValve.invoke(StandardHostValve.java:135)
		at org.apache.catalina.valves.ErrorReportValve.invoke(ErrorReportValve.java:92)
		at org.apache.catalina.valves.AbstractAccessLogValve.invoke(AbstractAccessLogValve.java:687)
		at org.apache.catalina.core.StandardEngineValve.invoke(StandardEngineValve.java:78)
		at org.apache.catalina.connector.CoyoteAdapter.service(CoyoteAdapter.java:360)
		at org.apache.coyote.http11.Http11Processor.service(Http11Processor.java:399)
		at org.apache.coyote.AbstractProcessorLight.process(AbstractProcessorLight.java:65)
		at org.apache.coyote.AbstractProtocol$ConnectionHandler.process(AbstractProtocol.java:893)
		at org.apache.tomcat.util.net.NioEndpoint$SocketProcessor.doRun(NioEndpoint.java:1789)
		at org.apache.tomcat.util.net.SocketProcessorBase.run(SocketProcessorBase.java:49)
		at org.apache.tomcat.util.threads.ThreadPoolExecutor.runWorker(ThreadPoolExecutor.java:1191)
		at org.apache.tomcat.util.threads.ThreadPoolExecutor$Worker.run(ThreadPoolExecutor.java:659)
		at org.apache.tomcat.util.threads.TaskThread$WrappingRunnable.run(TaskThread.java:61)
		at java.lang.Thread.run(Thread.java:748)
07-Nov-2022 01:15:58.719 정보 [main] org.apache.catalina.core.ApplicationContext.log SessionListener: contextDestroyed()
07-Nov-2022 01:15:58.719 정보 [main] org.apache.catalina.core.ApplicationContext.log ContextListener: contextDestroyed()
07-Nov-2022 01:16:02.033 정보 [main] org.apache.catalina.core.ApplicationContext.log ContextListener: contextInitialized()
07-Nov-2022 01:16:02.033 정보 [main] org.apache.catalina.core.ApplicationContext.log SessionListener: contextInitialized()
07-Nov-2022 01:16:02.036 정보 [main] org.apache.catalina.core.ApplicationContext.log ContextListener: attributeAdded('StockTicker', 'async.Stockticker@7690781')
07-Nov-2022 01:16:08.399 정보 [http-nio-8282-exec-1] org.apache.catalina.core.ApplicationContext.log 서블릿 [Numbering_Servlet]을(를) 가용하지 않은 상태로 표시합니다.
07-Nov-2022 01:16:08.400 심각 [http-nio-8282-exec-1] org.apache.catalina.core.StandardWrapperValve.invoke 서블릿 [Numbering_Servlet]을(를) 위해 할당하던 중 예외 발생
	java.lang.StringIndexOutOfBoundsException: String index out of range: -1
		at java.lang.String.substring(String.java:1967)
		at common.logging.Logger.addFileAppender(Logger.java:95)
		at common.logging.Logger.initOutputTarget(Logger.java:71)
		at common.logging.Logger.initLogger(Logger.java:64)
		at engine.NumberingServlet.<init>(NumberingServlet.java:21)
		at sun.reflect.NativeConstructorAccessorImpl.newInstance0(Native Method)
		at sun.reflect.NativeConstructorAccessorImpl.newInstance(NativeConstructorAccessorImpl.java:62)
		at sun.reflect.DelegatingConstructorAccessorImpl.newInstance(DelegatingConstructorAccessorImpl.java:45)
		at java.lang.reflect.Constructor.newInstance(Constructor.java:423)
		at org.apache.catalina.core.DefaultInstanceManager.newInstance(DefaultInstanceManager.java:150)
		at org.apache.catalina.core.StandardWrapper.loadServlet(StandardWrapper.java:1070)
		at org.apache.catalina.core.StandardWrapper.allocate(StandardWrapper.java:788)
		at org.apache.catalina.core.StandardWrapperValve.invoke(StandardWrapperValve.java:128)
		at org.apache.catalina.core.StandardContextValve.invoke(StandardContextValve.java:97)
		at org.apache.catalina.authenticator.AuthenticatorBase.invoke(AuthenticatorBase.java:541)
		at org.apache.catalina.core.StandardHostValve.invoke(StandardHostValve.java:135)
		at org.apache.catalina.valves.ErrorReportValve.invoke(ErrorReportValve.java:92)
		at org.apache.catalina.valves.AbstractAccessLogValve.invoke(AbstractAccessLogValve.java:687)
		at org.apache.catalina.core.StandardEngineValve.invoke(StandardEngineValve.java:78)
		at org.apache.catalina.connector.CoyoteAdapter.service(CoyoteAdapter.java:360)
		at org.apache.coyote.http11.Http11Processor.service(Http11Processor.java:399)
		at org.apache.coyote.AbstractProcessorLight.process(AbstractProcessorLight.java:65)
		at org.apache.coyote.AbstractProtocol$ConnectionHandler.process(AbstractProtocol.java:893)
		at org.apache.tomcat.util.net.NioEndpoint$SocketProcessor.doRun(NioEndpoint.java:1789)
		at org.apache.tomcat.util.net.SocketProcessorBase.run(SocketProcessorBase.java:49)
		at org.apache.tomcat.util.threads.ThreadPoolExecutor.runWorker(ThreadPoolExecutor.java:1191)
		at org.apache.tomcat.util.threads.ThreadPoolExecutor$Worker.run(ThreadPoolExecutor.java:659)
		at org.apache.tomcat.util.threads.TaskThread$WrappingRunnable.run(TaskThread.java:61)
		at java.lang.Thread.run(Thread.java:748)
07-Nov-2022 01:16:24.370 정보 [main] org.apache.catalina.core.ApplicationContext.log SessionListener: contextDestroyed()
07-Nov-2022 01:16:24.371 정보 [main] org.apache.catalina.core.ApplicationContext.log ContextListener: contextDestroyed()
07-Nov-2022 01:16:27.771 정보 [main] org.apache.catalina.core.ApplicationContext.log ContextListener: contextInitialized()
07-Nov-2022 01:16:27.771 정보 [main] org.apache.catalina.core.ApplicationContext.log SessionListener: contextInitialized()
07-Nov-2022 01:16:27.773 정보 [main] org.apache.catalina.core.ApplicationContext.log ContextListener: attributeAdded('StockTicker', 'async.Stockticker@7690781')
07-Nov-2022 01:16:32.995 정보 [http-nio-8282-exec-1] org.apache.catalina.core.ApplicationContext.log 서블릿 [Numbering_Servlet]을(를) 가용하지 않은 상태로 표시합니다.
07-Nov-2022 01:16:32.996 심각 [http-nio-8282-exec-1] org.apache.catalina.core.StandardWrapperValve.invoke 서블릿 [Numbering_Servlet]을(를) 위해 할당하던 중 예외 발생
	java.lang.StringIndexOutOfBoundsException: String index out of range: -1
		at java.lang.String.substring(String.java:1967)
		at common.logging.Logger.addFileAppender(Logger.java:95)
		at common.logging.Logger.initOutputTarget(Logger.java:71)
		at common.logging.Logger.initLogger(Logger.java:64)
		at engine.NumberingServlet.<init>(NumberingServlet.java:21)
		at sun.reflect.NativeConstructorAccessorImpl.newInstance0(Native Method)
		at sun.reflect.NativeConstructorAccessorImpl.newInstance(NativeConstructorAccessorImpl.java:62)
		at sun.reflect.DelegatingConstructorAccessorImpl.newInstance(DelegatingConstructorAccessorImpl.java:45)
		at java.lang.reflect.Constructor.newInstance(Constructor.java:423)
		at org.apache.catalina.core.DefaultInstanceManager.newInstance(DefaultInstanceManager.java:150)
		at org.apache.catalina.core.StandardWrapper.loadServlet(StandardWrapper.java:1070)
		at org.apache.catalina.core.StandardWrapper.allocate(StandardWrapper.java:788)
		at org.apache.catalina.core.StandardWrapperValve.invoke(StandardWrapperValve.java:128)
		at org.apache.catalina.core.StandardContextValve.invoke(StandardContextValve.java:97)
		at org.apache.catalina.authenticator.AuthenticatorBase.invoke(AuthenticatorBase.java:541)
		at org.apache.catalina.core.StandardHostValve.invoke(StandardHostValve.java:135)
		at org.apache.catalina.valves.ErrorReportValve.invoke(ErrorReportValve.java:92)
		at org.apache.catalina.valves.AbstractAccessLogValve.invoke(AbstractAccessLogValve.java:687)
		at org.apache.catalina.core.StandardEngineValve.invoke(StandardEngineValve.java:78)
		at org.apache.catalina.connector.CoyoteAdapter.service(CoyoteAdapter.java:360)
		at org.apache.coyote.http11.Http11Processor.service(Http11Processor.java:399)
		at org.apache.coyote.AbstractProcessorLight.process(AbstractProcessorLight.java:65)
		at org.apache.coyote.AbstractProtocol$ConnectionHandler.process(AbstractProtocol.java:893)
		at org.apache.tomcat.util.net.NioEndpoint$SocketProcessor.doRun(NioEndpoint.java:1789)
		at org.apache.tomcat.util.net.SocketProcessorBase.run(SocketProcessorBase.java:49)
		at org.apache.tomcat.util.threads.ThreadPoolExecutor.runWorker(ThreadPoolExecutor.java:1191)
		at org.apache.tomcat.util.threads.ThreadPoolExecutor$Worker.run(ThreadPoolExecutor.java:659)
		at org.apache.tomcat.util.threads.TaskThread$WrappingRunnable.run(TaskThread.java:61)
		at java.lang.Thread.run(Thread.java:748)
07-Nov-2022 01:16:58.747 정보 [main] org.apache.catalina.core.ApplicationContext.log ContextListener: contextInitialized()
07-Nov-2022 01:16:58.747 정보 [main] org.apache.catalina.core.ApplicationContext.log SessionListener: contextInitialized()
07-Nov-2022 01:16:58.749 정보 [main] org.apache.catalina.core.ApplicationContext.log ContextListener: attributeAdded('StockTicker', 'async.Stockticker@7690781')
07-Nov-2022 01:17:02.277 정보 [http-nio-8282-exec-2] org.apache.catalina.core.ApplicationContext.log 서블릿 [Numbering_Servlet]을(를) 가용하지 않은 상태로 표시합니다.
07-Nov-2022 01:17:02.277 심각 [http-nio-8282-exec-2] org.apache.catalina.core.StandardWrapperValve.invoke 서블릿 [Numbering_Servlet]을(를) 위해 할당하던 중 예외 발생
	java.lang.StringIndexOutOfBoundsException: String index out of range: -1
		at java.lang.String.substring(String.java:1967)
		at common.logging.Logger.addFileAppender(Logger.java:95)
		at common.logging.Logger.initOutputTarget(Logger.java:71)
		at common.logging.Logger.initLogger(Logger.java:64)
		at engine.NumberingServlet.<init>(NumberingServlet.java:21)
		at sun.reflect.NativeConstructorAccessorImpl.newInstance0(Native Method)
		at sun.reflect.NativeConstructorAccessorImpl.newInstance(NativeConstructorAccessorImpl.java:62)
		at sun.reflect.DelegatingConstructorAccessorImpl.newInstance(DelegatingConstructorAccessorImpl.java:45)
		at java.lang.reflect.Constructor.newInstance(Constructor.java:423)
		at org.apache.catalina.core.DefaultInstanceManager.newInstance(DefaultInstanceManager.java:150)
		at org.apache.catalina.core.StandardWrapper.loadServlet(StandardWrapper.java:1070)
		at org.apache.catalina.core.StandardWrapper.allocate(StandardWrapper.java:788)
		at org.apache.catalina.core.StandardWrapperValve.invoke(StandardWrapperValve.java:128)
		at org.apache.catalina.core.StandardContextValve.invoke(StandardContextValve.java:97)
		at org.apache.catalina.authenticator.AuthenticatorBase.invoke(AuthenticatorBase.java:541)
		at org.apache.catalina.core.StandardHostValve.invoke(StandardHostValve.java:135)
		at org.apache.catalina.valves.ErrorReportValve.invoke(ErrorReportValve.java:92)
		at org.apache.catalina.valves.AbstractAccessLogValve.invoke(AbstractAccessLogValve.java:687)
		at org.apache.catalina.core.StandardEngineValve.invoke(StandardEngineValve.java:78)
		at org.apache.catalina.connector.CoyoteAdapter.service(CoyoteAdapter.java:360)
		at org.apache.coyote.http11.Http11Processor.service(Http11Processor.java:399)
		at org.apache.coyote.AbstractProcessorLight.process(AbstractProcessorLight.java:65)
		at org.apache.coyote.AbstractProtocol$ConnectionHandler.process(AbstractProtocol.java:893)
		at org.apache.tomcat.util.net.NioEndpoint$SocketProcessor.doRun(NioEndpoint.java:1789)
		at org.apache.tomcat.util.net.SocketProcessorBase.run(SocketProcessorBase.java:49)
		at org.apache.tomcat.util.threads.ThreadPoolExecutor.runWorker(ThreadPoolExecutor.java:1191)
		at org.apache.tomcat.util.threads.ThreadPoolExecutor$Worker.run(ThreadPoolExecutor.java:659)
		at org.apache.tomcat.util.threads.TaskThread$WrappingRunnable.run(TaskThread.java:61)
		at java.lang.Thread.run(Thread.java:748)
07-Nov-2022 01:30:24.104 정보 [main] org.apache.catalina.core.ApplicationContext.log ContextListener: contextInitialized()
07-Nov-2022 01:30:24.105 정보 [main] org.apache.catalina.core.ApplicationContext.log SessionListener: contextInitialized()
07-Nov-2022 01:30:24.109 정보 [main] org.apache.catalina.core.ApplicationContext.log ContextListener: attributeAdded('StockTicker', 'async.Stockticker@65f095f8')
07-Nov-2022 01:30:26.394 정보 [http-nio-8282-exec-2] org.apache.catalina.core.ApplicationContext.log 서블릿 [Numbering_Servlet]을(를) 가용하지 않은 상태로 표시합니다.
07-Nov-2022 01:30:26.395 심각 [http-nio-8282-exec-2] org.apache.catalina.core.StandardWrapperValve.invoke 서블릿 [Numbering_Servlet]을(를) 위해 할당하던 중 예외 발생
	java.lang.StringIndexOutOfBoundsException: String index out of range: -1
		at java.lang.String.substring(String.java:1967)
		at common.logging.Logger.addFileAppender(Logger.java:95)
		at common.logging.Logger.initOutputTarget(Logger.java:71)
		at common.logging.Logger.initLogger(Logger.java:64)
		at engine.NumberingServlet.<init>(NumberingServlet.java:21)
		at sun.reflect.NativeConstructorAccessorImpl.newInstance0(Native Method)
		at sun.reflect.NativeConstructorAccessorImpl.newInstance(NativeConstructorAccessorImpl.java:62)
		at sun.reflect.DelegatingConstructorAccessorImpl.newInstance(DelegatingConstructorAccessorImpl.java:45)
		at java.lang.reflect.Constructor.newInstance(Constructor.java:423)
		at org.apache.catalina.core.DefaultInstanceManager.newInstance(DefaultInstanceManager.java:150)
		at org.apache.catalina.core.StandardWrapper.loadServlet(StandardWrapper.java:1070)
		at org.apache.catalina.core.StandardWrapper.allocate(StandardWrapper.java:788)
		at org.apache.catalina.core.StandardWrapperValve.invoke(StandardWrapperValve.java:128)
		at org.apache.catalina.core.StandardContextValve.invoke(StandardContextValve.java:97)
		at org.apache.catalina.authenticator.AuthenticatorBase.invoke(AuthenticatorBase.java:541)
		at org.apache.catalina.core.StandardHostValve.invoke(StandardHostValve.java:135)
		at org.apache.catalina.valves.ErrorReportValve.invoke(ErrorReportValve.java:92)
		at org.apache.catalina.valves.AbstractAccessLogValve.invoke(AbstractAccessLogValve.java:687)
		at org.apache.catalina.core.StandardEngineValve.invoke(StandardEngineValve.java:78)
		at org.apache.catalina.connector.CoyoteAdapter.service(CoyoteAdapter.java:360)
		at org.apache.coyote.http11.Http11Processor.service(Http11Processor.java:399)
		at org.apache.coyote.AbstractProcessorLight.process(AbstractProcessorLight.java:65)
		at org.apache.coyote.AbstractProtocol$ConnectionHandler.process(AbstractProtocol.java:893)
		at org.apache.tomcat.util.net.NioEndpoint$SocketProcessor.doRun(NioEndpoint.java:1789)
		at org.apache.tomcat.util.net.SocketProcessorBase.run(SocketProcessorBase.java:49)
		at org.apache.tomcat.util.threads.ThreadPoolExecutor.runWorker(ThreadPoolExecutor.java:1191)
		at org.apache.tomcat.util.threads.ThreadPoolExecutor$Worker.run(ThreadPoolExecutor.java:659)
		at org.apache.tomcat.util.threads.TaskThread$WrappingRunnable.run(TaskThread.java:61)
		at java.lang.Thread.run(Thread.java:748)
07-Nov-2022 01:31:36.150 정보 [main] org.apache.catalina.core.ApplicationContext.log ContextListener: contextInitialized()
07-Nov-2022 01:31:36.150 정보 [main] org.apache.catalina.core.ApplicationContext.log SessionListener: contextInitialized()
07-Nov-2022 01:31:36.152 정보 [main] org.apache.catalina.core.ApplicationContext.log ContextListener: attributeAdded('StockTicker', 'async.Stockticker@55536d9e')
07-Nov-2022 01:31:42.361 정보 [http-nio-8282-exec-1] org.apache.catalina.core.ApplicationContext.log 서블릿 [Numbering_Servlet]을(를) 가용하지 않은 상태로 표시합니다.
07-Nov-2022 01:31:42.361 심각 [http-nio-8282-exec-1] org.apache.catalina.core.StandardWrapperValve.invoke 서블릿 [Numbering_Servlet]을(를) 위해 할당하던 중 예외 발생
	java.lang.StringIndexOutOfBoundsException: String index out of range: -1
		at java.lang.String.substring(String.java:1967)
		at common.logging.Logger.addFileAppender(Logger.java:95)
		at common.logging.Logger.initOutputTarget(Logger.java:71)
		at common.logging.Logger.initLogger(Logger.java:64)
		at engine.NumberingServlet.<init>(NumberingServlet.java:21)
		at sun.reflect.NativeConstructorAccessorImpl.newInstance0(Native Method)
		at sun.reflect.NativeConstructorAccessorImpl.newInstance(NativeConstructorAccessorImpl.java:62)
		at sun.reflect.DelegatingConstructorAccessorImpl.newInstance(DelegatingConstructorAccessorImpl.java:45)
		at java.lang.reflect.Constructor.newInstance(Constructor.java:423)
		at org.apache.catalina.core.DefaultInstanceManager.newInstance(DefaultInstanceManager.java:150)
		at org.apache.catalina.core.StandardWrapper.loadServlet(StandardWrapper.java:1070)
		at org.apache.catalina.core.StandardWrapper.allocate(StandardWrapper.java:788)
		at org.apache.catalina.core.StandardWrapperValve.invoke(StandardWrapperValve.java:128)
		at org.apache.catalina.core.StandardContextValve.invoke(StandardContextValve.java:97)
		at org.apache.catalina.authenticator.AuthenticatorBase.invoke(AuthenticatorBase.java:541)
		at org.apache.catalina.core.StandardHostValve.invoke(StandardHostValve.java:135)
		at org.apache.catalina.valves.ErrorReportValve.invoke(ErrorReportValve.java:92)
		at org.apache.catalina.valves.AbstractAccessLogValve.invoke(AbstractAccessLogValve.java:687)
		at org.apache.catalina.core.StandardEngineValve.invoke(StandardEngineValve.java:78)
		at org.apache.catalina.connector.CoyoteAdapter.service(CoyoteAdapter.java:360)
		at org.apache.coyote.http11.Http11Processor.service(Http11Processor.java:399)
		at org.apache.coyote.AbstractProcessorLight.process(AbstractProcessorLight.java:65)
		at org.apache.coyote.AbstractProtocol$ConnectionHandler.process(AbstractProtocol.java:893)
		at org.apache.tomcat.util.net.NioEndpoint$SocketProcessor.doRun(NioEndpoint.java:1789)
		at org.apache.tomcat.util.net.SocketProcessorBase.run(SocketProcessorBase.java:49)
		at org.apache.tomcat.util.threads.ThreadPoolExecutor.runWorker(ThreadPoolExecutor.java:1191)
		at org.apache.tomcat.util.threads.ThreadPoolExecutor$Worker.run(ThreadPoolExecutor.java:659)
		at org.apache.tomcat.util.threads.TaskThread$WrappingRunnable.run(TaskThread.java:61)
		at java.lang.Thread.run(Thread.java:748)
07-Nov-2022 01:33:57.974 정보 [main] org.apache.catalina.core.ApplicationContext.log SessionListener: contextDestroyed()
07-Nov-2022 01:33:57.974 정보 [main] org.apache.catalina.core.ApplicationContext.log ContextListener: contextDestroyed()
07-Nov-2022 01:34:01.333 정보 [main] org.apache.catalina.core.ApplicationContext.log ContextListener: contextInitialized()
07-Nov-2022 01:34:01.333 정보 [main] org.apache.catalina.core.ApplicationContext.log SessionListener: contextInitialized()
07-Nov-2022 01:34:01.336 정보 [main] org.apache.catalina.core.ApplicationContext.log ContextListener: attributeAdded('StockTicker', 'async.Stockticker@7690781')
07-Nov-2022 01:34:07.152 정보 [http-nio-8282-exec-2] org.apache.catalina.core.ApplicationContext.log 서블릿 [Numbering_Servlet]을(를) 가용하지 않은 상태로 표시합니다.
07-Nov-2022 01:34:07.152 심각 [http-nio-8282-exec-2] org.apache.catalina.core.StandardWrapperValve.invoke 서블릿 [Numbering_Servlet]을(를) 위해 할당하던 중 예외 발생
	java.lang.StringIndexOutOfBoundsException: String index out of range: -1
		at java.lang.String.substring(String.java:1967)
		at common.logging.Logger.addFileAppender(Logger.java:95)
		at common.logging.Logger.initOutputTarget(Logger.java:71)
		at common.logging.Logger.initLogger(Logger.java:64)
		at engine.NumberingServlet.<init>(NumberingServlet.java:21)
		at sun.reflect.NativeConstructorAccessorImpl.newInstance0(Native Method)
		at sun.reflect.NativeConstructorAccessorImpl.newInstance(NativeConstructorAccessorImpl.java:62)
		at sun.reflect.DelegatingConstructorAccessorImpl.newInstance(DelegatingConstructorAccessorImpl.java:45)
		at java.lang.reflect.Constructor.newInstance(Constructor.java:423)
		at org.apache.catalina.core.DefaultInstanceManager.newInstance(DefaultInstanceManager.java:150)
		at org.apache.catalina.core.StandardWrapper.loadServlet(StandardWrapper.java:1070)
		at org.apache.catalina.core.StandardWrapper.allocate(StandardWrapper.java:788)
		at org.apache.catalina.core.StandardWrapperValve.invoke(StandardWrapperValve.java:128)
		at org.apache.catalina.core.StandardContextValve.invoke(StandardContextValve.java:97)
		at org.apache.catalina.authenticator.AuthenticatorBase.invoke(AuthenticatorBase.java:541)
		at org.apache.catalina.core.StandardHostValve.invoke(StandardHostValve.java:135)
		at org.apache.catalina.valves.ErrorReportValve.invoke(ErrorReportValve.java:92)
		at org.apache.catalina.valves.AbstractAccessLogValve.invoke(AbstractAccessLogValve.java:687)
		at org.apache.catalina.core.StandardEngineValve.invoke(StandardEngineValve.java:78)
		at org.apache.catalina.connector.CoyoteAdapter.service(CoyoteAdapter.java:360)
		at org.apache.coyote.http11.Http11Processor.service(Http11Processor.java:399)
		at org.apache.coyote.AbstractProcessorLight.process(AbstractProcessorLight.java:65)
		at org.apache.coyote.AbstractProtocol$ConnectionHandler.process(AbstractProtocol.java:893)
		at org.apache.tomcat.util.net.NioEndpoint$SocketProcessor.doRun(NioEndpoint.java:1789)
		at org.apache.tomcat.util.net.SocketProcessorBase.run(SocketProcessorBase.java:49)
		at org.apache.tomcat.util.threads.ThreadPoolExecutor.runWorker(ThreadPoolExecutor.java:1191)
		at org.apache.tomcat.util.threads.ThreadPoolExecutor$Worker.run(ThreadPoolExecutor.java:659)
		at org.apache.tomcat.util.threads.TaskThread$WrappingRunnable.run(TaskThread.java:61)
		at java.lang.Thread.run(Thread.java:748)
07-Nov-2022 01:35:54.171 정보 [main] org.apache.catalina.core.ApplicationContext.log SessionListener: contextDestroyed()
07-Nov-2022 01:35:54.171 정보 [main] org.apache.catalina.core.ApplicationContext.log ContextListener: contextDestroyed()
07-Nov-2022 01:35:57.433 정보 [main] org.apache.catalina.core.ApplicationContext.log ContextListener: contextInitialized()
07-Nov-2022 01:35:57.433 정보 [main] org.apache.catalina.core.ApplicationContext.log SessionListener: contextInitialized()
07-Nov-2022 01:35:57.436 정보 [main] org.apache.catalina.core.ApplicationContext.log ContextListener: attributeAdded('StockTicker', 'async.Stockticker@7690781')
07-Nov-2022 01:35:59.129 정보 [http-nio-8282-exec-2] org.apache.catalina.core.ApplicationContext.log 서블릿 [Numbering_Servlet]을(를) 가용하지 않은 상태로 표시합니다.
07-Nov-2022 01:35:59.129 심각 [http-nio-8282-exec-2] org.apache.catalina.core.StandardWrapperValve.invoke 서블릿 [Numbering_Servlet]을(를) 위해 할당하던 중 예외 발생
	java.lang.StringIndexOutOfBoundsException: String index out of range: -1
		at java.lang.String.substring(String.java:1967)
		at common.logging.Logger.addFileAppender(Logger.java:95)
		at common.logging.Logger.initOutputTarget(Logger.java:71)
		at common.logging.Logger.initLogger(Logger.java:64)
		at engine.NumberingServlet.<init>(NumberingServlet.java:21)
		at sun.reflect.NativeConstructorAccessorImpl.newInstance0(Native Method)
		at sun.reflect.NativeConstructorAccessorImpl.newInstance(NativeConstructorAccessorImpl.java:62)
		at sun.reflect.DelegatingConstructorAccessorImpl.newInstance(DelegatingConstructorAccessorImpl.java:45)
		at java.lang.reflect.Constructor.newInstance(Constructor.java:423)
		at org.apache.catalina.core.DefaultInstanceManager.newInstance(DefaultInstanceManager.java:150)
		at org.apache.catalina.core.StandardWrapper.loadServlet(StandardWrapper.java:1070)
		at org.apache.catalina.core.StandardWrapper.allocate(StandardWrapper.java:788)
		at org.apache.catalina.core.StandardWrapperValve.invoke(StandardWrapperValve.java:128)
		at org.apache.catalina.core.StandardContextValve.invoke(StandardContextValve.java:97)
		at org.apache.catalina.authenticator.AuthenticatorBase.invoke(AuthenticatorBase.java:541)
		at org.apache.catalina.core.StandardHostValve.invoke(StandardHostValve.java:135)
		at org.apache.catalina.valves.ErrorReportValve.invoke(ErrorReportValve.java:92)
		at org.apache.catalina.valves.AbstractAccessLogValve.invoke(AbstractAccessLogValve.java:687)
		at org.apache.catalina.core.StandardEngineValve.invoke(StandardEngineValve.java:78)
		at org.apache.catalina.connector.CoyoteAdapter.service(CoyoteAdapter.java:360)
		at org.apache.coyote.http11.Http11Processor.service(Http11Processor.java:399)
		at org.apache.coyote.AbstractProcessorLight.process(AbstractProcessorLight.java:65)
		at org.apache.coyote.AbstractProtocol$ConnectionHandler.process(AbstractProtocol.java:893)
		at org.apache.tomcat.util.net.NioEndpoint$SocketProcessor.doRun(NioEndpoint.java:1789)
		at org.apache.tomcat.util.net.SocketProcessorBase.run(SocketProcessorBase.java:49)
		at org.apache.tomcat.util.threads.ThreadPoolExecutor.runWorker(ThreadPoolExecutor.java:1191)
		at org.apache.tomcat.util.threads.ThreadPoolExecutor$Worker.run(ThreadPoolExecutor.java:659)
		at org.apache.tomcat.util.threads.TaskThread$WrappingRunnable.run(TaskThread.java:61)
		at java.lang.Thread.run(Thread.java:748)
07-Nov-2022 01:38:06.104 정보 [main] org.apache.catalina.core.ApplicationContext.log ContextListener: contextInitialized()
07-Nov-2022 01:38:06.104 정보 [main] org.apache.catalina.core.ApplicationContext.log SessionListener: contextInitialized()
07-Nov-2022 01:38:06.107 정보 [main] org.apache.catalina.core.ApplicationContext.log ContextListener: attributeAdded('StockTicker', 'async.Stockticker@55536d9e')
07-Nov-2022 01:38:09.590 정보 [http-nio-8282-exec-2] org.apache.catalina.core.ApplicationContext.log 서블릿 [Numbering_Servlet]을(를) 가용하지 않은 상태로 표시합니다.
07-Nov-2022 01:38:09.590 심각 [http-nio-8282-exec-2] org.apache.catalina.core.StandardWrapperValve.invoke 서블릿 [Numbering_Servlet]을(를) 위해 할당하던 중 예외 발생
	java.lang.StringIndexOutOfBoundsException: String index out of range: -1
		at java.lang.String.substring(String.java:1967)
		at common.logging.Logger.addFileAppender(Logger.java:95)
		at common.logging.Logger.initOutputTarget(Logger.java:71)
		at common.logging.Logger.initLogger(Logger.java:64)
		at engine.NumberingServlet.<init>(NumberingServlet.java:21)
		at sun.reflect.NativeConstructorAccessorImpl.newInstance0(Native Method)
		at sun.reflect.NativeConstructorAccessorImpl.newInstance(NativeConstructorAccessorImpl.java:62)
		at sun.reflect.DelegatingConstructorAccessorImpl.newInstance(DelegatingConstructorAccessorImpl.java:45)
		at java.lang.reflect.Constructor.newInstance(Constructor.java:423)
		at org.apache.catalina.core.DefaultInstanceManager.newInstance(DefaultInstanceManager.java:150)
		at org.apache.catalina.core.StandardWrapper.loadServlet(StandardWrapper.java:1070)
		at org.apache.catalina.core.StandardWrapper.allocate(StandardWrapper.java:788)
		at org.apache.catalina.core.StandardWrapperValve.invoke(StandardWrapperValve.java:128)
		at org.apache.catalina.core.StandardContextValve.invoke(StandardContextValve.java:97)
		at org.apache.catalina.authenticator.AuthenticatorBase.invoke(AuthenticatorBase.java:541)
		at org.apache.catalina.core.StandardHostValve.invoke(StandardHostValve.java:135)
		at org.apache.catalina.valves.ErrorReportValve.invoke(ErrorReportValve.java:92)
		at org.apache.catalina.valves.AbstractAccessLogValve.invoke(AbstractAccessLogValve.java:687)
		at org.apache.catalina.core.StandardEngineValve.invoke(StandardEngineValve.java:78)
		at org.apache.catalina.connector.CoyoteAdapter.service(CoyoteAdapter.java:360)
		at org.apache.coyote.http11.Http11Processor.service(Http11Processor.java:399)
		at org.apache.coyote.AbstractProcessorLight.process(AbstractProcessorLight.java:65)
		at org.apache.coyote.AbstractProtocol$ConnectionHandler.process(AbstractProtocol.java:893)
		at org.apache.tomcat.util.net.NioEndpoint$SocketProcessor.doRun(NioEndpoint.java:1789)
		at org.apache.tomcat.util.net.SocketProcessorBase.run(SocketProcessorBase.java:49)
		at org.apache.tomcat.util.threads.ThreadPoolExecutor.runWorker(ThreadPoolExecutor.java:1191)
		at org.apache.tomcat.util.threads.ThreadPoolExecutor$Worker.run(ThreadPoolExecutor.java:659)
		at org.apache.tomcat.util.threads.TaskThread$WrappingRunnable.run(TaskThread.java:61)
		at java.lang.Thread.run(Thread.java:748)
07-Nov-2022 01:38:30.208 정보 [main] org.apache.catalina.core.ApplicationContext.log SessionListener: contextDestroyed()
07-Nov-2022 01:38:30.208 정보 [main] org.apache.catalina.core.ApplicationContext.log ContextListener: contextDestroyed()
07-Nov-2022 01:38:34.788 정보 [main] org.apache.catalina.core.ApplicationContext.log ContextListener: contextInitialized()
07-Nov-2022 01:38:34.788 정보 [main] org.apache.catalina.core.ApplicationContext.log SessionListener: contextInitialized()
07-Nov-2022 01:38:34.791 정보 [main] org.apache.catalina.core.ApplicationContext.log ContextListener: attributeAdded('StockTicker', 'async.Stockticker@7690781')
07-Nov-2022 01:38:36.068 정보 [http-nio-8282-exec-1] org.apache.catalina.core.ApplicationContext.log 서블릿 [Numbering_Servlet]을(를) 가용하지 않은 상태로 표시합니다.
07-Nov-2022 01:38:36.068 심각 [http-nio-8282-exec-1] org.apache.catalina.core.StandardWrapperValve.invoke 서블릿 [Numbering_Servlet]을(를) 위해 할당하던 중 예외 발생
	java.lang.StringIndexOutOfBoundsException: String index out of range: -1
		at java.lang.String.substring(String.java:1967)
		at common.logging.Logger.addFileAppender(Logger.java:95)
		at common.logging.Logger.initOutputTarget(Logger.java:71)
		at common.logging.Logger.initLogger(Logger.java:64)
		at engine.NumberingServlet.<init>(NumberingServlet.java:21)
		at sun.reflect.NativeConstructorAccessorImpl.newInstance0(Native Method)
		at sun.reflect.NativeConstructorAccessorImpl.newInstance(NativeConstructorAccessorImpl.java:62)
		at sun.reflect.DelegatingConstructorAccessorImpl.newInstance(DelegatingConstructorAccessorImpl.java:45)
		at java.lang.reflect.Constructor.newInstance(Constructor.java:423)
		at org.apache.catalina.core.DefaultInstanceManager.newInstance(DefaultInstanceManager.java:150)
		at org.apache.catalina.core.StandardWrapper.loadServlet(StandardWrapper.java:1070)
		at org.apache.catalina.core.StandardWrapper.allocate(StandardWrapper.java:788)
		at org.apache.catalina.core.StandardWrapperValve.invoke(StandardWrapperValve.java:128)
		at org.apache.catalina.core.StandardContextValve.invoke(StandardContextValve.java:97)
		at org.apache.catalina.authenticator.AuthenticatorBase.invoke(AuthenticatorBase.java:541)
		at org.apache.catalina.core.StandardHostValve.invoke(StandardHostValve.java:135)
		at org.apache.catalina.valves.ErrorReportValve.invoke(ErrorReportValve.java:92)
		at org.apache.catalina.valves.AbstractAccessLogValve.invoke(AbstractAccessLogValve.java:687)
		at org.apache.catalina.core.StandardEngineValve.invoke(StandardEngineValve.java:78)
		at org.apache.catalina.connector.CoyoteAdapter.service(CoyoteAdapter.java:360)
		at org.apache.coyote.http11.Http11Processor.service(Http11Processor.java:399)
		at org.apache.coyote.AbstractProcessorLight.process(AbstractProcessorLight.java:65)
		at org.apache.coyote.AbstractProtocol$ConnectionHandler.process(AbstractProtocol.java:893)
		at org.apache.tomcat.util.net.NioEndpoint$SocketProcessor.doRun(NioEndpoint.java:1789)
		at org.apache.tomcat.util.net.SocketProcessorBase.run(SocketProcessorBase.java:49)
		at org.apache.tomcat.util.threads.ThreadPoolExecutor.runWorker(ThreadPoolExecutor.java:1191)
		at org.apache.tomcat.util.threads.ThreadPoolExecutor$Worker.run(ThreadPoolExecutor.java:659)
		at org.apache.tomcat.util.threads.TaskThread$WrappingRunnable.run(TaskThread.java:61)
		at java.lang.Thread.run(Thread.java:748)
07-Nov-2022 01:39:23.533 정보 [main] org.apache.catalina.core.ApplicationContext.log SessionListener: contextDestroyed()
07-Nov-2022 01:39:23.533 정보 [main] org.apache.catalina.core.ApplicationContext.log ContextListener: contextDestroyed()
07-Nov-2022 01:39:27.128 정보 [main] org.apache.catalina.core.ApplicationContext.log ContextListener: contextInitialized()
07-Nov-2022 01:39:27.128 정보 [main] org.apache.catalina.core.ApplicationContext.log SessionListener: contextInitialized()
07-Nov-2022 01:39:27.130 정보 [main] org.apache.catalina.core.ApplicationContext.log ContextListener: attributeAdded('StockTicker', 'async.Stockticker@55536d9e')
07-Nov-2022 01:39:29.495 정보 [http-nio-8282-exec-1] org.apache.catalina.core.ApplicationContext.log 서블릿 [Numbering_Servlet]을(를) 가용하지 않은 상태로 표시합니다.
07-Nov-2022 01:39:29.495 심각 [http-nio-8282-exec-1] org.apache.catalina.core.StandardWrapperValve.invoke 서블릿 [Numbering_Servlet]을(를) 위해 할당하던 중 예외 발생
	java.lang.StringIndexOutOfBoundsException: String index out of range: -1
		at java.lang.String.substring(String.java:1967)
		at common.logging.Logger.addFileAppender(Logger.java:95)
		at common.logging.Logger.initOutputTarget(Logger.java:71)
		at common.logging.Logger.initLogger(Logger.java:64)
		at engine.NumberingServlet.<init>(NumberingServlet.java:21)
		at sun.reflect.NativeConstructorAccessorImpl.newInstance0(Native Method)
		at sun.reflect.NativeConstructorAccessorImpl.newInstance(NativeConstructorAccessorImpl.java:62)
		at sun.reflect.DelegatingConstructorAccessorImpl.newInstance(DelegatingConstructorAccessorImpl.java:45)
		at java.lang.reflect.Constructor.newInstance(Constructor.java:423)
		at org.apache.catalina.core.DefaultInstanceManager.newInstance(DefaultInstanceManager.java:150)
		at org.apache.catalina.core.StandardWrapper.loadServlet(StandardWrapper.java:1070)
		at org.apache.catalina.core.StandardWrapper.allocate(StandardWrapper.java:788)
		at org.apache.catalina.core.StandardWrapperValve.invoke(StandardWrapperValve.java:128)
		at org.apache.catalina.core.StandardContextValve.invoke(StandardContextValve.java:97)
		at org.apache.catalina.authenticator.AuthenticatorBase.invoke(AuthenticatorBase.java:541)
		at org.apache.catalina.core.StandardHostValve.invoke(StandardHostValve.java:135)
		at org.apache.catalina.valves.ErrorReportValve.invoke(ErrorReportValve.java:92)
		at org.apache.catalina.valves.AbstractAccessLogValve.invoke(AbstractAccessLogValve.java:687)
		at org.apache.catalina.core.StandardEngineValve.invoke(StandardEngineValve.java:78)
		at org.apache.catalina.connector.CoyoteAdapter.service(CoyoteAdapter.java:360)
		at org.apache.coyote.http11.Http11Processor.service(Http11Processor.java:399)
		at org.apache.coyote.AbstractProcessorLight.process(AbstractProcessorLight.java:65)
		at org.apache.coyote.AbstractProtocol$ConnectionHandler.process(AbstractProtocol.java:893)
		at org.apache.tomcat.util.net.NioEndpoint$SocketProcessor.doRun(NioEndpoint.java:1789)
		at org.apache.tomcat.util.net.SocketProcessorBase.run(SocketProcessorBase.java:49)
		at org.apache.tomcat.util.threads.ThreadPoolExecutor.runWorker(ThreadPoolExecutor.java:1191)
		at org.apache.tomcat.util.threads.ThreadPoolExecutor$Worker.run(ThreadPoolExecutor.java:659)
		at org.apache.tomcat.util.threads.TaskThread$WrappingRunnable.run(TaskThread.java:61)
		at java.lang.Thread.run(Thread.java:748)
07-Nov-2022 01:39:42.534 정보 [main] org.apache.catalina.core.ApplicationContext.log SessionListener: contextDestroyed()
07-Nov-2022 01:39:42.534 정보 [main] org.apache.catalina.core.ApplicationContext.log ContextListener: contextDestroyed()
07-Nov-2022 01:39:46.077 정보 [main] org.apache.catalina.core.ApplicationContext.log ContextListener: contextInitialized()
07-Nov-2022 01:39:46.077 정보 [main] org.apache.catalina.core.ApplicationContext.log SessionListener: contextInitialized()
07-Nov-2022 01:39:46.080 정보 [main] org.apache.catalina.core.ApplicationContext.log ContextListener: attributeAdded('StockTicker', 'async.Stockticker@7690781')
07-Nov-2022 01:39:47.907 정보 [http-nio-8282-exec-1] org.apache.catalina.core.ApplicationContext.log 서블릿 [Numbering_Servlet]을(를) 가용하지 않은 상태로 표시합니다.
07-Nov-2022 01:39:47.908 심각 [http-nio-8282-exec-1] org.apache.catalina.core.StandardWrapperValve.invoke 서블릿 [Numbering_Servlet]을(를) 위해 할당하던 중 예외 발생
	java.lang.StringIndexOutOfBoundsException: String index out of range: -1
		at java.lang.String.substring(String.java:1967)
		at common.logging.Logger.addFileAppender(Logger.java:95)
		at common.logging.Logger.initOutputTarget(Logger.java:71)
		at common.logging.Logger.initLogger(Logger.java:64)
		at engine.NumberingServlet.<init>(NumberingServlet.java:21)
		at sun.reflect.NativeConstructorAccessorImpl.newInstance0(Native Method)
		at sun.reflect.NativeConstructorAccessorImpl.newInstance(NativeConstructorAccessorImpl.java:62)
		at sun.reflect.DelegatingConstructorAccessorImpl.newInstance(DelegatingConstructorAccessorImpl.java:45)
		at java.lang.reflect.Constructor.newInstance(Constructor.java:423)
		at org.apache.catalina.core.DefaultInstanceManager.newInstance(DefaultInstanceManager.java:150)
		at org.apache.catalina.core.StandardWrapper.loadServlet(StandardWrapper.java:1070)
		at org.apache.catalina.core.StandardWrapper.allocate(StandardWrapper.java:788)
		at org.apache.catalina.core.StandardWrapperValve.invoke(StandardWrapperValve.java:128)
		at org.apache.catalina.core.StandardContextValve.invoke(StandardContextValve.java:97)
		at org.apache.catalina.authenticator.AuthenticatorBase.invoke(AuthenticatorBase.java:541)
		at org.apache.catalina.core.StandardHostValve.invoke(StandardHostValve.java:135)
		at org.apache.catalina.valves.ErrorReportValve.invoke(ErrorReportValve.java:92)
		at org.apache.catalina.valves.AbstractAccessLogValve.invoke(AbstractAccessLogValve.java:687)
		at org.apache.catalina.core.StandardEngineValve.invoke(StandardEngineValve.java:78)
		at org.apache.catalina.connector.CoyoteAdapter.service(CoyoteAdapter.java:360)
		at org.apache.coyote.http11.Http11Processor.service(Http11Processor.java:399)
		at org.apache.coyote.AbstractProcessorLight.process(AbstractProcessorLight.java:65)
		at org.apache.coyote.AbstractProtocol$ConnectionHandler.process(AbstractProtocol.java:893)
		at org.apache.tomcat.util.net.NioEndpoint$SocketProcessor.doRun(NioEndpoint.java:1789)
		at org.apache.tomcat.util.net.SocketProcessorBase.run(SocketProcessorBase.java:49)
		at org.apache.tomcat.util.threads.ThreadPoolExecutor.runWorker(ThreadPoolExecutor.java:1191)
		at org.apache.tomcat.util.threads.ThreadPoolExecutor$Worker.run(ThreadPoolExecutor.java:659)
		at org.apache.tomcat.util.threads.TaskThread$WrappingRunnable.run(TaskThread.java:61)
		at java.lang.Thread.run(Thread.java:748)
07-Nov-2022 01:52:26.707 정보 [main] org.apache.catalina.core.ApplicationContext.log ContextListener: contextInitialized()
07-Nov-2022 01:52:26.707 정보 [main] org.apache.catalina.core.ApplicationContext.log SessionListener: contextInitialized()
07-Nov-2022 01:52:26.709 정보 [main] org.apache.catalina.core.ApplicationContext.log ContextListener: attributeAdded('StockTicker', 'async.Stockticker@55536d9e')
07-Nov-2022 01:52:28.262 정보 [http-nio-8282-exec-2] org.apache.catalina.core.ApplicationContext.log 서블릿 [Numbering_Servlet]을(를) 가용하지 않은 상태로 표시합니다.
07-Nov-2022 01:52:28.262 심각 [http-nio-8282-exec-2] org.apache.catalina.core.StandardWrapperValve.invoke 서블릿 [Numbering_Servlet]을(를) 위해 할당하던 중 예외 발생
	java.lang.StringIndexOutOfBoundsException: String index out of range: -1
		at java.lang.String.substring(String.java:1967)
		at common.logging.Logger.addFileAppender(Logger.java:95)
		at common.logging.Logger.initOutputTarget(Logger.java:71)
		at common.logging.Logger.initLogger(Logger.java:64)
		at engine.NumberingServlet.<init>(NumberingServlet.java:21)
		at sun.reflect.NativeConstructorAccessorImpl.newInstance0(Native Method)
		at sun.reflect.NativeConstructorAccessorImpl.newInstance(NativeConstructorAccessorImpl.java:62)
		at sun.reflect.DelegatingConstructorAccessorImpl.newInstance(DelegatingConstructorAccessorImpl.java:45)
		at java.lang.reflect.Constructor.newInstance(Constructor.java:423)
		at org.apache.catalina.core.DefaultInstanceManager.newInstance(DefaultInstanceManager.java:150)
		at org.apache.catalina.core.StandardWrapper.loadServlet(StandardWrapper.java:1070)
		at org.apache.catalina.core.StandardWrapper.allocate(StandardWrapper.java:788)
		at org.apache.catalina.core.StandardWrapperValve.invoke(StandardWrapperValve.java:128)
		at org.apache.catalina.core.StandardContextValve.invoke(StandardContextValve.java:97)
		at org.apache.catalina.authenticator.AuthenticatorBase.invoke(AuthenticatorBase.java:541)
		at org.apache.catalina.core.StandardHostValve.invoke(StandardHostValve.java:135)
		at org.apache.catalina.valves.ErrorReportValve.invoke(ErrorReportValve.java:92)
		at org.apache.catalina.valves.AbstractAccessLogValve.invoke(AbstractAccessLogValve.java:687)
		at org.apache.catalina.core.StandardEngineValve.invoke(StandardEngineValve.java:78)
		at org.apache.catalina.connector.CoyoteAdapter.service(CoyoteAdapter.java:360)
		at org.apache.coyote.http11.Http11Processor.service(Http11Processor.java:399)
		at org.apache.coyote.AbstractProcessorLight.process(AbstractProcessorLight.java:65)
		at org.apache.coyote.AbstractProtocol$ConnectionHandler.process(AbstractProtocol.java:893)
		at org.apache.tomcat.util.net.NioEndpoint$SocketProcessor.doRun(NioEndpoint.java:1789)
		at org.apache.tomcat.util.net.SocketProcessorBase.run(SocketProcessorBase.java:49)
		at org.apache.tomcat.util.threads.ThreadPoolExecutor.runWorker(ThreadPoolExecutor.java:1191)
		at org.apache.tomcat.util.threads.ThreadPoolExecutor$Worker.run(ThreadPoolExecutor.java:659)
		at org.apache.tomcat.util.threads.TaskThread$WrappingRunnable.run(TaskThread.java:61)
		at java.lang.Thread.run(Thread.java:748)
07-Nov-2022 01:54:17.095 정보 [main] org.apache.catalina.core.ApplicationContext.log ContextListener: contextInitialized()
07-Nov-2022 01:54:17.095 정보 [main] org.apache.catalina.core.ApplicationContext.log SessionListener: contextInitialized()
07-Nov-2022 01:54:17.097 정보 [main] org.apache.catalina.core.ApplicationContext.log ContextListener: attributeAdded('StockTicker', 'async.Stockticker@55536d9e')
07-Nov-2022 01:54:19.387 정보 [http-nio-8282-exec-2] org.apache.catalina.core.ApplicationContext.log 서블릿 [Numbering_Servlet]을(를) 가용하지 않은 상태로 표시합니다.
07-Nov-2022 01:54:19.388 심각 [http-nio-8282-exec-2] org.apache.catalina.core.StandardWrapperValve.invoke 서블릿 [Numbering_Servlet]을(를) 위해 할당하던 중 예외 발생
	java.io.FileNotFoundException: ..\Numbering_[%d{yyyy-MM-dd HH:mm:ss}].log (파일 이름, 디렉터리 이름 또는 볼륨 레이블 구문이 잘못되었습니다)
		at java.io.FileOutputStream.open0(Native Method)
		at java.io.FileOutputStream.open(FileOutputStream.java:270)
		at java.io.FileOutputStream.<init>(FileOutputStream.java:213)
		at java.io.FileOutputStream.<init>(FileOutputStream.java:133)
		at org.apache.log4j.FileAppender.setFile(FileAppender.java:272)
		at org.apache.log4j.FileAppender.<init>(FileAppender.java:96)
		at org.apache.log4j.DailyRollingFileAppender.<init>(DailyRollingFileAppender.java:186)
		at common.logging.Logger.addFileAppender(Logger.java:99)
		at common.logging.Logger.initOutputTarget(Logger.java:71)
		at common.logging.Logger.initLogger(Logger.java:64)
		at engine.NumberingServlet.<init>(NumberingServlet.java:21)
		at sun.reflect.NativeConstructorAccessorImpl.newInstance0(Native Method)
		at sun.reflect.NativeConstructorAccessorImpl.newInstance(NativeConstructorAccessorImpl.java:62)
		at sun.reflect.DelegatingConstructorAccessorImpl.newInstance(DelegatingConstructorAccessorImpl.java:45)
		at java.lang.reflect.Constructor.newInstance(Constructor.java:423)
		at org.apache.catalina.core.DefaultInstanceManager.newInstance(DefaultInstanceManager.java:150)
		at org.apache.catalina.core.StandardWrapper.loadServlet(StandardWrapper.java:1070)
		at org.apache.catalina.core.StandardWrapper.allocate(StandardWrapper.java:788)
		at org.apache.catalina.core.StandardWrapperValve.invoke(StandardWrapperValve.java:128)
		at org.apache.catalina.core.StandardContextValve.invoke(StandardContextValve.java:97)
		at org.apache.catalina.authenticator.AuthenticatorBase.invoke(AuthenticatorBase.java:541)
		at org.apache.catalina.core.StandardHostValve.invoke(StandardHostValve.java:135)
		at org.apache.catalina.valves.ErrorReportValve.invoke(ErrorReportValve.java:92)
		at org.apache.catalina.valves.AbstractAccessLogValve.invoke(AbstractAccessLogValve.java:687)
		at org.apache.catalina.core.StandardEngineValve.invoke(StandardEngineValve.java:78)
		at org.apache.catalina.connector.CoyoteAdapter.service(CoyoteAdapter.java:360)
		at org.apache.coyote.http11.Http11Processor.service(Http11Processor.java:399)
		at org.apache.coyote.AbstractProcessorLight.process(AbstractProcessorLight.java:65)
		at org.apache.coyote.AbstractProtocol$ConnectionHandler.process(AbstractProtocol.java:893)
		at org.apache.tomcat.util.net.NioEndpoint$SocketProcessor.doRun(NioEndpoint.java:1789)
		at org.apache.tomcat.util.net.SocketProcessorBase.run(SocketProcessorBase.java:49)
		at org.apache.tomcat.util.threads.ThreadPoolExecutor.runWorker(ThreadPoolExecutor.java:1191)
		at org.apache.tomcat.util.threads.ThreadPoolExecutor$Worker.run(ThreadPoolExecutor.java:659)
		at org.apache.tomcat.util.threads.TaskThread$WrappingRunnable.run(TaskThread.java:61)
		at java.lang.Thread.run(Thread.java:748)
07-Nov-2022 01:55:40.473 정보 [main] org.apache.catalina.core.ApplicationContext.log SessionListener: contextDestroyed()
07-Nov-2022 01:55:40.473 정보 [main] org.apache.catalina.core.ApplicationContext.log ContextListener: contextDestroyed()
07-Nov-2022 01:55:44.057 정보 [main] org.apache.catalina.core.ApplicationContext.log ContextListener: contextInitialized()
07-Nov-2022 01:55:44.058 정보 [main] org.apache.catalina.core.ApplicationContext.log SessionListener: contextInitialized()
07-Nov-2022 01:55:44.060 정보 [main] org.apache.catalina.core.ApplicationContext.log ContextListener: attributeAdded('StockTicker', 'async.Stockticker@7690781')
07-Nov-2022 01:55:45.799 정보 [http-nio-8282-exec-1] org.apache.catalina.core.ApplicationContext.log 서블릿 [Numbering_Servlet]을(를) 가용하지 않은 상태로 표시합니다.
07-Nov-2022 01:55:45.800 심각 [http-nio-8282-exec-1] org.apache.catalina.core.StandardWrapperValve.invoke 서블릿 [Numbering_Servlet]을(를) 위해 할당하던 중 예외 발생
	java.io.FileNotFoundException: ..\Numbering_[%d{yyyy-MM-dd HH:mm:ss}].log (파일 이름, 디렉터리 이름 또는 볼륨 레이블 구문이 잘못되었습니다)
		at java.io.FileOutputStream.open0(Native Method)
		at java.io.FileOutputStream.open(FileOutputStream.java:270)
		at java.io.FileOutputStream.<init>(FileOutputStream.java:213)
		at java.io.FileOutputStream.<init>(FileOutputStream.java:133)
		at org.apache.log4j.FileAppender.setFile(FileAppender.java:272)
		at org.apache.log4j.FileAppender.<init>(FileAppender.java:96)
		at org.apache.log4j.DailyRollingFileAppender.<init>(DailyRollingFileAppender.java:186)
		at common.logging.Logger.addFileAppender(Logger.java:99)
		at common.logging.Logger.initOutputTarget(Logger.java:71)
		at common.logging.Logger.initLogger(Logger.java:64)
		at engine.NumberingServlet.<init>(NumberingServlet.java:21)
		at sun.reflect.NativeConstructorAccessorImpl.newInstance0(Native Method)
		at sun.reflect.NativeConstructorAccessorImpl.newInstance(NativeConstructorAccessorImpl.java:62)
		at sun.reflect.DelegatingConstructorAccessorImpl.newInstance(DelegatingConstructorAccessorImpl.java:45)
		at java.lang.reflect.Constructor.newInstance(Constructor.java:423)
		at org.apache.catalina.core.DefaultInstanceManager.newInstance(DefaultInstanceManager.java:150)
		at org.apache.catalina.core.StandardWrapper.loadServlet(StandardWrapper.java:1070)
		at org.apache.catalina.core.StandardWrapper.allocate(StandardWrapper.java:788)
		at org.apache.catalina.core.StandardWrapperValve.invoke(StandardWrapperValve.java:128)
		at org.apache.catalina.core.StandardContextValve.invoke(StandardContextValve.java:97)
		at org.apache.catalina.authenticator.AuthenticatorBase.invoke(AuthenticatorBase.java:541)
		at org.apache.catalina.core.StandardHostValve.invoke(StandardHostValve.java:135)
		at org.apache.catalina.valves.ErrorReportValve.invoke(ErrorReportValve.java:92)
		at org.apache.catalina.valves.AbstractAccessLogValve.invoke(AbstractAccessLogValve.java:687)
		at org.apache.catalina.core.StandardEngineValve.invoke(StandardEngineValve.java:78)
		at org.apache.catalina.connector.CoyoteAdapter.service(CoyoteAdapter.java:360)
		at org.apache.coyote.http11.Http11Processor.service(Http11Processor.java:399)
		at org.apache.coyote.AbstractProcessorLight.process(AbstractProcessorLight.java:65)
		at org.apache.coyote.AbstractProtocol$ConnectionHandler.process(AbstractProtocol.java:893)
		at org.apache.tomcat.util.net.NioEndpoint$SocketProcessor.doRun(NioEndpoint.java:1789)
		at org.apache.tomcat.util.net.SocketProcessorBase.run(SocketProcessorBase.java:49)
		at org.apache.tomcat.util.threads.ThreadPoolExecutor.runWorker(ThreadPoolExecutor.java:1191)
		at org.apache.tomcat.util.threads.ThreadPoolExecutor$Worker.run(ThreadPoolExecutor.java:659)
		at org.apache.tomcat.util.threads.TaskThread$WrappingRunnable.run(TaskThread.java:61)
		at java.lang.Thread.run(Thread.java:748)
07-Nov-2022 02:01:45.001 정보 [main] org.apache.catalina.core.ApplicationContext.log SessionListener: contextDestroyed()
07-Nov-2022 02:01:45.001 정보 [main] org.apache.catalina.core.ApplicationContext.log ContextListener: contextDestroyed()
07-Nov-2022 02:01:48.564 정보 [main] org.apache.catalina.core.ApplicationContext.log ContextListener: contextInitialized()
07-Nov-2022 02:01:48.564 정보 [main] org.apache.catalina.core.ApplicationContext.log SessionListener: contextInitialized()
07-Nov-2022 02:01:48.566 정보 [main] org.apache.catalina.core.ApplicationContext.log ContextListener: attributeAdded('StockTicker', 'async.Stockticker@7690781')
07-Nov-2022 03:19:05.247 정보 [main] org.apache.catalina.core.ApplicationContext.log ContextListener: contextInitialized()
07-Nov-2022 03:19:05.247 정보 [main] org.apache.catalina.core.ApplicationContext.log SessionListener: contextInitialized()
07-Nov-2022 03:19:05.248 정보 [main] org.apache.catalina.core.ApplicationContext.log ContextListener: attributeAdded('StockTicker', 'async.Stockticker@55536d9e')
07-Nov-2022 03:22:51.547 정보 [main] org.apache.catalina.core.ApplicationContext.log SessionListener: contextDestroyed()
07-Nov-2022 03:22:51.547 정보 [main] org.apache.catalina.core.ApplicationContext.log ContextListener: contextDestroyed()
07-Nov-2022 03:24:35.764 정보 [main] org.apache.catalina.core.ApplicationContext.log ContextListener: contextInitialized()
07-Nov-2022 03:24:35.764 정보 [main] org.apache.catalina.core.ApplicationContext.log SessionListener: contextInitialized()
07-Nov-2022 03:24:35.766 정보 [main] org.apache.catalina.core.ApplicationContext.log ContextListener: attributeAdded('StockTicker', 'async.Stockticker@55536d9e')
07-Nov-2022 03:42:13.250 정보 [main] org.apache.catalina.core.ApplicationContext.log SessionListener: contextDestroyed()
07-Nov-2022 03:42:13.250 정보 [main] org.apache.catalina.core.ApplicationContext.log ContextListener: contextDestroyed()
07-Nov-2022 03:57:53.480 정보 [main] org.apache.catalina.core.ApplicationContext.log ContextListener: contextInitialized()
07-Nov-2022 03:57:53.480 정보 [main] org.apache.catalina.core.ApplicationContext.log SessionListener: contextInitialized()
07-Nov-2022 03:57:53.483 정보 [main] org.apache.catalina.core.ApplicationContext.log ContextListener: attributeAdded('StockTicker', 'async.Stockticker@55536d9e')
07-Nov-2022 03:59:07.009 정보 [main] org.apache.catalina.core.ApplicationContext.log ContextListener: contextInitialized()
07-Nov-2022 03:59:07.009 정보 [main] org.apache.catalina.core.ApplicationContext.log SessionListener: contextInitialized()
07-Nov-2022 03:59:07.011 정보 [main] org.apache.catalina.core.ApplicationContext.log ContextListener: attributeAdded('StockTicker', 'async.Stockticker@7690781')
07-Nov-2022 03:59:57.031 정보 [main] org.apache.catalina.core.ApplicationContext.log SessionListener: contextDestroyed()
07-Nov-2022 03:59:57.031 정보 [main] org.apache.catalina.core.ApplicationContext.log ContextListener: contextDestroyed()
07-Nov-2022 18:20:04.655 정보 [main] org.apache.catalina.core.ApplicationContext.log ContextListener: contextInitialized()
07-Nov-2022 18:20:04.655 정보 [main] org.apache.catalina.core.ApplicationContext.log SessionListener: contextInitialized()
07-Nov-2022 18:20:04.658 정보 [main] org.apache.catalina.core.ApplicationContext.log ContextListener: attributeAdded('StockTicker', 'async.Stockticker@7690781')
07-Nov-2022 18:23:44.493 정보 [main] org.apache.catalina.core.ApplicationContext.log ContextListener: contextInitialized()
07-Nov-2022 18:23:44.493 정보 [main] org.apache.catalina.core.ApplicationContext.log SessionListener: contextInitialized()
07-Nov-2022 18:23:44.496 정보 [main] org.apache.catalina.core.ApplicationContext.log ContextListener: attributeAdded('StockTicker', 'async.Stockticker@7690781')
07-Nov-2022 19:06:41.314 정보 [main] org.apache.catalina.core.ApplicationContext.log ContextListener: contextInitialized()
07-Nov-2022 19:06:41.314 정보 [main] org.apache.catalina.core.ApplicationContext.log SessionListener: contextInitialized()
07-Nov-2022 19:06:41.316 정보 [main] org.apache.catalina.core.ApplicationContext.log ContextListener: attributeAdded('StockTicker', 'async.Stockticker@7690781')
